[1.886s] DEBUG:colcon:Command line arguments: ['/usr/bin/colcon', 'build']
[1.886s] DEBUG:colcon:Parsed command line arguments: Namespace(log_base=None, log_level=None, verb_name='build', build_base='build', install_base='install', merge_install=False, symlink_install=False, test_result_base=None, continue_on_error=False, executor='parallel', parallel_workers=8, event_handlers=None, ignore_user_meta=False, metas=['./colcon.meta'], base_paths=['.'], packages_ignore=None, packages_ignore_regex=None, paths=None, packages_up_to=None, packages_up_to_regex=None, packages_above=None, packages_above_and_dependencies=None, packages_above_depth=None, packages_select_by_dep=None, packages_skip_by_dep=None, packages_skip_up_to=None, packages_select_build_failed=False, packages_skip_build_finished=False, packages_select_test_failures=False, packages_skip_test_passed=False, packages_select=None, packages_skip=None, packages_select_regex=None, packages_skip_regex=None, packages_start=None, packages_end=None, allow_overriding=[], cmake_args=None, cmake_target=None, cmake_target_skip_unavailable=False, cmake_clean_cache=False, cmake_clean_first=False, cmake_force_configure=False, ament_cmake_args=None, catkin_cmake_args=None, catkin_skip_building_tests=False, verb_parser=<colcon_defaults.argument_parser.defaults.DefaultArgumentsDecorator object at 0x7fb028de8670>, verb_extension=<colcon_core.verb.build.BuildVerb object at 0x7fb029117100>, main=<bound method BuildVerb.main of <colcon_core.verb.build.BuildVerb object at 0x7fb029117100>>)
[1.996s] Level 1:colcon.colcon_core.package_discovery:discover_packages(colcon_meta) check parameters
[1.997s] Level 1:colcon.colcon_core.package_discovery:discover_packages(recursive) check parameters
[1.997s] Level 1:colcon.colcon_core.package_discovery:discover_packages(ignore) check parameters
[1.997s] Level 1:colcon.colcon_core.package_discovery:discover_packages(path) check parameters
[1.997s] Level 1:colcon.colcon_core.package_discovery:discover_packages(colcon_meta) discover
[1.997s] Level 1:colcon.colcon_core.package_discovery:discover_packages(recursive) discover
[1.997s] INFO:colcon.colcon_core.package_discovery:Crawling recursively for packages in '/home/jayboi/serial_ws/build'
[1.997s] Level 1:colcon.colcon_core.package_identification:_identify(.) by extensions ['ignore', 'ignore_ament_install']
[1.997s] Level 1:colcon.colcon_core.package_identification:_identify(.) by extension 'ignore'
[1.997s] Level 1:colcon.colcon_core.package_identification:_identify(.) ignored
[1.998s] Level 1:colcon.colcon_core.package_discovery:discover_packages(recursive) using defaults
[1.998s] Level 1:colcon.colcon_core.package_discovery:discover_packages(ignore) discover
[1.998s] Level 1:colcon.colcon_core.package_discovery:discover_packages(ignore) using defaults
[1.998s] Level 1:colcon.colcon_core.package_discovery:discover_packages(path) discover
[1.998s] Level 1:colcon.colcon_core.package_discovery:discover_packages(path) using defaults
[2.079s] Level 1:colcon.colcon_core.package_discovery:discover_packages(prefix_path) check parameters
[2.079s] Level 1:colcon.colcon_core.package_discovery:discover_packages(prefix_path) discover
[2.090s] Level 1:colcon.colcon_core.package_discovery:discover_packages(prefix_path) using defaults
[2.105s] INFO:colcon.colcon_core.executor:Executing jobs using 'parallel' executor
[2.112s] DEBUG:colcon.colcon_parallel_executor.executor.parallel:run_until_complete
[2.113s] DEBUG:colcon.colcon_parallel_executor.executor.parallel:closing loop
[2.113s] DEBUG:colcon.colcon_parallel_executor.executor.parallel:loop closed
[2.113s] DEBUG:colcon.colcon_parallel_executor.executor.parallel:run_until_complete finished with '0'
[2.113s] DEBUG:colcon.colcon_core.event_reactor:joining thread
[2.251s] INFO:colcon.colcon_core.plugin_system:Skipping extension 'colcon_notification.desktop_notification.notify_send': Could not find 'notify-send'
[2.251s] INFO:colcon.colcon_core.plugin_system:Skipping extension 'colcon_notification.desktop_notification.terminal_notifier': Not used on non-Darwin systems
[2.251s] INFO:colcon.colcon_core.plugin_system:Skipping extension 'colcon_notification.desktop_notification.win32': Not used on non-Windows systems
[2.251s] INFO:colcon.colcon_notification.desktop_notification:Sending desktop notification using 'notify2'
[2.252s] DEBUG:colcon.colcon_notification.desktop_notification.notify2:Failed to initialize notify2: org.freedesktop.DBus.Error.FileNotFound: Failed to connect to socket /run/user/1000/bus: No such file or directory
[2.252s] DEBUG:colcon.colcon_core.event_reactor:joined thread
[2.278s] INFO:colcon.colcon_core.plugin_system:Skipping extension 'colcon_core.shell.bat': Not used on non-Windows systems
[2.278s] INFO:colcon.colcon_core.shell:Creating prefix script '/home/jayboi/serial_ws/build/install/local_setup.ps1'
[2.280s] INFO:colcon.colcon_core.shell:Creating prefix util module '/home/jayboi/serial_ws/build/install/_local_setup_util_ps1.py'
[2.283s] INFO:colcon.colcon_core.shell:Creating prefix chain script '/home/jayboi/serial_ws/build/install/setup.ps1'
[2.298s] INFO:colcon.colcon_core.shell:Creating prefix script '/home/jayboi/serial_ws/build/install/local_setup.sh'
[2.299s] INFO:colcon.colcon_core.shell:Creating prefix util module '/home/jayboi/serial_ws/build/install/_local_setup_util_sh.py'
[2.300s] INFO:colcon.colcon_core.shell:Creating prefix chain script '/home/jayboi/serial_ws/build/install/setup.sh'
[2.321s] INFO:colcon.colcon_core.shell:Creating prefix script '/home/jayboi/serial_ws/build/install/local_setup.bash'
[2.324s] INFO:colcon.colcon_core.shell:Creating prefix chain script '/home/jayboi/serial_ws/build/install/setup.bash'
[2.356s] INFO:colcon.colcon_core.shell:Creating prefix script '/home/jayboi/serial_ws/build/install/local_setup.zsh'
[2.359s] INFO:colcon.colcon_core.shell:Creating prefix chain script '/home/jayboi/serial_ws/build/install/setup.zsh'
