[0.055s] Invoking command in '/home/jayboi/serial_ws/build/arduino_communication': /usr/bin/cmake /home/jayboi/serial_ws/src/arduino_communication -DCMAKE_INSTALL_PREFIX=/home/jayboi/serial_ws/install/arduino_communication
[0.448s] -- The C compiler identification is GNU 11.4.0
[1.478s] -- The CXX compiler identification is GNU 11.4.0
[2.340s] -- Detecting C compiler ABI info
[2.661s] -- Detecting C compiler ABI info - done
[2.669s] -- Check for working C compiler: /usr/bin/cc - skipped
[2.687s] -- Detecting C compile features
[2.688s] -- Detecting C compile features - done
[2.695s] -- Detecting CXX compiler ABI info
[2.887s] -- Detecting CXX compiler ABI info - done
[2.899s] -- Check for working CXX compiler: /usr/bin/c++ - skipped
[2.899s] -- Detecting CXX compile features
[2.900s] -- Detecting CXX compile features - done
[2.912s] -- Found ament_cmake: 1.3.7 (/opt/ros/humble/share/ament_cmake/cmake)
[3.118s] -- Found Python3: /usr/bin/python3.10 (found version "3.10.12") found components: Interpreter 
[3.230s] -- Found rclcpp: 16.0.8 (/opt/ros/humble/share/rclcpp/cmake)
[3.493s] -- Found rosidl_generator_c: 3.1.5 (/opt/ros/humble/share/rosidl_generator_c/cmake)
[3.502s] -- Found rosidl_adapter: 3.1.5 (/opt/ros/humble/share/rosidl_adapter/cmake)
[3.519s] -- Found rosidl_generator_cpp: 3.1.5 (/opt/ros/humble/share/rosidl_generator_cpp/cmake)
[3.543s] -- Using all available rosidl_typesupport_c: rosidl_typesupport_fastrtps_c;rosidl_typesupport_introspection_c
[3.575s] -- Using all available rosidl_typesupport_cpp: rosidl_typesupport_fastrtps_cpp;rosidl_typesupport_introspection_cpp
[3.872s] -- Found rmw_implementation_cmake: 6.1.1 (/opt/ros/humble/share/rmw_implementation_cmake/cmake)
[3.877s] -- Found rmw_fastrtps_cpp: 6.2.6 (/opt/ros/humble/share/rmw_fastrtps_cpp/cmake)
[5.525s] -- Found OpenSSL: /usr/lib/x86_64-linux-gnu/libcrypto.so (found version "3.0.2")  
[8.637s] -- Found FastRTPS: /opt/ros/humble/include  
[17.750s] -- Using RMW implementation 'rmw_fastrtps_cpp' as default
[17.786s] -- Looking for pthread.h
[18.044s] -- Looking for pthread.h - found
[18.044s] -- Performing Test CMAKE_HAVE_LIBC_PTHREAD
[18.208s] -- Performing Test CMAKE_HAVE_LIBC_PTHREAD - Success
[18.209s] -- Found Threads: TRUE  
[20.961s] [31mCMake Error at CMakeLists.txt:12 (find_package):
[20.961s]   By not providing "Findserial.cmake" in CMAKE_MODULE_PATH this project has
[20.961s]   asked CMake to find a package configuration file provided by "serial", but
[20.962s]   CMake did not find one.
[20.962s] 
[20.962s]   Could not find a package configuration file provided by "serial" with any
[20.962s]   of the following names:
[20.962s] 
[20.962s]     serialConfig.cmake
[20.963s]     serial-config.cmake
[20.963s] 
[20.963s]   Add the installation prefix of "serial" to CMAKE_PREFIX_PATH or set
[20.963s]   "serial_DIR" to a directory containing one of the above files.  If "serial"
[20.963s]   provides a separate development package or SDK, be sure it has been
[20.963s]   installed.
[20.964s] 
[20.964s] [0m
[20.964s] -- Configuring incomplete, errors occurred!
[20.964s] See also "/home/jayboi/serial_ws/build/arduino_communication/CMakeFiles/CMakeOutput.log".
[20.979s] Invoked command in '/home/jayboi/serial_ws/build/arduino_communication' returned '1': /usr/bin/cmake /home/jayboi/serial_ws/src/arduino_communication -DCMAKE_INSTALL_PREFIX=/home/jayboi/serial_ws/install/arduino_communication
