[0.049s] Invoking command in '/home/jayboi/serial_ws/build/arduino_communication': CMAKE_PREFIX_PATH=/opt/ros/humble /usr/bin/cmake /home/jayboi/serial_ws/src/arduino_communication -DCMAKE_INSTALL_PREFIX=/home/jayboi/serial_ws/install/arduino_communication
[0.059s] -- Found ament_cmake: 1.3.7 (/opt/ros/humble/share/ament_cmake/cmake)
[0.288s] -- Found rclcpp: 16.0.8 (/opt/ros/humble/share/rclcpp/cmake)
[0.409s] -- Found rosidl_generator_c: 3.1.5 (/opt/ros/humble/share/rosidl_generator_c/cmake)
[0.412s] -- Found rosidl_adapter: 3.1.5 (/opt/ros/humble/share/rosidl_adapter/cmake)
[0.418s] -- Found rosidl_generator_cpp: 3.1.5 (/opt/ros/humble/share/rosidl_generator_cpp/cmake)
[0.428s] -- Using all available rosidl_typesupport_c: rosidl_typesupport_fastrtps_c;rosidl_typesupport_introspection_c
[0.442s] -- Using all available rosidl_typesupport_cpp: rosidl_typesupport_fastrtps_cpp;rosidl_typesupport_introspection_cpp
[0.494s] -- Found rmw_implementation_cmake: 6.1.1 (/opt/ros/humble/share/rmw_implementation_cmake/cmake)
[0.496s] -- Found rmw_fastrtps_cpp: 6.2.6 (/opt/ros/humble/share/rmw_fastrtps_cpp/cmake)
[14.874s] -- Using RMW implementation 'rmw_fastrtps_cpp' as default
[15.044s] -- Found ament_lint_auto: 0.12.10 (/opt/ros/humble/share/ament_lint_auto/cmake)
[15.142s] -- Added test 'cppcheck' to perform static code analysis on C / C++ code
[15.143s] -- Configured cppcheck include dirs: /home/jayboi/serial_ws/src/arduino_communication/third-party/include
[15.143s] -- Configured cppcheck exclude dirs and/or files: 
[15.146s] -- Added test 'lint_cmake' to check CMake code style
[15.150s] -- Added test 'uncrustify' to check C / C++ code style
[15.150s] -- Configured uncrustify additional arguments: 
[15.152s] -- Added test 'xmllint' to check XML markup files
[15.159s] -- Configuring done
[15.166s] [31mCMake Error at CMakeLists.txt:24 (add_library):
[15.166s]   Cannot find source file:
[15.166s] 
[15.167s]     third-party/src/serial.cc
[15.167s] 
[15.168s]   Tried extensions .c .C .c++ .cc .cpp .cxx .cu .mpp .m .M .mm .ixx .cppm .h
[15.168s]   .hh .h++ .hm .hpp .hxx .in .txx .f .F .for .f77 .f90 .f95 .f03 .hip .ispc
[15.168s] 
[15.168s] [0m
[15.169s] [31mCMake Error at CMakeLists.txt:24 (add_library):
[15.169s]   No SOURCES given to target: serial
[15.169s] 
[15.169s] [0m
[15.170s] [0mCMake Generate step failed.  Build files cannot be regenerated correctly.[0m
[15.181s] Invoked command in '/home/jayboi/serial_ws/build/arduino_communication' returned '1': CMAKE_PREFIX_PATH=/opt/ros/humble /usr/bin/cmake /home/jayboi/serial_ws/src/arduino_communication -DCMAKE_INSTALL_PREFIX=/home/jayboi/serial_ws/install/arduino_communication
