[35m[1mConsolidate compiler generated dependencies of target serial[0m
[ 66%] Built target serial
[ 83%] [32mBuilding CXX object CMakeFiles/arduino_communication.dir/src/arduino_communication.cpp.o[0m
[100%] [32m[1mLinking CXX executable arduino_communication[0m
[100%] Built target arduino_communication
-- Install configuration: ""
-- Installing: /home/jayboi/serial_ws/install/arduino_communication/include/arduino_communication
-- Installing: /home/jayboi/serial_ws/install/arduino_communication/include/arduino_communication/arduino_communication
-- Installing: /home/jayboi/serial_ws/install/arduino_communication/share/ament_index/resource_index/package_run_dependencies/arduino_communication
-- Installing: /home/jayboi/serial_ws/install/arduino_communication/share/ament_index/resource_index/parent_prefix_path/arduino_communication
-- Installing: /home/jayboi/serial_ws/install/arduino_communication/share/arduino_communication/environment/ament_prefix_path.sh
-- Installing: /home/jayboi/serial_ws/install/arduino_communication/share/arduino_communication/environment/ament_prefix_path.dsv
-- Installing: /home/jayboi/serial_ws/install/arduino_communication/share/arduino_communication/environment/path.sh
-- Installing: /home/jayboi/serial_ws/install/arduino_communication/share/arduino_communication/environment/path.dsv
-- Installing: /home/jayboi/serial_ws/install/arduino_communication/share/arduino_communication/local_setup.bash
-- Installing: /home/jayboi/serial_ws/install/arduino_communication/share/arduino_communication/local_setup.sh
-- Installing: /home/jayboi/serial_ws/install/arduino_communication/share/arduino_communication/local_setup.zsh
-- Installing: /home/jayboi/serial_ws/install/arduino_communication/share/arduino_communication/local_setup.dsv
-- Installing: /home/jayboi/serial_ws/install/arduino_communication/share/arduino_communication/package.dsv
-- Installing: /home/jayboi/serial_ws/install/arduino_communication/share/ament_index/resource_index/packages/arduino_communication
-- Installing: /home/jayboi/serial_ws/install/arduino_communication/share/arduino_communication/cmake/ament_cmake_export_include_directories-extras.cmake
-- Installing: /home/jayboi/serial_ws/install/arduino_communication/share/arduino_communication/cmake/ament_cmake_export_dependencies-extras.cmake
-- Installing: /home/jayboi/serial_ws/install/arduino_communication/share/arduino_communication/cmake/arduino_communicationConfig.cmake
-- Installing: /home/jayboi/serial_ws/install/arduino_communication/share/arduino_communication/cmake/arduino_communicationConfig-version.cmake
-- Installing: /home/jayboi/serial_ws/install/arduino_communication/share/arduino_communication/package.xml
