[1.072s] DEBUG:colcon:Command line arguments: ['/usr/bin/colcon', 'build']
[1.072s] DEBUG:colcon:Parsed command line arguments: Namespace(log_base=None, log_level=None, verb_name='build', build_base='build', install_base='install', merge_install=False, symlink_install=False, test_result_base=None, continue_on_error=False, executor='parallel', parallel_workers=8, event_handlers=None, ignore_user_meta=False, metas=['./colcon.meta'], base_paths=['.'], packages_ignore=None, packages_ignore_regex=None, paths=None, packages_up_to=None, packages_up_to_regex=None, packages_above=None, packages_above_and_dependencies=None, packages_above_depth=None, packages_select_by_dep=None, packages_skip_by_dep=None, packages_skip_up_to=None, packages_select_build_failed=False, packages_skip_build_finished=False, packages_select_test_failures=False, packages_skip_test_passed=False, packages_select=None, packages_skip=None, packages_select_regex=None, packages_skip_regex=None, packages_start=None, packages_end=None, allow_overriding=[], cmake_args=None, cmake_target=None, cmake_target_skip_unavailable=False, cmake_clean_cache=False, cmake_clean_first=False, cmake_force_configure=False, ament_cmake_args=None, catkin_cmake_args=None, catkin_skip_building_tests=False, verb_parser=<colcon_defaults.argument_parser.defaults.DefaultArgumentsDecorator object at 0x7f41fe1a3b20>, verb_extension=<colcon_core.verb.build.BuildVerb object at 0x7f41fe1a0c70>, main=<bound method BuildVerb.main of <colcon_core.verb.build.BuildVerb object at 0x7f41fe1a0c70>>)
[1.130s] Level 1:colcon.colcon_core.package_discovery:discover_packages(colcon_meta) check parameters
[1.130s] Level 1:colcon.colcon_core.package_discovery:discover_packages(recursive) check parameters
[1.130s] Level 1:colcon.colcon_core.package_discovery:discover_packages(ignore) check parameters
[1.130s] Level 1:colcon.colcon_core.package_discovery:discover_packages(path) check parameters
[1.130s] Level 1:colcon.colcon_core.package_discovery:discover_packages(colcon_meta) discover
[1.130s] Level 1:colcon.colcon_core.package_discovery:discover_packages(recursive) discover
[1.130s] INFO:colcon.colcon_core.package_discovery:Crawling recursively for packages in '/home/jayboi/serial_ws'
[1.130s] Level 1:colcon.colcon_core.package_identification:_identify(.) by extensions ['ignore', 'ignore_ament_install']
[1.130s] Level 1:colcon.colcon_core.package_identification:_identify(.) by extension 'ignore'
[1.130s] Level 1:colcon.colcon_core.package_identification:_identify(.) by extension 'ignore_ament_install'
[1.131s] Level 1:colcon.colcon_core.package_identification:_identify(.) by extensions ['colcon_pkg']
[1.131s] Level 1:colcon.colcon_core.package_identification:_identify(.) by extension 'colcon_pkg'
[1.131s] Level 1:colcon.colcon_core.package_identification:_identify(.) by extensions ['colcon_meta']
[1.131s] Level 1:colcon.colcon_core.package_identification:_identify(.) by extension 'colcon_meta'
[1.131s] Level 1:colcon.colcon_core.package_identification:_identify(.) by extensions ['ros']
[1.131s] Level 1:colcon.colcon_core.package_identification:_identify(.) by extension 'ros'
[1.141s] Level 1:colcon.colcon_core.package_identification:_identify(.) by extensions ['cmake', 'python']
[1.141s] Level 1:colcon.colcon_core.package_identification:_identify(.) by extension 'cmake'
[1.141s] Level 1:colcon.colcon_core.package_identification:_identify(.) by extension 'python'
[1.141s] Level 1:colcon.colcon_core.package_identification:_identify(.) by extensions ['python_setup_py']
[1.141s] Level 1:colcon.colcon_core.package_identification:_identify(.) by extension 'python_setup_py'
[1.141s] Level 1:colcon.colcon_core.package_identification:_identify(build) by extensions ['ignore', 'ignore_ament_install']
[1.141s] Level 1:colcon.colcon_core.package_identification:_identify(build) by extension 'ignore'
[1.141s] Level 1:colcon.colcon_core.package_identification:_identify(build) ignored
[1.141s] Level 1:colcon.colcon_core.package_identification:_identify(install) by extensions ['ignore', 'ignore_ament_install']
[1.142s] Level 1:colcon.colcon_core.package_identification:_identify(install) by extension 'ignore'
[1.142s] Level 1:colcon.colcon_core.package_identification:_identify(install) ignored
[1.142s] Level 1:colcon.colcon_core.package_identification:_identify(log) by extensions ['ignore', 'ignore_ament_install']
[1.142s] Level 1:colcon.colcon_core.package_identification:_identify(log) by extension 'ignore'
[1.142s] Level 1:colcon.colcon_core.package_identification:_identify(log) ignored
[1.142s] Level 1:colcon.colcon_core.package_identification:_identify(src) by extensions ['ignore', 'ignore_ament_install']
[1.142s] Level 1:colcon.colcon_core.package_identification:_identify(src) by extension 'ignore'
[1.142s] Level 1:colcon.colcon_core.package_identification:_identify(src) by extension 'ignore_ament_install'
[1.142s] Level 1:colcon.colcon_core.package_identification:_identify(src) by extensions ['colcon_pkg']
[1.142s] Level 1:colcon.colcon_core.package_identification:_identify(src) by extension 'colcon_pkg'
[1.142s] Level 1:colcon.colcon_core.package_identification:_identify(src) by extensions ['colcon_meta']
[1.142s] Level 1:colcon.colcon_core.package_identification:_identify(src) by extension 'colcon_meta'
[1.142s] Level 1:colcon.colcon_core.package_identification:_identify(src) by extensions ['ros']
[1.142s] Level 1:colcon.colcon_core.package_identification:_identify(src) by extension 'ros'
[1.143s] Level 1:colcon.colcon_core.package_identification:_identify(src) by extensions ['cmake', 'python']
[1.143s] Level 1:colcon.colcon_core.package_identification:_identify(src) by extension 'cmake'
[1.143s] Level 1:colcon.colcon_core.package_identification:_identify(src) by extension 'python'
[1.143s] Level 1:colcon.colcon_core.package_identification:_identify(src) by extensions ['python_setup_py']
[1.143s] Level 1:colcon.colcon_core.package_identification:_identify(src) by extension 'python_setup_py'
[1.143s] Level 1:colcon.colcon_core.package_identification:_identify(src/arduino_communication) by extensions ['ignore', 'ignore_ament_install']
[1.143s] Level 1:colcon.colcon_core.package_identification:_identify(src/arduino_communication) by extension 'ignore'
[1.143s] Level 1:colcon.colcon_core.package_identification:_identify(src/arduino_communication) by extension 'ignore_ament_install'
[1.143s] Level 1:colcon.colcon_core.package_identification:_identify(src/arduino_communication) by extensions ['colcon_pkg']
[1.143s] Level 1:colcon.colcon_core.package_identification:_identify(src/arduino_communication) by extension 'colcon_pkg'
[1.143s] Level 1:colcon.colcon_core.package_identification:_identify(src/arduino_communication) by extensions ['colcon_meta']
[1.143s] Level 1:colcon.colcon_core.package_identification:_identify(src/arduino_communication) by extension 'colcon_meta'
[1.143s] Level 1:colcon.colcon_core.package_identification:_identify(src/arduino_communication) by extensions ['ros']
[1.143s] Level 1:colcon.colcon_core.package_identification:_identify(src/arduino_communication) by extension 'ros'
[1.145s] DEBUG:colcon.colcon_core.package_identification:Package 'src/arduino_communication' with type 'ros.ament_cmake' and name 'arduino_communication'
[1.145s] Level 1:colcon.colcon_core.package_discovery:discover_packages(recursive) using defaults
[1.146s] Level 1:colcon.colcon_core.package_discovery:discover_packages(ignore) discover
[1.146s] Level 1:colcon.colcon_core.package_discovery:discover_packages(ignore) using defaults
[1.146s] Level 1:colcon.colcon_core.package_discovery:discover_packages(path) discover
[1.146s] Level 1:colcon.colcon_core.package_discovery:discover_packages(path) using defaults
[1.226s] Level 1:colcon.colcon_core.package_discovery:discover_packages(prefix_path) check parameters
[1.226s] Level 1:colcon.colcon_core.package_discovery:discover_packages(prefix_path) discover
[1.254s] DEBUG:colcon.colcon_installed_package_information.package_discovery:Found 270 installed packages in /opt/ros/humble
[1.255s] Level 1:colcon.colcon_core.package_discovery:discover_packages(prefix_path) using defaults
[1.371s] Level 5:colcon.colcon_core.verb:set package 'arduino_communication' build argument 'cmake_args' from command line to 'None'
[1.371s] Level 5:colcon.colcon_core.verb:set package 'arduino_communication' build argument 'cmake_target' from command line to 'None'
[1.371s] Level 5:colcon.colcon_core.verb:set package 'arduino_communication' build argument 'cmake_target_skip_unavailable' from command line to 'False'
[1.371s] Level 5:colcon.colcon_core.verb:set package 'arduino_communication' build argument 'cmake_clean_cache' from command line to 'False'
[1.371s] Level 5:colcon.colcon_core.verb:set package 'arduino_communication' build argument 'cmake_clean_first' from command line to 'False'
[1.371s] Level 5:colcon.colcon_core.verb:set package 'arduino_communication' build argument 'cmake_force_configure' from command line to 'False'
[1.371s] Level 5:colcon.colcon_core.verb:set package 'arduino_communication' build argument 'ament_cmake_args' from command line to 'None'
[1.371s] Level 5:colcon.colcon_core.verb:set package 'arduino_communication' build argument 'catkin_cmake_args' from command line to 'None'
[1.372s] Level 5:colcon.colcon_core.verb:set package 'arduino_communication' build argument 'catkin_skip_building_tests' from command line to 'False'
[1.372s] DEBUG:colcon.colcon_core.verb:Building package 'arduino_communication' with the following arguments: {'ament_cmake_args': None, 'build_base': '/home/jayboi/serial_ws/build/arduino_communication', 'catkin_cmake_args': None, 'catkin_skip_building_tests': False, 'cmake_args': None, 'cmake_clean_cache': False, 'cmake_clean_first': False, 'cmake_force_configure': False, 'cmake_target': None, 'cmake_target_skip_unavailable': False, 'install_base': '/home/jayboi/serial_ws/install/arduino_communication', 'merge_install': False, 'path': '/home/jayboi/serial_ws/src/arduino_communication', 'symlink_install': False, 'test_result_base': None}
[1.384s] INFO:colcon.colcon_core.executor:Executing jobs using 'parallel' executor
[1.398s] DEBUG:colcon.colcon_parallel_executor.executor.parallel:run_until_complete
[1.398s] INFO:colcon.colcon_ros.task.ament_cmake.build:Building ROS package in '/home/jayboi/serial_ws/src/arduino_communication' with build type 'ament_cmake'
[1.398s] INFO:colcon.colcon_cmake.task.cmake.build:Building CMake package in '/home/jayboi/serial_ws/src/arduino_communication'
[1.412s] INFO:colcon.colcon_core.plugin_system:Skipping extension 'colcon_core.shell.bat': Not used on non-Windows systems
[1.412s] INFO:colcon.colcon_core.shell:Skip shell extension 'powershell' for command environment: Not usable outside of PowerShell
[1.412s] DEBUG:colcon.colcon_core.shell:Skip shell extension 'dsv' for command environment
[1.448s] DEBUG:colcon.colcon_core.event_handler.log_command:Invoking command in '/home/jayboi/serial_ws/build/arduino_communication': CMAKE_PREFIX_PATH=/opt/ros/humble /usr/bin/cmake --build /home/jayboi/serial_ws/build/arduino_communication -- -j8 -l8
[2.389s] DEBUG:colcon.colcon_core.event_handler.log_command:Invoked command in '/home/jayboi/serial_ws/build/arduino_communication' returned '0': CMAKE_PREFIX_PATH=/opt/ros/humble /usr/bin/cmake --build /home/jayboi/serial_ws/build/arduino_communication -- -j8 -l8
[2.425s] DEBUG:colcon.colcon_core.event_handler.log_command:Invoking command in '/home/jayboi/serial_ws/build/arduino_communication': CMAKE_PREFIX_PATH=/opt/ros/humble /usr/bin/cmake --install /home/jayboi/serial_ws/build/arduino_communication
[2.442s] Level 1:colcon.colcon_core.environment:create_environment_scripts_only(arduino_communication)
[2.443s] DEBUG:colcon.colcon_core.event_handler.log_command:Invoked command in '/home/jayboi/serial_ws/build/arduino_communication' returned '0': CMAKE_PREFIX_PATH=/opt/ros/humble /usr/bin/cmake --install /home/jayboi/serial_ws/build/arduino_communication
[2.460s] Level 1:colcon.colcon_core.environment:checking '/home/jayboi/serial_ws/install/arduino_communication' for CMake module files
[2.460s] Level 1:colcon.colcon_core.environment:checking '/home/jayboi/serial_ws/install/arduino_communication' for CMake config files
[2.461s] Level 1:colcon.colcon_core.shell:create_environment_hook('arduino_communication', 'cmake_prefix_path')
[2.476s] INFO:colcon.colcon_core.shell:Creating environment hook '/home/jayboi/serial_ws/install/arduino_communication/share/arduino_communication/hook/cmake_prefix_path.ps1'
[2.478s] INFO:colcon.colcon_core.shell:Creating environment descriptor '/home/jayboi/serial_ws/install/arduino_communication/share/arduino_communication/hook/cmake_prefix_path.dsv'
[2.480s] INFO:colcon.colcon_core.shell:Creating environment hook '/home/jayboi/serial_ws/install/arduino_communication/share/arduino_communication/hook/cmake_prefix_path.sh'
[2.481s] Level 1:colcon.colcon_core.environment:checking '/home/jayboi/serial_ws/install/arduino_communication/bin'
[2.481s] Level 1:colcon.colcon_core.environment:checking '/home/jayboi/serial_ws/install/arduino_communication/lib/pkgconfig/arduino_communication.pc'
[2.482s] Level 1:colcon.colcon_core.environment:checking '/home/jayboi/serial_ws/install/arduino_communication/lib/python3.10/site-packages'
[2.482s] Level 1:colcon.colcon_core.environment:checking '/home/jayboi/serial_ws/install/arduino_communication/bin'
[2.496s] INFO:colcon.colcon_core.shell:Creating package script '/home/jayboi/serial_ws/install/arduino_communication/share/arduino_communication/package.ps1'
[2.497s] INFO:colcon.colcon_core.shell:Creating package descriptor '/home/jayboi/serial_ws/install/arduino_communication/share/arduino_communication/package.dsv'
[2.498s] INFO:colcon.colcon_core.shell:Creating package script '/home/jayboi/serial_ws/install/arduino_communication/share/arduino_communication/package.sh'
[2.498s] INFO:colcon.colcon_core.shell:Creating package script '/home/jayboi/serial_ws/install/arduino_communication/share/arduino_communication/package.bash'
[2.499s] INFO:colcon.colcon_core.shell:Creating package script '/home/jayboi/serial_ws/install/arduino_communication/share/arduino_communication/package.zsh'
[2.500s] Level 1:colcon.colcon_core.environment:create_file_with_runtime_dependencies(/home/jayboi/serial_ws/install/arduino_communication/share/colcon-core/packages/arduino_communication)
[2.551s] Level 1:colcon.colcon_core.environment:create_environment_scripts_only(arduino_communication)
[2.568s] Level 1:colcon.colcon_core.environment:checking '/home/jayboi/serial_ws/install/arduino_communication' for CMake module files
[2.569s] Level 1:colcon.colcon_core.environment:checking '/home/jayboi/serial_ws/install/arduino_communication' for CMake config files
[2.570s] Level 1:colcon.colcon_core.shell:create_environment_hook('arduino_communication', 'cmake_prefix_path')
[2.585s] INFO:colcon.colcon_core.shell:Creating environment hook '/home/jayboi/serial_ws/install/arduino_communication/share/arduino_communication/hook/cmake_prefix_path.ps1'
[2.585s] INFO:colcon.colcon_core.shell:Creating environment descriptor '/home/jayboi/serial_ws/install/arduino_communication/share/arduino_communication/hook/cmake_prefix_path.dsv'
[2.585s] INFO:colcon.colcon_core.shell:Creating environment hook '/home/jayboi/serial_ws/install/arduino_communication/share/arduino_communication/hook/cmake_prefix_path.sh'
[2.586s] Level 1:colcon.colcon_core.environment:checking '/home/jayboi/serial_ws/install/arduino_communication/bin'
[2.586s] Level 1:colcon.colcon_core.environment:checking '/home/jayboi/serial_ws/install/arduino_communication/lib/pkgconfig/arduino_communication.pc'
[2.586s] Level 1:colcon.colcon_core.environment:checking '/home/jayboi/serial_ws/install/arduino_communication/lib/python3.10/site-packages'
[2.586s] Level 1:colcon.colcon_core.environment:checking '/home/jayboi/serial_ws/install/arduino_communication/bin'
[2.600s] INFO:colcon.colcon_core.shell:Creating package script '/home/jayboi/serial_ws/install/arduino_communication/share/arduino_communication/package.ps1'
[2.601s] INFO:colcon.colcon_core.shell:Creating package descriptor '/home/jayboi/serial_ws/install/arduino_communication/share/arduino_communication/package.dsv'
[2.602s] INFO:colcon.colcon_core.shell:Creating package script '/home/jayboi/serial_ws/install/arduino_communication/share/arduino_communication/package.sh'
[2.603s] INFO:colcon.colcon_core.shell:Creating package script '/home/jayboi/serial_ws/install/arduino_communication/share/arduino_communication/package.bash'
[2.604s] INFO:colcon.colcon_core.shell:Creating package script '/home/jayboi/serial_ws/install/arduino_communication/share/arduino_communication/package.zsh'
[2.604s] Level 1:colcon.colcon_core.environment:create_file_with_runtime_dependencies(/home/jayboi/serial_ws/install/arduino_communication/share/colcon-core/packages/arduino_communication)
[2.604s] DEBUG:colcon.colcon_parallel_executor.executor.parallel:closing loop
[2.605s] DEBUG:colcon.colcon_parallel_executor.executor.parallel:loop closed
[2.606s] DEBUG:colcon.colcon_parallel_executor.executor.parallel:run_until_complete finished with '0'
[2.606s] DEBUG:colcon.colcon_core.event_reactor:joining thread
[2.682s] INFO:colcon.colcon_core.plugin_system:Skipping extension 'colcon_notification.desktop_notification.notify_send': Could not find 'notify-send'
[2.682s] INFO:colcon.colcon_core.plugin_system:Skipping extension 'colcon_notification.desktop_notification.terminal_notifier': Not used on non-Darwin systems
[2.682s] INFO:colcon.colcon_core.plugin_system:Skipping extension 'colcon_notification.desktop_notification.win32': Not used on non-Windows systems
[2.682s] INFO:colcon.colcon_notification.desktop_notification:Sending desktop notification using 'notify2'
[2.682s] DEBUG:colcon.colcon_notification.desktop_notification.notify2:Failed to initialize notify2: org.freedesktop.DBus.Error.FileNotFound: Failed to connect to socket /run/user/1000/bus: No such file or directory
[2.683s] DEBUG:colcon.colcon_core.event_reactor:joined thread
[2.699s] INFO:colcon.colcon_core.shell:Creating prefix script '/home/jayboi/serial_ws/install/local_setup.ps1'
[2.700s] INFO:colcon.colcon_core.shell:Creating prefix util module '/home/jayboi/serial_ws/install/_local_setup_util_ps1.py'
[2.702s] INFO:colcon.colcon_core.shell:Creating prefix chain script '/home/jayboi/serial_ws/install/setup.ps1'
[2.720s] INFO:colcon.colcon_core.shell:Creating prefix script '/home/jayboi/serial_ws/install/local_setup.sh'
[2.721s] INFO:colcon.colcon_core.shell:Creating prefix util module '/home/jayboi/serial_ws/install/_local_setup_util_sh.py'
[2.722s] INFO:colcon.colcon_core.shell:Creating prefix chain script '/home/jayboi/serial_ws/install/setup.sh'
[2.738s] INFO:colcon.colcon_core.shell:Creating prefix script '/home/jayboi/serial_ws/install/local_setup.bash'
[2.739s] INFO:colcon.colcon_core.shell:Creating prefix chain script '/home/jayboi/serial_ws/install/setup.bash'
[2.754s] INFO:colcon.colcon_core.shell:Creating prefix script '/home/jayboi/serial_ws/install/local_setup.zsh'
[2.755s] INFO:colcon.colcon_core.shell:Creating prefix chain script '/home/jayboi/serial_ws/install/setup.zsh'
