[0.043s] Invoking command in '/home/marcus/diffdrive_arduino/build/diffdrive_arduino': CMAKE_PREFIX_PATH=${CMAKE_PREFIX_PATH}:/opt/ros/humble /usr/bin/cmake --build /home/marcus/diffdrive_arduino/build/diffdrive_arduino -- -j16 -l16
[0.070s] [ 50%] [32mBuilding CXX object CMakeFiles/diffdrive_arduino.dir/hardware/diffbot_system.cpp.o[0m
[0.538s] In file included from [01m[K/home/marcus/diffdrive_arduino/hardware/include/diffdrive_arduino/diffbot_system.hpp:34[m[K,
[0.538s]                  from [01m[K/home/marcus/diffdrive_arduino/hardware/diffbot_system.cpp:15[m[K:
[0.538s] [01m[K/home/marcus/diffdrive_arduino/hardware/include/diffdrive_arduino/arduino_comms.hpp:[m[K In member function ‘[01m[Kvoid ArduinoComms::read_encoder_values(int&, int&)[m[K’:
[0.538s] [01m[K/home/marcus/diffdrive_arduino/hardware/include/diffdrive_arduino/arduino_comms.hpp:88:33:[m[K [01;35m[Kwarning: [m[Kunused parameter ‘[01m[Kval_1[m[K’ [[01;35m[K]8;;https://gcc.gnu.org/onlinedocs/gcc/Warning-Options.html#index-Wunused-parameter-Wunused-parameter]8;;[m[K]
[0.538s]    88 |   void read_encoder_values([01;35m[Kint &val_1[m[K, int &val_2)
[0.538s]       |                            [01;35m[K~~~~~^~~~~[m[K
[0.538s] [01m[K/home/marcus/diffdrive_arduino/hardware/include/diffdrive_arduino/arduino_comms.hpp:88:45:[m[K [01;35m[Kwarning: [m[Kunused parameter ‘[01m[Kval_2[m[K’ [[01;35m[K]8;;https://gcc.gnu.org/onlinedocs/gcc/Warning-Options.html#index-Wunused-parameter-Wunused-parameter]8;;[m[K]
[0.538s]    88 |   void read_encoder_values(int &val_1, [01;35m[Kint &val_2[m[K)
[0.538s]       |                                        [01;35m[K~~~~~^~~~~[m[K
[2.347s] [100%] [32m[1mLinking CXX shared library libdiffdrive_arduino.so[0m
[2.493s] [100%] Built target diffdrive_arduino
[2.499s] Invoked command in '/home/marcus/diffdrive_arduino/build/diffdrive_arduino' returned '0': CMAKE_PREFIX_PATH=${CMAKE_PREFIX_PATH}:/opt/ros/humble /usr/bin/cmake --build /home/marcus/diffdrive_arduino/build/diffdrive_arduino -- -j16 -l16
[2.519s] Invoking command in '/home/marcus/diffdrive_arduino/build/diffdrive_arduino': CMAKE_PREFIX_PATH=${CMAKE_PREFIX_PATH}:/opt/ros/humble /usr/bin/cmake --install /home/marcus/diffdrive_arduino/build/diffdrive_arduino
[2.522s] -- Install configuration: ""
[2.522s] -- Execute custom install script
[2.523s] -- Up-to-date symlink: /home/marcus/diffdrive_arduino/install/diffdrive_arduino/share/diffdrive_arduino//diffdrive_arduino.xml
[2.523s] -- Up-to-date symlink: /home/marcus/diffdrive_arduino/install/diffdrive_arduino/include/diffdrive_arduino/diffdrive_arduino/arduino_comms.hpp
[2.523s] -- Up-to-date symlink: /home/marcus/diffdrive_arduino/install/diffdrive_arduino/include/diffdrive_arduino/diffdrive_arduino/diffbot_system.hpp
[2.523s] -- Up-to-date symlink: /home/marcus/diffdrive_arduino/install/diffdrive_arduino/include/diffdrive_arduino/diffdrive_arduino/visibility_control.h
[2.523s] -- Up-to-date symlink: /home/marcus/diffdrive_arduino/install/diffdrive_arduino/include/diffdrive_arduino/diffdrive_arduino/wheel.hpp
[2.523s] -- Up-to-date symlink: /home/marcus/diffdrive_arduino/install/diffdrive_arduino/share/diffdrive_arduino/launch/view_robot.launch.py
[2.524s] -- Up-to-date symlink: /home/marcus/diffdrive_arduino/install/diffdrive_arduino/share/diffdrive_arduino/ros2_control/diffbot.ros2_control.xacro
[2.524s] -- Up-to-date symlink: /home/marcus/diffdrive_arduino/install/diffdrive_arduino/share/diffdrive_arduino/urdf/diffbot.materials.xacro
[2.524s] -- Up-to-date symlink: /home/marcus/diffdrive_arduino/install/diffdrive_arduino/share/diffdrive_arduino/urdf/diffbot.urdf.xacro
[2.524s] -- Up-to-date symlink: /home/marcus/diffdrive_arduino/install/diffdrive_arduino/share/diffdrive_arduino/urdf/diffbot_description.urdf.xacro
[2.524s] -- Up-to-date symlink: /home/marcus/diffdrive_arduino/install/diffdrive_arduino/share/diffdrive_arduino/rviz/diffbot.rviz
[2.524s] -- Up-to-date symlink: /home/marcus/diffdrive_arduino/install/diffdrive_arduino/share/diffdrive_arduino/rviz/diffbot_view.rviz
[2.525s] -- Up-to-date symlink: /home/marcus/diffdrive_arduino/install/diffdrive_arduino/share/diffdrive_arduino/launch/diffbot.launch.py
[2.525s] -- Up-to-date symlink: /home/marcus/diffdrive_arduino/install/diffdrive_arduino/share/diffdrive_arduino/config/diffbot_controllers.yaml
[2.525s] -- Up-to-date symlink: /home/marcus/diffdrive_arduino/install/diffdrive_arduino/share/diffdrive_arduino/environment/library_path.sh
[2.525s] -- Up-to-date symlink: /home/marcus/diffdrive_arduino/install/diffdrive_arduino/share/diffdrive_arduino/environment/library_path.dsv
[2.525s] -- Up-to-date symlink: /home/marcus/diffdrive_arduino/install/diffdrive_arduino/share/ament_index/resource_index/package_run_dependencies/diffdrive_arduino
[2.525s] -- Up-to-date symlink: /home/marcus/diffdrive_arduino/install/diffdrive_arduino/share/ament_index/resource_index/parent_prefix_path/diffdrive_arduino
[2.525s] -- Up-to-date symlink: /home/marcus/diffdrive_arduino/install/diffdrive_arduino/share/diffdrive_arduino/environment/ament_prefix_path.sh
[2.525s] -- Up-to-date symlink: /home/marcus/diffdrive_arduino/install/diffdrive_arduino/share/diffdrive_arduino/environment/ament_prefix_path.dsv
[2.526s] -- Up-to-date symlink: /home/marcus/diffdrive_arduino/install/diffdrive_arduino/share/diffdrive_arduino/environment/path.sh
[2.526s] -- Up-to-date symlink: /home/marcus/diffdrive_arduino/install/diffdrive_arduino/share/diffdrive_arduino/environment/path.dsv
[2.526s] -- Up-to-date symlink: /home/marcus/diffdrive_arduino/install/diffdrive_arduino/share/diffdrive_arduino/local_setup.bash
[2.526s] -- Up-to-date symlink: /home/marcus/diffdrive_arduino/install/diffdrive_arduino/share/diffdrive_arduino/local_setup.sh
[2.526s] -- Up-to-date symlink: /home/marcus/diffdrive_arduino/install/diffdrive_arduino/share/diffdrive_arduino/local_setup.zsh
[2.526s] -- Up-to-date symlink: /home/marcus/diffdrive_arduino/install/diffdrive_arduino/share/diffdrive_arduino/local_setup.dsv
[2.526s] -- Symlinking: /home/marcus/diffdrive_arduino/install/diffdrive_arduino/share/diffdrive_arduino/package.dsv
[2.530s] -- Up-to-date symlink: /home/marcus/diffdrive_arduino/install/diffdrive_arduino/share/ament_index/resource_index/packages/diffdrive_arduino
[2.531s] -- Up-to-date symlink: /home/marcus/diffdrive_arduino/install/diffdrive_arduino/share/ament_index/resource_index/hardware_interface__pluginlib__plugin/diffdrive_arduino
[2.531s] -- Up-to-date symlink: /home/marcus/diffdrive_arduino/install/diffdrive_arduino/share/diffdrive_arduino/cmake/ament_cmake_export_targets-extras.cmake
[2.531s] -- Up-to-date symlink: /home/marcus/diffdrive_arduino/install/diffdrive_arduino/share/diffdrive_arduino/cmake/ament_cmake_export_dependencies-extras.cmake
[2.531s] -- Up-to-date symlink: /home/marcus/diffdrive_arduino/install/diffdrive_arduino/share/diffdrive_arduino/cmake/diffdrive_arduinoConfig.cmake
[2.531s] -- Up-to-date symlink: /home/marcus/diffdrive_arduino/install/diffdrive_arduino/share/diffdrive_arduino/cmake/diffdrive_arduinoConfig-version.cmake
[2.531s] -- Up-to-date symlink: /home/marcus/diffdrive_arduino/install/diffdrive_arduino/share/diffdrive_arduino/package.xml
[2.531s] -- Installing: /home/marcus/diffdrive_arduino/install/diffdrive_arduino/lib/libdiffdrive_arduino.so
[2.531s] -- Set runtime path of "/home/marcus/diffdrive_arduino/install/diffdrive_arduino/lib/libdiffdrive_arduino.so" to ""
[2.531s] -- Up-to-date: /home/marcus/diffdrive_arduino/install/diffdrive_arduino/share/diffdrive_arduino/cmake/export_diffdrive_arduinoExport.cmake
[2.532s] -- Up-to-date: /home/marcus/diffdrive_arduino/install/diffdrive_arduino/share/diffdrive_arduino/cmake/export_diffdrive_arduinoExport-noconfig.cmake
[2.533s] Invoked command in '/home/marcus/diffdrive_arduino/build/diffdrive_arduino' returned '0': CMAKE_PREFIX_PATH=${CMAKE_PREFIX_PATH}:/opt/ros/humble /usr/bin/cmake --install /home/marcus/diffdrive_arduino/build/diffdrive_arduino
