[1.407s] DEBUG:colcon:Command line arguments: ['/usr/bin/colcon', 'build']
[1.407s] DEBUG:colcon:Parsed command line arguments: Namespace(log_base=None, log_level=None, verb_name='build', build_base='build', install_base='install', merge_install=False, symlink_install=False, test_result_base=None, continue_on_error=False, executor='parallel', parallel_workers=8, event_handlers=None, ignore_user_meta=False, metas=['./colcon.meta'], base_paths=['.'], packages_ignore=None, packages_ignore_regex=None, paths=None, packages_up_to=None, packages_up_to_regex=None, packages_above=None, packages_above_and_dependencies=None, packages_above_depth=None, packages_select_by_dep=None, packages_skip_by_dep=None, packages_skip_up_to=None, packages_select_build_failed=False, packages_skip_build_finished=False, packages_select_test_failures=False, packages_skip_test_passed=False, packages_select=None, packages_skip=None, packages_select_regex=None, packages_skip_regex=None, packages_start=None, packages_end=None, allow_overriding=[], cmake_args=None, cmake_target=None, cmake_target_skip_unavailable=False, cmake_clean_cache=False, cmake_clean_first=False, cmake_force_configure=False, ament_cmake_args=None, catkin_cmake_args=None, catkin_skip_building_tests=False, verb_parser=<colcon_defaults.argument_parser.defaults.DefaultArgumentsDecorator object at 0x7fe46492d240>, verb_extension=<colcon_core.verb.build.BuildVerb object at 0x7fe464921cc0>, main=<bound method BuildVerb.main of <colcon_core.verb.build.BuildVerb object at 0x7fe464921cc0>>)
[1.447s] Level 1:colcon.colcon_core.package_discovery:discover_packages(colcon_meta) check parameters
[1.448s] Level 1:colcon.colcon_core.package_discovery:discover_packages(recursive) check parameters
[1.448s] Level 1:colcon.colcon_core.package_discovery:discover_packages(ignore) check parameters
[1.448s] Level 1:colcon.colcon_core.package_discovery:discover_packages(path) check parameters
[1.448s] Level 1:colcon.colcon_core.package_discovery:discover_packages(colcon_meta) discover
[1.448s] Level 1:colcon.colcon_core.package_discovery:discover_packages(recursive) discover
[1.448s] INFO:colcon.colcon_core.package_discovery:Crawling recursively for packages in '/home/jayboi/serial_ws'
[1.448s] Level 1:colcon.colcon_core.package_identification:_identify(.) by extensions ['ignore', 'ignore_ament_install']
[1.448s] Level 1:colcon.colcon_core.package_identification:_identify(.) by extension 'ignore'
[1.448s] Level 1:colcon.colcon_core.package_identification:_identify(.) by extension 'ignore_ament_install'
[1.448s] Level 1:colcon.colcon_core.package_identification:_identify(.) by extensions ['colcon_pkg']
[1.448s] Level 1:colcon.colcon_core.package_identification:_identify(.) by extension 'colcon_pkg'
[1.448s] Level 1:colcon.colcon_core.package_identification:_identify(.) by extensions ['colcon_meta']
[1.448s] Level 1:colcon.colcon_core.package_identification:_identify(.) by extension 'colcon_meta'
[1.449s] Level 1:colcon.colcon_core.package_identification:_identify(.) by extensions ['ros']
[1.449s] Level 1:colcon.colcon_core.package_identification:_identify(.) by extension 'ros'
[1.460s] Level 1:colcon.colcon_core.package_identification:_identify(.) by extensions ['cmake', 'python']
[1.460s] Level 1:colcon.colcon_core.package_identification:_identify(.) by extension 'cmake'
[1.460s] Level 1:colcon.colcon_core.package_identification:_identify(.) by extension 'python'
[1.460s] Level 1:colcon.colcon_core.package_identification:_identify(.) by extensions ['python_setup_py']
[1.460s] Level 1:colcon.colcon_core.package_identification:_identify(.) by extension 'python_setup_py'
[1.461s] Level 1:colcon.colcon_core.package_identification:_identify(build) by extensions ['ignore', 'ignore_ament_install']
[1.461s] Level 1:colcon.colcon_core.package_identification:_identify(build) by extension 'ignore'
[1.461s] Level 1:colcon.colcon_core.package_identification:_identify(build) ignored
[1.461s] Level 1:colcon.colcon_core.package_identification:_identify(install) by extensions ['ignore', 'ignore_ament_install']
[1.461s] Level 1:colcon.colcon_core.package_identification:_identify(install) by extension 'ignore'
[1.461s] Level 1:colcon.colcon_core.package_identification:_identify(install) ignored
[1.461s] Level 1:colcon.colcon_core.package_identification:_identify(log) by extensions ['ignore', 'ignore_ament_install']
[1.461s] Level 1:colcon.colcon_core.package_identification:_identify(log) by extension 'ignore'
[1.461s] Level 1:colcon.colcon_core.package_identification:_identify(log) ignored
[1.461s] Level 1:colcon.colcon_core.package_identification:_identify(src) by extensions ['ignore', 'ignore_ament_install']
[1.461s] Level 1:colcon.colcon_core.package_identification:_identify(src) by extension 'ignore'
[1.461s] Level 1:colcon.colcon_core.package_identification:_identify(src) by extension 'ignore_ament_install'
[1.462s] Level 1:colcon.colcon_core.package_identification:_identify(src) by extensions ['colcon_pkg']
[1.462s] Level 1:colcon.colcon_core.package_identification:_identify(src) by extension 'colcon_pkg'
[1.462s] Level 1:colcon.colcon_core.package_identification:_identify(src) by extensions ['colcon_meta']
[1.462s] Level 1:colcon.colcon_core.package_identification:_identify(src) by extension 'colcon_meta'
[1.462s] Level 1:colcon.colcon_core.package_identification:_identify(src) by extensions ['ros']
[1.462s] Level 1:colcon.colcon_core.package_identification:_identify(src) by extension 'ros'
[1.462s] Level 1:colcon.colcon_core.package_identification:_identify(src) by extensions ['cmake', 'python']
[1.462s] Level 1:colcon.colcon_core.package_identification:_identify(src) by extension 'cmake'
[1.462s] Level 1:colcon.colcon_core.package_identification:_identify(src) by extension 'python'
[1.462s] Level 1:colcon.colcon_core.package_identification:_identify(src) by extensions ['python_setup_py']
[1.462s] Level 1:colcon.colcon_core.package_identification:_identify(src) by extension 'python_setup_py'
[1.462s] Level 1:colcon.colcon_core.package_identification:_identify(src/arduino_communication) by extensions ['ignore', 'ignore_ament_install']
[1.463s] Level 1:colcon.colcon_core.package_identification:_identify(src/arduino_communication) by extension 'ignore'
[1.463s] Level 1:colcon.colcon_core.package_identification:_identify(src/arduino_communication) by extension 'ignore_ament_install'
[1.463s] Level 1:colcon.colcon_core.package_identification:_identify(src/arduino_communication) by extensions ['colcon_pkg']
[1.463s] Level 1:colcon.colcon_core.package_identification:_identify(src/arduino_communication) by extension 'colcon_pkg'
[1.463s] Level 1:colcon.colcon_core.package_identification:_identify(src/arduino_communication) by extensions ['colcon_meta']
[1.463s] Level 1:colcon.colcon_core.package_identification:_identify(src/arduino_communication) by extension 'colcon_meta'
[1.463s] Level 1:colcon.colcon_core.package_identification:_identify(src/arduino_communication) by extensions ['ros']
[1.463s] Level 1:colcon.colcon_core.package_identification:_identify(src/arduino_communication) by extension 'ros'
[1.466s] DEBUG:colcon.colcon_core.package_identification:Package 'src/arduino_communication' with type 'ros.ament_cmake' and name 'arduino_communication'
[1.466s] Level 1:colcon.colcon_core.package_discovery:discover_packages(recursive) using defaults
[1.466s] Level 1:colcon.colcon_core.package_discovery:discover_packages(ignore) discover
[1.466s] Level 1:colcon.colcon_core.package_discovery:discover_packages(ignore) using defaults
[1.466s] Level 1:colcon.colcon_core.package_discovery:discover_packages(path) discover
[1.466s] Level 1:colcon.colcon_core.package_discovery:discover_packages(path) using defaults
[1.554s] Level 1:colcon.colcon_core.package_discovery:discover_packages(prefix_path) check parameters
[1.554s] Level 1:colcon.colcon_core.package_discovery:discover_packages(prefix_path) discover
[1.581s] DEBUG:colcon.colcon_installed_package_information.package_discovery:Found 270 installed packages in /opt/ros/humble
[1.582s] Level 1:colcon.colcon_core.package_discovery:discover_packages(prefix_path) using defaults
[1.682s] Level 5:colcon.colcon_core.verb:set package 'arduino_communication' build argument 'cmake_args' from command line to 'None'
[1.682s] Level 5:colcon.colcon_core.verb:set package 'arduino_communication' build argument 'cmake_target' from command line to 'None'
[1.682s] Level 5:colcon.colcon_core.verb:set package 'arduino_communication' build argument 'cmake_target_skip_unavailable' from command line to 'False'
[1.682s] Level 5:colcon.colcon_core.verb:set package 'arduino_communication' build argument 'cmake_clean_cache' from command line to 'False'
[1.682s] Level 5:colcon.colcon_core.verb:set package 'arduino_communication' build argument 'cmake_clean_first' from command line to 'False'
[1.683s] Level 5:colcon.colcon_core.verb:set package 'arduino_communication' build argument 'cmake_force_configure' from command line to 'False'
[1.683s] Level 5:colcon.colcon_core.verb:set package 'arduino_communication' build argument 'ament_cmake_args' from command line to 'None'
[1.683s] Level 5:colcon.colcon_core.verb:set package 'arduino_communication' build argument 'catkin_cmake_args' from command line to 'None'
[1.683s] Level 5:colcon.colcon_core.verb:set package 'arduino_communication' build argument 'catkin_skip_building_tests' from command line to 'False'
[1.683s] DEBUG:colcon.colcon_core.verb:Building package 'arduino_communication' with the following arguments: {'ament_cmake_args': None, 'build_base': '/home/jayboi/serial_ws/build/arduino_communication', 'catkin_cmake_args': None, 'catkin_skip_building_tests': False, 'cmake_args': None, 'cmake_clean_cache': False, 'cmake_clean_first': False, 'cmake_force_configure': False, 'cmake_target': None, 'cmake_target_skip_unavailable': False, 'install_base': '/home/jayboi/serial_ws/install/arduino_communication', 'merge_install': False, 'path': '/home/jayboi/serial_ws/src/arduino_communication', 'symlink_install': False, 'test_result_base': None}
[1.696s] INFO:colcon.colcon_core.executor:Executing jobs using 'parallel' executor
[1.710s] DEBUG:colcon.colcon_parallel_executor.executor.parallel:run_until_complete
[1.710s] INFO:colcon.colcon_ros.task.ament_cmake.build:Building ROS package in '/home/jayboi/serial_ws/src/arduino_communication' with build type 'ament_cmake'
[1.711s] INFO:colcon.colcon_cmake.task.cmake.build:Building CMake package in '/home/jayboi/serial_ws/src/arduino_communication'
[1.726s] INFO:colcon.colcon_core.plugin_system:Skipping extension 'colcon_core.shell.bat': Not used on non-Windows systems
[1.726s] INFO:colcon.colcon_core.shell:Skip shell extension 'powershell' for command environment: Not usable outside of PowerShell
[1.727s] DEBUG:colcon.colcon_core.shell:Skip shell extension 'dsv' for command environment
[1.761s] DEBUG:colcon.colcon_core.event_handler.log_command:Invoking command in '/home/jayboi/serial_ws/build/arduino_communication': CMAKE_PREFIX_PATH=/opt/ros/humble /usr/bin/cmake --build /home/jayboi/serial_ws/build/arduino_communication -- -j8 -l8
[2.753s] DEBUG:colcon.colcon_core.event_handler.log_command:Invoked command in '/home/jayboi/serial_ws/build/arduino_communication' returned '2': CMAKE_PREFIX_PATH=/opt/ros/humble /usr/bin/cmake --build /home/jayboi/serial_ws/build/arduino_communication -- -j8 -l8
[2.796s] Level 1:colcon.colcon_core.environment:create_environment_scripts_only(arduino_communication)
[2.813s] Level 1:colcon.colcon_core.environment:checking '/home/jayboi/serial_ws/install/arduino_communication' for CMake module files
[2.814s] Level 1:colcon.colcon_core.environment:checking '/home/jayboi/serial_ws/install/arduino_communication' for CMake config files
[2.814s] Level 1:colcon.colcon_core.environment:checking '/home/jayboi/serial_ws/install/arduino_communication/bin'
[2.814s] Level 1:colcon.colcon_core.environment:checking '/home/jayboi/serial_ws/install/arduino_communication/lib/pkgconfig/arduino_communication.pc'
[2.814s] Level 1:colcon.colcon_core.environment:checking '/home/jayboi/serial_ws/install/arduino_communication/lib/python3.10/site-packages'
[2.815s] Level 1:colcon.colcon_core.environment:checking '/home/jayboi/serial_ws/install/arduino_communication/bin'
[2.828s] INFO:colcon.colcon_core.shell:Creating package script '/home/jayboi/serial_ws/install/arduino_communication/share/arduino_communication/package.ps1'
[2.828s] INFO:colcon.colcon_core.shell:Creating package descriptor '/home/jayboi/serial_ws/install/arduino_communication/share/arduino_communication/package.dsv'
[2.829s] INFO:colcon.colcon_core.shell:Creating package script '/home/jayboi/serial_ws/install/arduino_communication/share/arduino_communication/package.sh'
[2.830s] INFO:colcon.colcon_core.shell:Creating package script '/home/jayboi/serial_ws/install/arduino_communication/share/arduino_communication/package.bash'
[2.831s] INFO:colcon.colcon_core.shell:Creating package script '/home/jayboi/serial_ws/install/arduino_communication/share/arduino_communication/package.zsh'
[2.831s] Level 1:colcon.colcon_core.environment:create_file_with_runtime_dependencies(/home/jayboi/serial_ws/install/arduino_communication/share/colcon-core/packages/arduino_communication)
[2.842s] DEBUG:colcon.colcon_parallel_executor.executor.parallel:closing loop
[2.842s] DEBUG:colcon.colcon_parallel_executor.executor.parallel:loop closed
[2.842s] DEBUG:colcon.colcon_parallel_executor.executor.parallel:run_until_complete finished with '2'
[2.842s] DEBUG:colcon.colcon_core.event_reactor:joining thread
[2.922s] INFO:colcon.colcon_core.plugin_system:Skipping extension 'colcon_notification.desktop_notification.notify_send': Could not find 'notify-send'
[2.923s] INFO:colcon.colcon_core.plugin_system:Skipping extension 'colcon_notification.desktop_notification.terminal_notifier': Not used on non-Darwin systems
[2.923s] INFO:colcon.colcon_core.plugin_system:Skipping extension 'colcon_notification.desktop_notification.win32': Not used on non-Windows systems
[2.923s] INFO:colcon.colcon_notification.desktop_notification:Sending desktop notification using 'notify2'
[2.923s] DEBUG:colcon.colcon_notification.desktop_notification.notify2:Failed to initialize notify2: org.freedesktop.DBus.Error.FileNotFound: Failed to connect to socket /run/user/1000/bus: No such file or directory
[2.923s] DEBUG:colcon.colcon_core.event_reactor:joined thread
[2.938s] INFO:colcon.colcon_core.shell:Creating prefix script '/home/jayboi/serial_ws/install/local_setup.ps1'
[2.939s] INFO:colcon.colcon_core.shell:Creating prefix util module '/home/jayboi/serial_ws/install/_local_setup_util_ps1.py'
[2.940s] INFO:colcon.colcon_core.shell:Creating prefix chain script '/home/jayboi/serial_ws/install/setup.ps1'
[2.954s] INFO:colcon.colcon_core.shell:Creating prefix script '/home/jayboi/serial_ws/install/local_setup.sh'
[2.955s] INFO:colcon.colcon_core.shell:Creating prefix util module '/home/jayboi/serial_ws/install/_local_setup_util_sh.py'
[2.955s] INFO:colcon.colcon_core.shell:Creating prefix chain script '/home/jayboi/serial_ws/install/setup.sh'
[2.969s] INFO:colcon.colcon_core.shell:Creating prefix script '/home/jayboi/serial_ws/install/local_setup.bash'
[2.969s] INFO:colcon.colcon_core.shell:Creating prefix chain script '/home/jayboi/serial_ws/install/setup.bash'
[2.982s] INFO:colcon.colcon_core.shell:Creating prefix script '/home/jayboi/serial_ws/install/local_setup.zsh'
[2.982s] INFO:colcon.colcon_core.shell:Creating prefix chain script '/home/jayboi/serial_ws/install/setup.zsh'
