[0.657s] DEBUG:colcon:Command line arguments: ['/usr/bin/colcon', 'build', '--symlink-install']
[0.657s] DEBUG:colcon:Parsed command line arguments: Namespace(log_base=None, log_level=None, verb_name='build', build_base='build', install_base='install', merge_install=False, symlink_install=True, test_result_base=None, continue_on_error=False, executor='parallel', parallel_workers=16, event_handlers=None, ignore_user_meta=False, metas=['./colcon.meta'], base_paths=['.'], packages_ignore=None, packages_ignore_regex=None, paths=None, packages_up_to=None, packages_up_to_regex=None, packages_above=None, packages_above_and_dependencies=None, packages_above_depth=None, packages_select_by_dep=None, packages_skip_by_dep=None, packages_skip_up_to=None, packages_select_build_failed=False, packages_skip_build_finished=False, packages_select_test_failures=False, packages_skip_test_passed=False, packages_select=None, packages_skip=None, packages_select_regex=None, packages_skip_regex=None, packages_start=None, packages_end=None, allow_overriding=[], cmake_args=None, cmake_target=None, cmake_target_skip_unavailable=False, cmake_clean_cache=False, cmake_clean_first=False, cmake_force_configure=False, ament_cmake_args=None, catkin_cmake_args=None, catkin_skip_building_tests=False, verb_parser=<colcon_defaults.argument_parser.defaults.DefaultArgumentsDecorator object at 0x7f3f250022f0>, verb_extension=<colcon_core.verb.build.BuildVerb object at 0x7f3f25003ac0>, main=<bound method BuildVerb.main of <colcon_core.verb.build.BuildVerb object at 0x7f3f25003ac0>>)
[0.684s] Level 1:colcon.colcon_core.package_discovery:discover_packages(colcon_meta) check parameters
[0.684s] Level 1:colcon.colcon_core.package_discovery:discover_packages(recursive) check parameters
[0.684s] Level 1:colcon.colcon_core.package_discovery:discover_packages(ignore) check parameters
[0.684s] Level 1:colcon.colcon_core.package_discovery:discover_packages(path) check parameters
[0.684s] Level 1:colcon.colcon_core.package_discovery:discover_packages(colcon_meta) discover
[0.684s] Level 1:colcon.colcon_core.package_discovery:discover_packages(recursive) discover
[0.684s] INFO:colcon.colcon_core.package_discovery:Crawling recursively for packages in '/home/marcus/diffdrive_arduino'
[0.684s] Level 1:colcon.colcon_core.package_identification:_identify(.) by extensions ['ignore', 'ignore_ament_install']
[0.684s] Level 1:colcon.colcon_core.package_identification:_identify(.) by extension 'ignore'
[0.684s] Level 1:colcon.colcon_core.package_identification:_identify(.) by extension 'ignore_ament_install'
[0.684s] Level 1:colcon.colcon_core.package_identification:_identify(.) by extensions ['colcon_pkg']
[0.684s] Level 1:colcon.colcon_core.package_identification:_identify(.) by extension 'colcon_pkg'
[0.684s] Level 1:colcon.colcon_core.package_identification:_identify(.) by extensions ['colcon_meta']
[0.684s] Level 1:colcon.colcon_core.package_identification:_identify(.) by extension 'colcon_meta'
[0.684s] Level 1:colcon.colcon_core.package_identification:_identify(.) by extensions ['ros']
[0.684s] Level 1:colcon.colcon_core.package_identification:_identify(.) by extension 'ros'
[0.693s] DEBUG:colcon.colcon_core.package_identification:Package '.' with type 'ros.ament_cmake' and name 'diffdrive_arduino'
[0.693s] Level 1:colcon.colcon_core.package_discovery:discover_packages(recursive) using defaults
[0.693s] Level 1:colcon.colcon_core.package_discovery:discover_packages(ignore) discover
[0.693s] Level 1:colcon.colcon_core.package_discovery:discover_packages(ignore) using defaults
[0.693s] Level 1:colcon.colcon_core.package_discovery:discover_packages(path) discover
[0.693s] Level 1:colcon.colcon_core.package_discovery:discover_packages(path) using defaults
[0.749s] Level 1:colcon.colcon_core.package_discovery:discover_packages(prefix_path) check parameters
[0.749s] Level 1:colcon.colcon_core.package_discovery:discover_packages(prefix_path) discover
[0.758s] WARNING:colcon.colcon_ros.prefix_path.ament:The path '/home/marcus/ros2_ws/install/velocity_controllers' in the environment variable AMENT_PREFIX_PATH doesn't exist
[0.758s] WARNING:colcon.colcon_ros.prefix_path.ament:The path '/home/marcus/ros2_ws/install/tricycle_controller' in the environment variable AMENT_PREFIX_PATH doesn't exist
[0.758s] WARNING:colcon.colcon_ros.prefix_path.ament:The path '/home/marcus/ros2_ws/install/ros2_control_demo_example_8' in the environment variable AMENT_PREFIX_PATH doesn't exist
[0.758s] WARNING:colcon.colcon_ros.prefix_path.ament:The path '/home/marcus/ros2_ws/install/ros2_control' in the environment variable AMENT_PREFIX_PATH doesn't exist
[0.758s] WARNING:colcon.colcon_ros.prefix_path.ament:The path '/home/marcus/ros2_ws/install/transmission_interface' in the environment variable AMENT_PREFIX_PATH doesn't exist
[0.758s] WARNING:colcon.colcon_ros.prefix_path.ament:The path '/home/marcus/ros2_ws/install/steering_controllers_library' in the environment variable AMENT_PREFIX_PATH doesn't exist
[0.758s] WARNING:colcon.colcon_ros.prefix_path.ament:The path '/home/marcus/ros2_ws/install/rqt_joint_trajectory_controller' in the environment variable AMENT_PREFIX_PATH doesn't exist
[0.758s] WARNING:colcon.colcon_ros.prefix_path.ament:The path '/home/marcus/ros2_ws/install/rqt_controller_manager' in the environment variable AMENT_PREFIX_PATH doesn't exist
[0.758s] WARNING:colcon.colcon_ros.prefix_path.ament:The path '/home/marcus/ros2_ws/install/ros2_control_demo_example_9' in the environment variable AMENT_PREFIX_PATH doesn't exist
[0.758s] WARNING:colcon.colcon_ros.prefix_path.ament:The path '/home/marcus/ros2_ws/install/ros2_control_demo_example_6' in the environment variable AMENT_PREFIX_PATH doesn't exist
[0.758s] WARNING:colcon.colcon_ros.prefix_path.ament:The path '/home/marcus/ros2_ws/install/ros2_control_demo_example_5' in the environment variable AMENT_PREFIX_PATH doesn't exist
[0.758s] WARNING:colcon.colcon_ros.prefix_path.ament:The path '/home/marcus/ros2_ws/install/ros2_control_demo_example_4' in the environment variable AMENT_PREFIX_PATH doesn't exist
[0.758s] WARNING:colcon.colcon_ros.prefix_path.ament:The path '/home/marcus/ros2_ws/install/ros2_control_demo_example_3' in the environment variable AMENT_PREFIX_PATH doesn't exist
[0.758s] WARNING:colcon.colcon_ros.prefix_path.ament:The path '/home/marcus/ros2_ws/install/ros2_control_demo_example_14' in the environment variable AMENT_PREFIX_PATH doesn't exist
[0.758s] WARNING:colcon.colcon_ros.prefix_path.ament:The path '/home/marcus/ros2_ws/install/ros2_control_demo_example_10' in the environment variable AMENT_PREFIX_PATH doesn't exist
[0.758s] WARNING:colcon.colcon_ros.prefix_path.ament:The path '/home/marcus/ros2_ws/install/ros2_control_demo_example_1' in the environment variable AMENT_PREFIX_PATH doesn't exist
[0.758s] WARNING:colcon.colcon_ros.prefix_path.ament:The path '/home/marcus/ros2_ws/install/ros2controlcli' in the environment variable AMENT_PREFIX_PATH doesn't exist
[0.758s] WARNING:colcon.colcon_ros.prefix_path.ament:The path '/home/marcus/ros2_ws/install/ros2_controllers_test_nodes' in the environment variable AMENT_PREFIX_PATH doesn't exist
[0.759s] WARNING:colcon.colcon_ros.prefix_path.ament:The path '/home/marcus/ros2_ws/install/hardware_interface_testing' in the environment variable AMENT_PREFIX_PATH doesn't exist
[0.759s] WARNING:colcon.colcon_ros.prefix_path.ament:The path '/home/marcus/ros2_ws/install/gazebo_ros2_control' in the environment variable AMENT_PREFIX_PATH doesn't exist
[0.759s] WARNING:colcon.colcon_ros.prefix_path.ament:The path '/home/marcus/ros2_ws/install/controller_manager' in the environment variable AMENT_PREFIX_PATH doesn't exist
[0.759s] WARNING:colcon.colcon_ros.prefix_path.ament:The path '/home/marcus/ros2_ws/install/ros2_control_test_assets' in the environment variable AMENT_PREFIX_PATH doesn't exist
[0.759s] WARNING:colcon.colcon_ros.prefix_path.ament:The path '/home/marcus/ros2_ws/install/ros2_control_demo_description' in the environment variable AMENT_PREFIX_PATH doesn't exist
[0.759s] WARNING:colcon.colcon_ros.prefix_path.ament:The path '/home/marcus/ros2_ws/install/range_sensor_broadcaster' in the environment variable AMENT_PREFIX_PATH doesn't exist
[0.759s] WARNING:colcon.colcon_ros.prefix_path.ament:The path '/home/marcus/ros2_ws/install/position_controllers' in the environment variable AMENT_PREFIX_PATH doesn't exist
[0.759s] WARNING:colcon.colcon_ros.prefix_path.ament:The path '/home/marcus/ros2_ws/install/joint_trajectory_controller' in the environment variable AMENT_PREFIX_PATH doesn't exist
[0.759s] WARNING:colcon.colcon_ros.prefix_path.ament:The path '/home/marcus/ros2_ws/install/joint_state_broadcaster' in the environment variable AMENT_PREFIX_PATH doesn't exist
[0.759s] WARNING:colcon.colcon_ros.prefix_path.ament:The path '/home/marcus/ros2_ws/install/imu_sensor_broadcaster' in the environment variable AMENT_PREFIX_PATH doesn't exist
[0.759s] WARNING:colcon.colcon_ros.prefix_path.ament:The path '/home/marcus/ros2_ws/install/gripper_controllers' in the environment variable AMENT_PREFIX_PATH doesn't exist
[0.759s] WARNING:colcon.colcon_ros.prefix_path.ament:The path '/home/marcus/ros2_ws/install/effort_controllers' in the environment variable AMENT_PREFIX_PATH doesn't exist
[0.759s] WARNING:colcon.colcon_ros.prefix_path.ament:The path '/home/marcus/ros2_ws/install/forward_command_controller' in the environment variable AMENT_PREFIX_PATH doesn't exist
[0.759s] WARNING:colcon.colcon_ros.prefix_path.ament:The path '/home/marcus/ros2_ws/install/force_torque_sensor_broadcaster' in the environment variable AMENT_PREFIX_PATH doesn't exist
[0.759s] WARNING:colcon.colcon_ros.prefix_path.ament:The path '/home/marcus/ros2_ws/install/diff_drive_controller' in the environment variable AMENT_PREFIX_PATH doesn't exist
[0.759s] WARNING:colcon.colcon_ros.prefix_path.ament:The path '/home/marcus/ros2_ws/install/realtime_tools' in the environment variable AMENT_PREFIX_PATH doesn't exist
[0.759s] WARNING:colcon.colcon_ros.prefix_path.ament:The path '/home/marcus/ros2_ws/install/joint_limits' in the environment variable AMENT_PREFIX_PATH doesn't exist
[0.759s] WARNING:colcon.colcon_ros.prefix_path.ament:The path '/home/marcus/ros2_ws/install/controller_interface' in the environment variable AMENT_PREFIX_PATH doesn't exist
[0.759s] WARNING:colcon.colcon_ros.prefix_path.ament:The path '/home/marcus/ros2_ws/install/hardware_interface' in the environment variable AMENT_PREFIX_PATH doesn't exist
[0.759s] WARNING:colcon.colcon_ros.prefix_path.ament:The path '/home/marcus/ros2_ws/install/controller_manager_msgs' in the environment variable AMENT_PREFIX_PATH doesn't exist
[0.759s] WARNING:colcon.colcon_ros.prefix_path.ament:The path '/home/marcus/ros2_ws/install/control_msgs' in the environment variable AMENT_PREFIX_PATH doesn't exist
[0.760s] WARNING:colcon.colcon_ros.prefix_path.catkin:The path '/home/marcus/ros2_ws/install/velocity_controllers' in the environment variable CMAKE_PREFIX_PATH doesn't exist
[0.760s] WARNING:colcon.colcon_ros.prefix_path.catkin:The path '/home/marcus/ros2_ws/install/tricycle_controller' in the environment variable CMAKE_PREFIX_PATH doesn't exist
[0.760s] WARNING:colcon.colcon_ros.prefix_path.catkin:The path '/home/marcus/ros2_ws/install/ros2_control_demo_example_8' in the environment variable CMAKE_PREFIX_PATH doesn't exist
[0.760s] WARNING:colcon.colcon_ros.prefix_path.catkin:The path '/home/marcus/ros2_ws/install/ros2_control' in the environment variable CMAKE_PREFIX_PATH doesn't exist
[0.760s] WARNING:colcon.colcon_ros.prefix_path.catkin:The path '/home/marcus/ros2_ws/install/transmission_interface' in the environment variable CMAKE_PREFIX_PATH doesn't exist
[0.760s] WARNING:colcon.colcon_ros.prefix_path.catkin:The path '/home/marcus/ros2_ws/install/steering_controllers_library' in the environment variable CMAKE_PREFIX_PATH doesn't exist
[0.760s] WARNING:colcon.colcon_ros.prefix_path.catkin:The path '/home/marcus/ros2_ws/install/ros2_control_demo_example_9' in the environment variable CMAKE_PREFIX_PATH doesn't exist
[0.760s] WARNING:colcon.colcon_ros.prefix_path.catkin:The path '/home/marcus/ros2_ws/install/ros2_control_demo_example_6' in the environment variable CMAKE_PREFIX_PATH doesn't exist
[0.760s] WARNING:colcon.colcon_ros.prefix_path.catkin:The path '/home/marcus/ros2_ws/install/ros2_control_demo_example_5' in the environment variable CMAKE_PREFIX_PATH doesn't exist
[0.760s] WARNING:colcon.colcon_ros.prefix_path.catkin:The path '/home/marcus/ros2_ws/install/ros2_control_demo_example_4' in the environment variable CMAKE_PREFIX_PATH doesn't exist
[0.760s] WARNING:colcon.colcon_ros.prefix_path.catkin:The path '/home/marcus/ros2_ws/install/ros2_control_demo_example_3' in the environment variable CMAKE_PREFIX_PATH doesn't exist
[0.760s] WARNING:colcon.colcon_ros.prefix_path.catkin:The path '/home/marcus/ros2_ws/install/ros2_control_demo_example_14' in the environment variable CMAKE_PREFIX_PATH doesn't exist
[0.760s] WARNING:colcon.colcon_ros.prefix_path.catkin:The path '/home/marcus/ros2_ws/install/ros2_control_demo_example_10' in the environment variable CMAKE_PREFIX_PATH doesn't exist
[0.760s] WARNING:colcon.colcon_ros.prefix_path.catkin:The path '/home/marcus/ros2_ws/install/ros2_control_demo_example_1' in the environment variable CMAKE_PREFIX_PATH doesn't exist
[0.760s] WARNING:colcon.colcon_ros.prefix_path.catkin:The path '/home/marcus/ros2_ws/install/hardware_interface_testing' in the environment variable CMAKE_PREFIX_PATH doesn't exist
[0.760s] WARNING:colcon.colcon_ros.prefix_path.catkin:The path '/home/marcus/ros2_ws/install/gazebo_ros2_control' in the environment variable CMAKE_PREFIX_PATH doesn't exist
[0.761s] WARNING:colcon.colcon_ros.prefix_path.catkin:The path '/home/marcus/ros2_ws/install/controller_manager' in the environment variable CMAKE_PREFIX_PATH doesn't exist
[0.761s] WARNING:colcon.colcon_ros.prefix_path.catkin:The path '/home/marcus/ros2_ws/install/ros2_control_test_assets' in the environment variable CMAKE_PREFIX_PATH doesn't exist
[0.761s] WARNING:colcon.colcon_ros.prefix_path.catkin:The path '/home/marcus/ros2_ws/install/ros2_control_demo_description' in the environment variable CMAKE_PREFIX_PATH doesn't exist
[0.761s] WARNING:colcon.colcon_ros.prefix_path.catkin:The path '/home/marcus/ros2_ws/install/range_sensor_broadcaster' in the environment variable CMAKE_PREFIX_PATH doesn't exist
[0.761s] WARNING:colcon.colcon_ros.prefix_path.catkin:The path '/home/marcus/ros2_ws/install/position_controllers' in the environment variable CMAKE_PREFIX_PATH doesn't exist
[0.761s] WARNING:colcon.colcon_ros.prefix_path.catkin:The path '/home/marcus/ros2_ws/install/joint_trajectory_controller' in the environment variable CMAKE_PREFIX_PATH doesn't exist
[0.761s] WARNING:colcon.colcon_ros.prefix_path.catkin:The path '/home/marcus/ros2_ws/install/joint_state_broadcaster' in the environment variable CMAKE_PREFIX_PATH doesn't exist
[0.761s] WARNING:colcon.colcon_ros.prefix_path.catkin:The path '/home/marcus/ros2_ws/install/imu_sensor_broadcaster' in the environment variable CMAKE_PREFIX_PATH doesn't exist
[0.761s] WARNING:colcon.colcon_ros.prefix_path.catkin:The path '/home/marcus/ros2_ws/install/gripper_controllers' in the environment variable CMAKE_PREFIX_PATH doesn't exist
[0.761s] WARNING:colcon.colcon_ros.prefix_path.catkin:The path '/home/marcus/ros2_ws/install/effort_controllers' in the environment variable CMAKE_PREFIX_PATH doesn't exist
[0.761s] WARNING:colcon.colcon_ros.prefix_path.catkin:The path '/home/marcus/ros2_ws/install/forward_command_controller' in the environment variable CMAKE_PREFIX_PATH doesn't exist
[0.761s] WARNING:colcon.colcon_ros.prefix_path.catkin:The path '/home/marcus/ros2_ws/install/force_torque_sensor_broadcaster' in the environment variable CMAKE_PREFIX_PATH doesn't exist
[0.761s] WARNING:colcon.colcon_ros.prefix_path.catkin:The path '/home/marcus/ros2_ws/install/diff_drive_controller' in the environment variable CMAKE_PREFIX_PATH doesn't exist
[0.761s] WARNING:colcon.colcon_ros.prefix_path.catkin:The path '/home/marcus/ros2_ws/install/realtime_tools' in the environment variable CMAKE_PREFIX_PATH doesn't exist
[0.761s] WARNING:colcon.colcon_ros.prefix_path.catkin:The path '/home/marcus/ros2_ws/install/joint_limits' in the environment variable CMAKE_PREFIX_PATH doesn't exist
[0.761s] WARNING:colcon.colcon_ros.prefix_path.catkin:The path '/home/marcus/ros2_ws/install/controller_interface' in the environment variable CMAKE_PREFIX_PATH doesn't exist
[0.761s] WARNING:colcon.colcon_ros.prefix_path.catkin:The path '/home/marcus/ros2_ws/install/hardware_interface' in the environment variable CMAKE_PREFIX_PATH doesn't exist
[0.761s] WARNING:colcon.colcon_ros.prefix_path.catkin:The path '/home/marcus/ros2_ws/install/controller_manager_msgs' in the environment variable CMAKE_PREFIX_PATH doesn't exist
[0.761s] WARNING:colcon.colcon_ros.prefix_path.catkin:The path '/home/marcus/ros2_ws/install/control_msgs' in the environment variable CMAKE_PREFIX_PATH doesn't exist
[0.771s] DEBUG:colcon.colcon_installed_package_information.package_discovery:Found 1 installed packages in /home/marcus/ros2_ws/install
[0.780s] DEBUG:colcon.colcon_installed_package_information.package_discovery:Found 1 installed packages in /home/marcus/diffdrive_arduino/install
[0.789s] DEBUG:colcon.colcon_installed_package_information.package_discovery:Found 305 installed packages in /opt/ros/humble
[0.790s] Level 1:colcon.colcon_core.package_discovery:discover_packages(prefix_path) using defaults
[0.854s] Level 5:colcon.colcon_core.verb:set package 'diffdrive_arduino' build argument 'cmake_args' from command line to 'None'
[0.854s] Level 5:colcon.colcon_core.verb:set package 'diffdrive_arduino' build argument 'cmake_target' from command line to 'None'
[0.854s] Level 5:colcon.colcon_core.verb:set package 'diffdrive_arduino' build argument 'cmake_target_skip_unavailable' from command line to 'False'
[0.854s] Level 5:colcon.colcon_core.verb:set package 'diffdrive_arduino' build argument 'cmake_clean_cache' from command line to 'False'
[0.854s] Level 5:colcon.colcon_core.verb:set package 'diffdrive_arduino' build argument 'cmake_clean_first' from command line to 'False'
[0.854s] Level 5:colcon.colcon_core.verb:set package 'diffdrive_arduino' build argument 'cmake_force_configure' from command line to 'False'
[0.855s] Level 5:colcon.colcon_core.verb:set package 'diffdrive_arduino' build argument 'ament_cmake_args' from command line to 'None'
[0.855s] Level 5:colcon.colcon_core.verb:set package 'diffdrive_arduino' build argument 'catkin_cmake_args' from command line to 'None'
[0.855s] Level 5:colcon.colcon_core.verb:set package 'diffdrive_arduino' build argument 'catkin_skip_building_tests' from command line to 'False'
[0.855s] DEBUG:colcon.colcon_core.verb:Building package 'diffdrive_arduino' with the following arguments: {'ament_cmake_args': None, 'build_base': '/home/marcus/diffdrive_arduino/build/diffdrive_arduino', 'catkin_cmake_args': None, 'catkin_skip_building_tests': False, 'cmake_args': None, 'cmake_clean_cache': False, 'cmake_clean_first': False, 'cmake_force_configure': False, 'cmake_target': None, 'cmake_target_skip_unavailable': False, 'install_base': '/home/marcus/diffdrive_arduino/install/diffdrive_arduino', 'merge_install': False, 'path': '/home/marcus/diffdrive_arduino', 'symlink_install': True, 'test_result_base': None}
[0.863s] INFO:colcon.colcon_core.executor:Executing jobs using 'parallel' executor
[0.872s] DEBUG:colcon.colcon_parallel_executor.executor.parallel:run_until_complete
[0.873s] INFO:colcon.colcon_ros.task.ament_cmake.build:Building ROS package in '/home/marcus/diffdrive_arduino' with build type 'ament_cmake'
[0.873s] INFO:colcon.colcon_cmake.task.cmake.build:Building CMake package in '/home/marcus/diffdrive_arduino'
[0.883s] INFO:colcon.colcon_core.plugin_system:Skipping extension 'colcon_core.shell.bat': Not used on non-Windows systems
[0.883s] INFO:colcon.colcon_core.shell:Skip shell extension 'powershell' for command environment: Not usable outside of PowerShell
[0.883s] DEBUG:colcon.colcon_core.shell:Skip shell extension 'dsv' for command environment
[0.925s] DEBUG:colcon.colcon_core.event_handler.log_command:Invoking command in '/home/marcus/diffdrive_arduino/build/diffdrive_arduino': CMAKE_PREFIX_PATH=${CMAKE_PREFIX_PATH}:/home/marcus/ros2_ws/install/rqt_joint_trajectory_controller:/home/marcus/ros2_ws/install/rqt_controller_manager:/home/marcus/ros2_ws/install/ros2controlcli:/home/marcus/ros2_ws/install/ros2_controllers_test_nodes:/opt/ros/humble /usr/bin/cmake --build /home/marcus/diffdrive_arduino/build/diffdrive_arduino -- -j16 -l16
[0.962s] DEBUG:colcon.colcon_core.event_handler.log_command:Invoked command in '/home/marcus/diffdrive_arduino/build/diffdrive_arduino' returned '0': CMAKE_PREFIX_PATH=${CMAKE_PREFIX_PATH}:/home/marcus/ros2_ws/install/rqt_joint_trajectory_controller:/home/marcus/ros2_ws/install/rqt_controller_manager:/home/marcus/ros2_ws/install/ros2controlcli:/home/marcus/ros2_ws/install/ros2_controllers_test_nodes:/opt/ros/humble /usr/bin/cmake --build /home/marcus/diffdrive_arduino/build/diffdrive_arduino -- -j16 -l16
[0.991s] DEBUG:colcon.colcon_core.event_handler.log_command:Invoking command in '/home/marcus/diffdrive_arduino/build/diffdrive_arduino': CMAKE_PREFIX_PATH=${CMAKE_PREFIX_PATH}:/home/marcus/ros2_ws/install/rqt_joint_trajectory_controller:/home/marcus/ros2_ws/install/rqt_controller_manager:/home/marcus/ros2_ws/install/ros2controlcli:/home/marcus/ros2_ws/install/ros2_controllers_test_nodes:/opt/ros/humble /usr/bin/cmake --install /home/marcus/diffdrive_arduino/build/diffdrive_arduino
[1.006s] Level 1:colcon.colcon_core.environment:create_environment_scripts_only(diffdrive_arduino)
[1.007s] DEBUG:colcon.colcon_core.event_handler.log_command:Invoked command in '/home/marcus/diffdrive_arduino/build/diffdrive_arduino' returned '0': CMAKE_PREFIX_PATH=${CMAKE_PREFIX_PATH}:/home/marcus/ros2_ws/install/rqt_joint_trajectory_controller:/home/marcus/ros2_ws/install/rqt_controller_manager:/home/marcus/ros2_ws/install/ros2controlcli:/home/marcus/ros2_ws/install/ros2_controllers_test_nodes:/opt/ros/humble /usr/bin/cmake --install /home/marcus/diffdrive_arduino/build/diffdrive_arduino
[1.017s] Level 1:colcon.colcon_core.environment:checking '/home/marcus/diffdrive_arduino/install/diffdrive_arduino' for CMake module files
[1.017s] Level 1:colcon.colcon_core.environment:checking '/home/marcus/diffdrive_arduino/install/diffdrive_arduino' for CMake config files
[1.017s] Level 1:colcon.colcon_core.shell:create_environment_hook('diffdrive_arduino', 'cmake_prefix_path')
[1.025s] INFO:colcon.colcon_core.shell:Creating environment hook '/home/marcus/diffdrive_arduino/install/diffdrive_arduino/share/diffdrive_arduino/hook/cmake_prefix_path.ps1'
[1.026s] INFO:colcon.colcon_core.shell:Creating environment descriptor '/home/marcus/diffdrive_arduino/install/diffdrive_arduino/share/diffdrive_arduino/hook/cmake_prefix_path.dsv'
[1.026s] INFO:colcon.colcon_core.shell:Creating environment hook '/home/marcus/diffdrive_arduino/install/diffdrive_arduino/share/diffdrive_arduino/hook/cmake_prefix_path.sh'
[1.027s] Level 1:colcon.colcon_core.environment:checking '/home/marcus/diffdrive_arduino/install/diffdrive_arduino/lib'
[1.027s] Level 1:colcon.colcon_core.shell:create_environment_hook('diffdrive_arduino', 'ld_library_path_lib')
[1.035s] INFO:colcon.colcon_core.shell:Creating environment hook '/home/marcus/diffdrive_arduino/install/diffdrive_arduino/share/diffdrive_arduino/hook/ld_library_path_lib.ps1'
[1.035s] INFO:colcon.colcon_core.shell:Creating environment descriptor '/home/marcus/diffdrive_arduino/install/diffdrive_arduino/share/diffdrive_arduino/hook/ld_library_path_lib.dsv'
[1.036s] INFO:colcon.colcon_core.shell:Creating environment hook '/home/marcus/diffdrive_arduino/install/diffdrive_arduino/share/diffdrive_arduino/hook/ld_library_path_lib.sh'
[1.036s] Level 1:colcon.colcon_core.environment:checking '/home/marcus/diffdrive_arduino/install/diffdrive_arduino/bin'
[1.036s] Level 1:colcon.colcon_core.environment:checking '/home/marcus/diffdrive_arduino/install/diffdrive_arduino/lib/pkgconfig/diffdrive_arduino.pc'
[1.036s] Level 1:colcon.colcon_core.environment:checking '/home/marcus/diffdrive_arduino/install/diffdrive_arduino/lib/python3.10/site-packages'
[1.036s] Level 1:colcon.colcon_core.environment:checking '/home/marcus/diffdrive_arduino/install/diffdrive_arduino/bin'
[1.045s] INFO:colcon.colcon_core.shell:Creating package script '/home/marcus/diffdrive_arduino/install/diffdrive_arduino/share/diffdrive_arduino/package.ps1'
[1.045s] INFO:colcon.colcon_core.shell:Creating package descriptor '/home/marcus/diffdrive_arduino/install/diffdrive_arduino/share/diffdrive_arduino/package.dsv'
[1.046s] INFO:colcon.colcon_core.shell:Creating package script '/home/marcus/diffdrive_arduino/install/diffdrive_arduino/share/diffdrive_arduino/package.sh'
[1.046s] INFO:colcon.colcon_core.shell:Creating package script '/home/marcus/diffdrive_arduino/install/diffdrive_arduino/share/diffdrive_arduino/package.bash'
[1.047s] INFO:colcon.colcon_core.shell:Creating package script '/home/marcus/diffdrive_arduino/install/diffdrive_arduino/share/diffdrive_arduino/package.zsh'
[1.047s] Level 1:colcon.colcon_core.environment:create_file_with_runtime_dependencies(/home/marcus/diffdrive_arduino/install/diffdrive_arduino/share/colcon-core/packages/diffdrive_arduino)
[1.079s] Level 1:colcon.colcon_core.environment:create_environment_scripts_only(diffdrive_arduino)
[1.087s] Level 1:colcon.colcon_core.environment:checking '/home/marcus/diffdrive_arduino/install/diffdrive_arduino' for CMake module files
[1.088s] Level 1:colcon.colcon_core.environment:checking '/home/marcus/diffdrive_arduino/install/diffdrive_arduino' for CMake config files
[1.088s] Level 1:colcon.colcon_core.shell:create_environment_hook('diffdrive_arduino', 'cmake_prefix_path')
[1.096s] INFO:colcon.colcon_core.shell:Creating environment hook '/home/marcus/diffdrive_arduino/install/diffdrive_arduino/share/diffdrive_arduino/hook/cmake_prefix_path.ps1'
[1.097s] INFO:colcon.colcon_core.shell:Creating environment descriptor '/home/marcus/diffdrive_arduino/install/diffdrive_arduino/share/diffdrive_arduino/hook/cmake_prefix_path.dsv'
[1.097s] INFO:colcon.colcon_core.shell:Creating environment hook '/home/marcus/diffdrive_arduino/install/diffdrive_arduino/share/diffdrive_arduino/hook/cmake_prefix_path.sh'
[1.097s] Level 1:colcon.colcon_core.environment:checking '/home/marcus/diffdrive_arduino/install/diffdrive_arduino/lib'
[1.097s] Level 1:colcon.colcon_core.shell:create_environment_hook('diffdrive_arduino', 'ld_library_path_lib')
[1.106s] INFO:colcon.colcon_core.shell:Creating environment hook '/home/marcus/diffdrive_arduino/install/diffdrive_arduino/share/diffdrive_arduino/hook/ld_library_path_lib.ps1'
[1.106s] INFO:colcon.colcon_core.shell:Creating environment descriptor '/home/marcus/diffdrive_arduino/install/diffdrive_arduino/share/diffdrive_arduino/hook/ld_library_path_lib.dsv'
[1.106s] INFO:colcon.colcon_core.shell:Creating environment hook '/home/marcus/diffdrive_arduino/install/diffdrive_arduino/share/diffdrive_arduino/hook/ld_library_path_lib.sh'
[1.106s] Level 1:colcon.colcon_core.environment:checking '/home/marcus/diffdrive_arduino/install/diffdrive_arduino/bin'
[1.106s] Level 1:colcon.colcon_core.environment:checking '/home/marcus/diffdrive_arduino/install/diffdrive_arduino/lib/pkgconfig/diffdrive_arduino.pc'
[1.107s] Level 1:colcon.colcon_core.environment:checking '/home/marcus/diffdrive_arduino/install/diffdrive_arduino/lib/python3.10/site-packages'
[1.107s] Level 1:colcon.colcon_core.environment:checking '/home/marcus/diffdrive_arduino/install/diffdrive_arduino/bin'
[1.115s] INFO:colcon.colcon_core.shell:Creating package script '/home/marcus/diffdrive_arduino/install/diffdrive_arduino/share/diffdrive_arduino/package.ps1'
[1.115s] INFO:colcon.colcon_core.shell:Creating package descriptor '/home/marcus/diffdrive_arduino/install/diffdrive_arduino/share/diffdrive_arduino/package.dsv'
[1.116s] INFO:colcon.colcon_core.shell:Creating package script '/home/marcus/diffdrive_arduino/install/diffdrive_arduino/share/diffdrive_arduino/package.sh'
[1.116s] INFO:colcon.colcon_core.shell:Creating package script '/home/marcus/diffdrive_arduino/install/diffdrive_arduino/share/diffdrive_arduino/package.bash'
[1.116s] INFO:colcon.colcon_core.shell:Creating package script '/home/marcus/diffdrive_arduino/install/diffdrive_arduino/share/diffdrive_arduino/package.zsh'
[1.116s] Level 1:colcon.colcon_core.environment:create_file_with_runtime_dependencies(/home/marcus/diffdrive_arduino/install/diffdrive_arduino/share/colcon-core/packages/diffdrive_arduino)
[1.116s] DEBUG:colcon.colcon_parallel_executor.executor.parallel:closing loop
[1.118s] DEBUG:colcon.colcon_parallel_executor.executor.parallel:loop closed
[1.118s] DEBUG:colcon.colcon_parallel_executor.executor.parallel:run_until_complete finished with '0'
[1.118s] DEBUG:colcon.colcon_core.event_reactor:joining thread
[1.154s] INFO:colcon.colcon_core.plugin_system:Skipping extension 'colcon_notification.desktop_notification.notify_send': Could not find 'notify-send'
[1.155s] INFO:colcon.colcon_core.plugin_system:Skipping extension 'colcon_notification.desktop_notification.terminal_notifier': Not used on non-Darwin systems
[1.155s] INFO:colcon.colcon_core.plugin_system:Skipping extension 'colcon_notification.desktop_notification.win32': Not used on non-Windows systems
[1.155s] INFO:colcon.colcon_notification.desktop_notification:Sending desktop notification using 'notify2'
[1.155s] DEBUG:colcon.colcon_notification.desktop_notification.notify2:Failed to initialize notify2: org.freedesktop.DBus.Error.FileNotFound: Failed to connect to socket /run/user/1000/bus: No such file or directory
[1.155s] DEBUG:colcon.colcon_core.event_reactor:joined thread
[1.164s] INFO:colcon.colcon_core.shell:Creating prefix script '/home/marcus/diffdrive_arduino/install/local_setup.ps1'
[1.165s] INFO:colcon.colcon_core.shell:Creating prefix util module '/home/marcus/diffdrive_arduino/install/_local_setup_util_ps1.py'
[1.166s] INFO:colcon.colcon_core.shell:Creating prefix chain script '/home/marcus/diffdrive_arduino/install/setup.ps1'
[1.175s] INFO:colcon.colcon_core.shell:Creating prefix script '/home/marcus/diffdrive_arduino/install/local_setup.sh'
[1.175s] INFO:colcon.colcon_core.shell:Creating prefix util module '/home/marcus/diffdrive_arduino/install/_local_setup_util_sh.py'
[1.175s] INFO:colcon.colcon_core.shell:Creating prefix chain script '/home/marcus/diffdrive_arduino/install/setup.sh'
[1.184s] INFO:colcon.colcon_core.shell:Creating prefix script '/home/marcus/diffdrive_arduino/install/local_setup.bash'
[1.184s] INFO:colcon.colcon_core.shell:Creating prefix chain script '/home/marcus/diffdrive_arduino/install/setup.bash'
[1.193s] INFO:colcon.colcon_core.shell:Creating prefix script '/home/marcus/diffdrive_arduino/install/local_setup.zsh'
[1.193s] INFO:colcon.colcon_core.shell:Creating prefix chain script '/home/marcus/diffdrive_arduino/install/setup.zsh'
