[0.050s] Invoking command in '/home/jayboi/serial_ws/build/arduino_communication': CMAKE_PREFIX_PATH=/opt/ros/humble /usr/bin/cmake --build /home/jayboi/serial_ws/build/arduino_communication -- -j8 -l8
[0.067s] -- Found ament_cmake: 1.3.7 (/opt/ros/humble/share/ament_cmake/cmake)
[0.239s] -- Found rclcpp: 16.0.8 (/opt/ros/humble/share/rclcpp/cmake)
[0.414s] -- Found rosidl_generator_c: 3.1.5 (/opt/ros/humble/share/rosidl_generator_c/cmake)
[0.416s] -- Found rosidl_adapter: 3.1.5 (/opt/ros/humble/share/rosidl_adapter/cmake)
[0.423s] -- Found rosidl_generator_cpp: 3.1.5 (/opt/ros/humble/share/rosidl_generator_cpp/cmake)
[0.433s] -- Using all available rosidl_typesupport_c: rosidl_typesupport_fastrtps_c;rosidl_typesupport_introspection_c
[0.454s] -- Using all available rosidl_typesupport_cpp: rosidl_typesupport_fastrtps_cpp;rosidl_typesupport_introspection_cpp
[0.512s] -- Found rmw_implementation_cmake: 6.1.1 (/opt/ros/humble/share/rmw_implementation_cmake/cmake)
[0.513s] -- Found rmw_fastrtps_cpp: 6.2.6 (/opt/ros/humble/share/rmw_fastrtps_cpp/cmake)
[18.642s] -- Using RMW implementation 'rmw_fastrtps_cpp' as default
[23.527s] [31mCMake Error at CMakeLists.txt:12 (find_package):
[23.528s]   By not providing "Findserial.cmake" in CMAKE_MODULE_PATH this project has
[23.528s]   asked CMake to find a package configuration file provided by "serial", but
[23.529s]   CMake did not find one.
[23.529s] 
[23.530s]   Could not find a package configuration file provided by "serial" with any
[23.530s]   of the following names:
[23.530s] 
[23.531s]     serialConfig.cmake
[23.531s]     serial-config.cmake
[23.531s] 
[23.532s]   Add the installation prefix of "serial" to CMAKE_PREFIX_PATH or set
[23.532s]   "serial_DIR" to a directory containing one of the above files.  If "serial"
[23.532s]   provides a separate development package or SDK, be sure it has been
[23.532s]   installed.
[23.532s] 
[23.533s] [0m
[23.533s] -- Configuring incomplete, errors occurred!
[23.533s] See also "/home/jayboi/serial_ws/build/arduino_communication/CMakeFiles/CMakeOutput.log".
[23.542s] gmake: *** [Makefile:362: cmake_check_build_system] Error 1
[23.548s] Invoked command in '/home/jayboi/serial_ws/build/arduino_communication' returned '2': CMAKE_PREFIX_PATH=/opt/ros/humble /usr/bin/cmake --build /home/jayboi/serial_ws/build/arduino_communication -- -j8 -l8
