-- Found ament_cmake: 1.3.7 (/opt/ros/humble/share/ament_cmake/cmake)
-- Found rclcpp: 16.0.8 (/opt/ros/humble/share/rclcpp/cmake)
-- Found rosidl_generator_c: 3.1.5 (/opt/ros/humble/share/rosidl_generator_c/cmake)
-- Found rosidl_adapter: 3.1.5 (/opt/ros/humble/share/rosidl_adapter/cmake)
-- Found rosidl_generator_cpp: 3.1.5 (/opt/ros/humble/share/rosidl_generator_cpp/cmake)
-- Using all available rosidl_typesupport_c: rosidl_typesupport_fastrtps_c;rosidl_typesupport_introspection_c
-- Using all available rosidl_typesupport_cpp: rosidl_typesupport_fastrtps_cpp;rosidl_typesupport_introspection_cpp
-- Found rmw_implementation_cmake: 6.1.1 (/opt/ros/humble/share/rmw_implementation_cmake/cmake)
-- Found rmw_fastrtps_cpp: 6.2.6 (/opt/ros/humble/share/rmw_fastrtps_cpp/cmake)
-- Using RMW implementation 'rmw_fastrtps_cpp' as default
-- Found ament_lint_auto: 0.12.10 (/opt/ros/humble/share/ament_lint_auto/cmake)
-- Added test 'cppcheck' to perform static code analysis on C / C++ code
-- Configured cppcheck include dirs: /home/jayboi/serial_ws/src/arduino_communication/third-party/include
-- Configured cppcheck exclude dirs and/or files: 
-- Added test 'lint_cmake' to check CMake code style
-- Added test 'uncrustify' to check C / C++ code style
-- Configured uncrustify additional arguments: 
-- Added test 'xmllint' to check XML markup files
-- Configuring done
-- Generating done
-- Build files have been written to: /home/jayboi/serial_ws/build/arduino_communication
[35m[1mConsolidate compiler generated dependencies of target arduino_communication[0m
[35m[1mConsolidate compiler generated dependencies of target serial[0m
[ 16%] [32m[1mLinking CXX executable arduino_communication[0m
[ 83%] Built target serial
/usr/bin/ld: CMakeFiles/arduino_communication.dir/src/arduino_communication.cpp.o: in function `main':
arduino_communication.cpp:(.text+0x9c): undefined reference to `serial::Serial::Serial(std::__cxx11::basic_string<char, std::char_traits<char>, std::allocator<char> > const&, unsigned int, serial::Timeout, serial::bytesize_t, serial::parity_t, serial::stopbits_t, serial::flowcontrol_t)'
/usr/bin/ld: arduino_communication.cpp:(.text+0xca): undefined reference to `serial::Serial::isOpen() const'
/usr/bin/ld: arduino_communication.cpp:(.text+0x135): undefined reference to `serial::Serial::flushOutput()'
/usr/bin/ld: arduino_communication.cpp:(.text+0x195): undefined reference to `serial::Serial::write(std::__cxx11::basic_string<char, std::char_traits<char>, std::allocator<char> > const&)'
/usr/bin/ld: arduino_communication.cpp:(.text+0x25d): undefined reference to `serial::Serial::write(std::__cxx11::basic_string<char, std::char_traits<char>, std::allocator<char> > const&)'
/usr/bin/ld: arduino_communication.cpp:(.text+0x32b): undefined reference to `serial::Serial::flushInput()'
/usr/bin/ld: arduino_communication.cpp:(.text+0x346): undefined reference to `serial::Serial::read[abi:cxx11](unsigned long)'
/usr/bin/ld: arduino_communication.cpp:(.text+0x3aa): undefined reference to `serial::Serial::~Serial()'
/usr/bin/ld: arduino_communication.cpp:(.text+0x455): undefined reference to `serial::Serial::~Serial()'
collect2: error: ld returned 1 exit status
gmake[2]: *** [CMakeFiles/arduino_communication.dir/build.make:151: arduino_communication] Error 1
gmake[1]: *** [CMakeFiles/Makefile2:139: CMakeFiles/arduino_communication.dir/all] Error 2
gmake: *** [Makefile:146: all] Error 2
