[0.053s] Invoking command in '/home/marcus/diffdrive_arduino/build/diffdrive_arduino': CMAKE_PREFIX_PATH=${CMAKE_PREFIX_PATH}:/opt/ros/humble /usr/bin/cmake /home/marcus/diffdrive_arduino -DAMENT_CMAKE_SYMLINK_INSTALL=1 -DCMAKE_INSTALL_PREFIX=/home/marcus/diffdrive_arduino/install/diffdrive_arduino
[0.187s] -- The CXX compiler identification is GNU 11.4.0
[0.440s] -- Detecting CXX compiler ABI info
[0.545s] -- Detecting CXX compiler ABI info - done
[0.551s] -- Check for working CXX compiler: /usr/bin/c++ - skipped
[0.551s] -- Detecting CXX compile features
[0.551s] -- Detecting CXX compile features - done
[0.553s] -- Found ament_cmake: 1.3.8 (/opt/ros/humble/share/ament_cmake/cmake)
[0.655s] -- Found Python3: /usr/bin/python3 (found version "3.10.12") found components: Interpreter 
[0.704s] -- Override CMake install command with custom implementation using symlinks instead of copying resources
[0.722s] -- Found hardware_interface: 2.39.1 (/opt/ros/humble/share/hardware_interface/cmake)
[0.832s] -- Found rosidl_generator_c: 3.1.5 (/opt/ros/humble/share/rosidl_generator_c/cmake)
[0.835s] -- Found rosidl_adapter: 3.1.5 (/opt/ros/humble/share/rosidl_adapter/cmake)
[0.841s] -- Found rosidl_generator_cpp: 3.1.5 (/opt/ros/humble/share/rosidl_generator_cpp/cmake)
[0.851s] -- Using all available rosidl_typesupport_c: rosidl_typesupport_fastrtps_c;rosidl_typesupport_introspection_c
[0.865s] -- Using all available rosidl_typesupport_cpp: rosidl_typesupport_fastrtps_cpp;rosidl_typesupport_introspection_cpp
[2.014s] -- Found rmw_implementation_cmake: 6.1.1 (/opt/ros/humble/share/rmw_implementation_cmake/cmake)
[2.016s] -- Found rmw_fastrtps_cpp: 6.2.6 (/opt/ros/humble/share/rmw_fastrtps_cpp/cmake)
[2.042s] -- Found TinyXML2 via Config file: TinyXML2_DIR-NOTFOUND
[2.069s] -- Found OpenSSL: /usr/lib/x86_64-linux-gnu/libcrypto.so (found version "3.0.2")  
[2.072s] -- Found TinyXML2 via Config file: TinyXML2_DIR-NOTFOUND
[2.182s] -- Found FastRTPS: /opt/ros/humble/include  
[2.189s] -- Found TinyXML2 via Config file: TinyXML2_DIR-NOTFOUND
[2.194s] -- Found TinyXML2 via Config file: TinyXML2_DIR-NOTFOUND
[2.251s] -- Using RMW implementation 'rmw_fastrtps_cpp' as default
[2.258s] -- Looking for C++ include pthread.h
[2.370s] -- Looking for C++ include pthread.h - found
[2.370s] -- Performing Test CMAKE_HAVE_LIBC_PTHREAD
[2.476s] -- Performing Test CMAKE_HAVE_LIBC_PTHREAD - Success
[2.477s] -- Found Threads: TRUE  
[2.623s] -- Found ament_cmake_gtest: 1.3.8 (/opt/ros/humble/share/ament_cmake_gtest/cmake)
[2.672s] -- Configuring done
[2.694s] -- Generating done
[2.695s] -- Build files have been written to: /home/marcus/diffdrive_arduino/build/diffdrive_arduino
[2.704s] Invoked command in '/home/marcus/diffdrive_arduino/build/diffdrive_arduino' returned '0': CMAKE_PREFIX_PATH=${CMAKE_PREFIX_PATH}:/opt/ros/humble /usr/bin/cmake /home/marcus/diffdrive_arduino -DAMENT_CMAKE_SYMLINK_INSTALL=1 -DCMAKE_INSTALL_PREFIX=/home/marcus/diffdrive_arduino/install/diffdrive_arduino
[2.704s] Invoking command in '/home/marcus/diffdrive_arduino/build/diffdrive_arduino': CMAKE_PREFIX_PATH=${CMAKE_PREFIX_PATH}:/opt/ros/humble /usr/bin/cmake --build /home/marcus/diffdrive_arduino/build/diffdrive_arduino -- -j16 -l16
[2.735s] [ 50%] [32mBuilding CXX object CMakeFiles/diffdrive_arduino.dir/hardware/diffbot_system.cpp.o[0m
[5.900s] [100%] [32m[1mLinking CXX shared library libdiffdrive_arduino.so[0m
[6.069s] [100%] Built target diffdrive_arduino
[6.076s] Invoked command in '/home/marcus/diffdrive_arduino/build/diffdrive_arduino' returned '0': CMAKE_PREFIX_PATH=${CMAKE_PREFIX_PATH}:/opt/ros/humble /usr/bin/cmake --build /home/marcus/diffdrive_arduino/build/diffdrive_arduino -- -j16 -l16
[6.099s] Invoking command in '/home/marcus/diffdrive_arduino/build/diffdrive_arduino': CMAKE_PREFIX_PATH=${CMAKE_PREFIX_PATH}:/opt/ros/humble /usr/bin/cmake --install /home/marcus/diffdrive_arduino/build/diffdrive_arduino
[6.102s] -- Install configuration: ""
[6.103s] -- Execute custom install script
[6.103s] -- Up-to-date symlink: /home/marcus/diffdrive_arduino/install/diffdrive_arduino/share/diffdrive_arduino//diffdrive_arduino.xml
[6.103s] -- Up-to-date symlink: /home/marcus/diffdrive_arduino/install/diffdrive_arduino/include/diffdrive_arduino/diffdrive_arduino/arduino_comms.hpp
[6.104s] -- Up-to-date symlink: /home/marcus/diffdrive_arduino/install/diffdrive_arduino/include/diffdrive_arduino/diffdrive_arduino/diffbot_system.hpp
[6.104s] -- Up-to-date symlink: /home/marcus/diffdrive_arduino/install/diffdrive_arduino/include/diffdrive_arduino/diffdrive_arduino/visibility_control.h
[6.104s] -- Up-to-date symlink: /home/marcus/diffdrive_arduino/install/diffdrive_arduino/include/diffdrive_arduino/diffdrive_arduino/wheel.hpp
[6.104s] -- Up-to-date symlink: /home/marcus/diffdrive_arduino/install/diffdrive_arduino/share/diffdrive_arduino/launch/view_robot.launch.py
[6.104s] -- Up-to-date symlink: /home/marcus/diffdrive_arduino/install/diffdrive_arduino/share/diffdrive_arduino/ros2_control/diffbot.ros2_control.xacro
[6.104s] -- Up-to-date symlink: /home/marcus/diffdrive_arduino/install/diffdrive_arduino/share/diffdrive_arduino/urdf/diffbot.materials.xacro
[6.104s] -- Up-to-date symlink: /home/marcus/diffdrive_arduino/install/diffdrive_arduino/share/diffdrive_arduino/urdf/diffbot.urdf.xacro
[6.105s] -- Up-to-date symlink: /home/marcus/diffdrive_arduino/install/diffdrive_arduino/share/diffdrive_arduino/urdf/diffbot_description.urdf.xacro
[6.105s] -- Up-to-date symlink: /home/marcus/diffdrive_arduino/install/diffdrive_arduino/share/diffdrive_arduino/rviz/diffbot.rviz
[6.105s] -- Up-to-date symlink: /home/marcus/diffdrive_arduino/install/diffdrive_arduino/share/diffdrive_arduino/rviz/diffbot_view.rviz
[6.105s] -- Up-to-date symlink: /home/marcus/diffdrive_arduino/install/diffdrive_arduino/share/diffdrive_arduino/launch/diffbot.launch.py
[6.105s] -- Up-to-date symlink: /home/marcus/diffdrive_arduino/install/diffdrive_arduino/share/diffdrive_arduino/config/diffbot_controllers.yaml
[6.105s] -- Up-to-date symlink: /home/marcus/diffdrive_arduino/install/diffdrive_arduino/share/diffdrive_arduino/environment/library_path.sh
[6.105s] -- Up-to-date symlink: /home/marcus/diffdrive_arduino/install/diffdrive_arduino/share/diffdrive_arduino/environment/library_path.dsv
[6.106s] -- Up-to-date symlink: /home/marcus/diffdrive_arduino/install/diffdrive_arduino/share/ament_index/resource_index/package_run_dependencies/diffdrive_arduino
[6.106s] -- Up-to-date symlink: /home/marcus/diffdrive_arduino/install/diffdrive_arduino/share/ament_index/resource_index/parent_prefix_path/diffdrive_arduino
[6.106s] -- Up-to-date symlink: /home/marcus/diffdrive_arduino/install/diffdrive_arduino/share/diffdrive_arduino/environment/ament_prefix_path.sh
[6.106s] -- Up-to-date symlink: /home/marcus/diffdrive_arduino/install/diffdrive_arduino/share/diffdrive_arduino/environment/ament_prefix_path.dsv
[6.106s] -- Up-to-date symlink: /home/marcus/diffdrive_arduino/install/diffdrive_arduino/share/diffdrive_arduino/environment/path.sh
[6.106s] -- Up-to-date symlink: /home/marcus/diffdrive_arduino/install/diffdrive_arduino/share/diffdrive_arduino/environment/path.dsv
[6.106s] -- Up-to-date symlink: /home/marcus/diffdrive_arduino/install/diffdrive_arduino/share/diffdrive_arduino/local_setup.bash
[6.106s] -- Up-to-date symlink: /home/marcus/diffdrive_arduino/install/diffdrive_arduino/share/diffdrive_arduino/local_setup.sh
[6.106s] -- Up-to-date symlink: /home/marcus/diffdrive_arduino/install/diffdrive_arduino/share/diffdrive_arduino/local_setup.zsh
[6.106s] -- Up-to-date symlink: /home/marcus/diffdrive_arduino/install/diffdrive_arduino/share/diffdrive_arduino/local_setup.dsv
[6.106s] -- Symlinking: /home/marcus/diffdrive_arduino/install/diffdrive_arduino/share/diffdrive_arduino/package.dsv
[6.111s] -- Up-to-date symlink: /home/marcus/diffdrive_arduino/install/diffdrive_arduino/share/ament_index/resource_index/packages/diffdrive_arduino
[6.111s] -- Up-to-date symlink: /home/marcus/diffdrive_arduino/install/diffdrive_arduino/share/ament_index/resource_index/hardware_interface__pluginlib__plugin/diffdrive_arduino
[6.112s] -- Up-to-date symlink: /home/marcus/diffdrive_arduino/install/diffdrive_arduino/share/diffdrive_arduino/cmake/ament_cmake_export_targets-extras.cmake
[6.112s] -- Up-to-date symlink: /home/marcus/diffdrive_arduino/install/diffdrive_arduino/share/diffdrive_arduino/cmake/ament_cmake_export_dependencies-extras.cmake
[6.112s] -- Up-to-date symlink: /home/marcus/diffdrive_arduino/install/diffdrive_arduino/share/diffdrive_arduino/cmake/diffdrive_arduinoConfig.cmake
[6.112s] -- Up-to-date symlink: /home/marcus/diffdrive_arduino/install/diffdrive_arduino/share/diffdrive_arduino/cmake/diffdrive_arduinoConfig-version.cmake
[6.112s] -- Up-to-date symlink: /home/marcus/diffdrive_arduino/install/diffdrive_arduino/share/diffdrive_arduino/package.xml
[6.112s] -- Installing: /home/marcus/diffdrive_arduino/install/diffdrive_arduino/lib/libdiffdrive_arduino.so
[6.114s] -- Set runtime path of "/home/marcus/diffdrive_arduino/install/diffdrive_arduino/lib/libdiffdrive_arduino.so" to ""
[6.115s] -- Installing: /home/marcus/diffdrive_arduino/install/diffdrive_arduino/share/diffdrive_arduino/cmake/export_diffdrive_arduinoExport.cmake
[6.115s] -- Installing: /home/marcus/diffdrive_arduino/install/diffdrive_arduino/share/diffdrive_arduino/cmake/export_diffdrive_arduinoExport-noconfig.cmake
[6.117s] Invoked command in '/home/marcus/diffdrive_arduino/build/diffdrive_arduino' returned '0': CMAKE_PREFIX_PATH=${CMAKE_PREFIX_PATH}:/opt/ros/humble /usr/bin/cmake --install /home/marcus/diffdrive_arduino/build/diffdrive_arduino
