[2.744s] DEBUG:colcon:Command line arguments: ['/usr/bin/colcon', 'build']
[2.744s] DEBUG:colcon:Parsed command line arguments: Namespace(log_base=None, log_level=None, verb_name='build', build_base='build', install_base='install', merge_install=False, symlink_install=False, test_result_base=None, continue_on_error=False, executor='parallel', parallel_workers=8, event_handlers=None, ignore_user_meta=False, metas=['./colcon.meta'], base_paths=['.'], packages_ignore=None, packages_ignore_regex=None, paths=None, packages_up_to=None, packages_up_to_regex=None, packages_above=None, packages_above_and_dependencies=None, packages_above_depth=None, packages_select_by_dep=None, packages_skip_by_dep=None, packages_skip_up_to=None, packages_select_build_failed=False, packages_skip_build_finished=False, packages_select_test_failures=False, packages_skip_test_passed=False, packages_select=None, packages_skip=None, packages_select_regex=None, packages_skip_regex=None, packages_start=None, packages_end=None, allow_overriding=[], cmake_args=None, cmake_target=None, cmake_target_skip_unavailable=False, cmake_clean_cache=False, cmake_clean_first=False, cmake_force_configure=False, ament_cmake_args=None, catkin_cmake_args=None, catkin_skip_building_tests=False, verb_parser=<colcon_defaults.argument_parser.defaults.DefaultArgumentsDecorator object at 0x7f6be37ecf40>, verb_extension=<colcon_core.verb.build.BuildVerb object at 0x7f6be37eee60>, main=<bound method BuildVerb.main of <colcon_core.verb.build.BuildVerb object at 0x7f6be37eee60>>)
[2.809s] Level 1:colcon.colcon_core.package_discovery:discover_packages(colcon_meta) check parameters
[2.810s] Level 1:colcon.colcon_core.package_discovery:discover_packages(recursive) check parameters
[2.810s] Level 1:colcon.colcon_core.package_discovery:discover_packages(ignore) check parameters
[2.810s] Level 1:colcon.colcon_core.package_discovery:discover_packages(path) check parameters
[2.810s] Level 1:colcon.colcon_core.package_discovery:discover_packages(colcon_meta) discover
[2.810s] Level 1:colcon.colcon_core.package_discovery:discover_packages(recursive) discover
[2.810s] INFO:colcon.colcon_core.package_discovery:Crawling recursively for packages in '/home/jayboi/serial_ws'
[2.810s] Level 1:colcon.colcon_core.package_identification:_identify(.) by extensions ['ignore', 'ignore_ament_install']
[2.810s] Level 1:colcon.colcon_core.package_identification:_identify(.) by extension 'ignore'
[2.810s] Level 1:colcon.colcon_core.package_identification:_identify(.) by extension 'ignore_ament_install'
[2.810s] Level 1:colcon.colcon_core.package_identification:_identify(.) by extensions ['colcon_pkg']
[2.810s] Level 1:colcon.colcon_core.package_identification:_identify(.) by extension 'colcon_pkg'
[2.810s] Level 1:colcon.colcon_core.package_identification:_identify(.) by extensions ['colcon_meta']
[2.810s] Level 1:colcon.colcon_core.package_identification:_identify(.) by extension 'colcon_meta'
[2.810s] Level 1:colcon.colcon_core.package_identification:_identify(.) by extensions ['ros']
[2.810s] Level 1:colcon.colcon_core.package_identification:_identify(.) by extension 'ros'
[2.822s] Level 1:colcon.colcon_core.package_identification:_identify(.) by extensions ['cmake', 'python']
[2.822s] Level 1:colcon.colcon_core.package_identification:_identify(.) by extension 'cmake'
[2.822s] Level 1:colcon.colcon_core.package_identification:_identify(.) by extension 'python'
[2.822s] Level 1:colcon.colcon_core.package_identification:_identify(.) by extensions ['python_setup_py']
[2.822s] Level 1:colcon.colcon_core.package_identification:_identify(.) by extension 'python_setup_py'
[2.822s] Level 1:colcon.colcon_core.package_identification:_identify(build) by extensions ['ignore', 'ignore_ament_install']
[2.822s] Level 1:colcon.colcon_core.package_identification:_identify(build) by extension 'ignore'
[2.822s] Level 1:colcon.colcon_core.package_identification:_identify(build) ignored
[2.822s] Level 1:colcon.colcon_core.package_identification:_identify(install) by extensions ['ignore', 'ignore_ament_install']
[2.822s] Level 1:colcon.colcon_core.package_identification:_identify(install) by extension 'ignore'
[2.822s] Level 1:colcon.colcon_core.package_identification:_identify(install) ignored
[2.822s] Level 1:colcon.colcon_core.package_identification:_identify(log) by extensions ['ignore', 'ignore_ament_install']
[2.823s] Level 1:colcon.colcon_core.package_identification:_identify(log) by extension 'ignore'
[2.823s] Level 1:colcon.colcon_core.package_identification:_identify(log) ignored
[2.823s] Level 1:colcon.colcon_core.package_identification:_identify(src) by extensions ['ignore', 'ignore_ament_install']
[2.823s] Level 1:colcon.colcon_core.package_identification:_identify(src) by extension 'ignore'
[2.823s] Level 1:colcon.colcon_core.package_identification:_identify(src) by extension 'ignore_ament_install'
[2.823s] Level 1:colcon.colcon_core.package_identification:_identify(src) by extensions ['colcon_pkg']
[2.823s] Level 1:colcon.colcon_core.package_identification:_identify(src) by extension 'colcon_pkg'
[2.823s] Level 1:colcon.colcon_core.package_identification:_identify(src) by extensions ['colcon_meta']
[2.823s] Level 1:colcon.colcon_core.package_identification:_identify(src) by extension 'colcon_meta'
[2.823s] Level 1:colcon.colcon_core.package_identification:_identify(src) by extensions ['ros']
[2.823s] Level 1:colcon.colcon_core.package_identification:_identify(src) by extension 'ros'
[2.823s] Level 1:colcon.colcon_core.package_identification:_identify(src) by extensions ['cmake', 'python']
[2.823s] Level 1:colcon.colcon_core.package_identification:_identify(src) by extension 'cmake'
[2.823s] Level 1:colcon.colcon_core.package_identification:_identify(src) by extension 'python'
[2.823s] Level 1:colcon.colcon_core.package_identification:_identify(src) by extensions ['python_setup_py']
[2.823s] Level 1:colcon.colcon_core.package_identification:_identify(src) by extension 'python_setup_py'
[2.824s] Level 1:colcon.colcon_core.package_identification:_identify(src/arduino_communication) by extensions ['ignore', 'ignore_ament_install']
[2.824s] Level 1:colcon.colcon_core.package_identification:_identify(src/arduino_communication) by extension 'ignore'
[2.824s] Level 1:colcon.colcon_core.package_identification:_identify(src/arduino_communication) by extension 'ignore_ament_install'
[2.824s] Level 1:colcon.colcon_core.package_identification:_identify(src/arduino_communication) by extensions ['colcon_pkg']
[2.824s] Level 1:colcon.colcon_core.package_identification:_identify(src/arduino_communication) by extension 'colcon_pkg'
[2.824s] Level 1:colcon.colcon_core.package_identification:_identify(src/arduino_communication) by extensions ['colcon_meta']
[2.824s] Level 1:colcon.colcon_core.package_identification:_identify(src/arduino_communication) by extension 'colcon_meta'
[2.824s] Level 1:colcon.colcon_core.package_identification:_identify(src/arduino_communication) by extensions ['ros']
[2.824s] Level 1:colcon.colcon_core.package_identification:_identify(src/arduino_communication) by extension 'ros'
[2.826s] DEBUG:colcon.colcon_core.package_identification:Package 'src/arduino_communication' with type 'ros.ament_cmake' and name 'arduino_communication'
[2.826s] Level 1:colcon.colcon_core.package_discovery:discover_packages(recursive) using defaults
[2.826s] Level 1:colcon.colcon_core.package_discovery:discover_packages(ignore) discover
[2.826s] Level 1:colcon.colcon_core.package_discovery:discover_packages(ignore) using defaults
[2.826s] Level 1:colcon.colcon_core.package_discovery:discover_packages(path) discover
[2.826s] Level 1:colcon.colcon_core.package_discovery:discover_packages(path) using defaults
[2.948s] Level 1:colcon.colcon_core.package_discovery:discover_packages(prefix_path) check parameters
[2.948s] Level 1:colcon.colcon_core.package_discovery:discover_packages(prefix_path) discover
[2.977s] DEBUG:colcon.colcon_installed_package_information.package_discovery:Found 270 installed packages in /opt/ros/humble
[2.980s] Level 1:colcon.colcon_core.package_discovery:discover_packages(prefix_path) using defaults
[3.080s] Level 5:colcon.colcon_core.verb:set package 'arduino_communication' build argument 'cmake_args' from command line to 'None'
[3.080s] Level 5:colcon.colcon_core.verb:set package 'arduino_communication' build argument 'cmake_target' from command line to 'None'
[3.080s] Level 5:colcon.colcon_core.verb:set package 'arduino_communication' build argument 'cmake_target_skip_unavailable' from command line to 'False'
[3.080s] Level 5:colcon.colcon_core.verb:set package 'arduino_communication' build argument 'cmake_clean_cache' from command line to 'False'
[3.080s] Level 5:colcon.colcon_core.verb:set package 'arduino_communication' build argument 'cmake_clean_first' from command line to 'False'
[3.080s] Level 5:colcon.colcon_core.verb:set package 'arduino_communication' build argument 'cmake_force_configure' from command line to 'False'
[3.081s] Level 5:colcon.colcon_core.verb:set package 'arduino_communication' build argument 'ament_cmake_args' from command line to 'None'
[3.081s] Level 5:colcon.colcon_core.verb:set package 'arduino_communication' build argument 'catkin_cmake_args' from command line to 'None'
[3.081s] Level 5:colcon.colcon_core.verb:set package 'arduino_communication' build argument 'catkin_skip_building_tests' from command line to 'False'
[3.081s] DEBUG:colcon.colcon_core.verb:Building package 'arduino_communication' with the following arguments: {'ament_cmake_args': None, 'build_base': '/home/jayboi/serial_ws/build/arduino_communication', 'catkin_cmake_args': None, 'catkin_skip_building_tests': False, 'cmake_args': None, 'cmake_clean_cache': False, 'cmake_clean_first': False, 'cmake_force_configure': False, 'cmake_target': None, 'cmake_target_skip_unavailable': False, 'install_base': '/home/jayboi/serial_ws/install/arduino_communication', 'merge_install': False, 'path': '/home/jayboi/serial_ws/src/arduino_communication', 'symlink_install': False, 'test_result_base': None}
[3.093s] INFO:colcon.colcon_core.executor:Executing jobs using 'parallel' executor
[3.108s] DEBUG:colcon.colcon_parallel_executor.executor.parallel:run_until_complete
[3.108s] INFO:colcon.colcon_ros.task.ament_cmake.build:Building ROS package in '/home/jayboi/serial_ws/src/arduino_communication' with build type 'ament_cmake'
[3.109s] INFO:colcon.colcon_cmake.task.cmake.build:Building CMake package in '/home/jayboi/serial_ws/src/arduino_communication'
[3.124s] INFO:colcon.colcon_core.plugin_system:Skipping extension 'colcon_core.shell.bat': Not used on non-Windows systems
[3.125s] INFO:colcon.colcon_core.shell:Skip shell extension 'powershell' for command environment: Not usable outside of PowerShell
[3.125s] DEBUG:colcon.colcon_core.shell:Skip shell extension 'dsv' for command environment
[3.193s] DEBUG:colcon.colcon_core.event_handler.log_command:Invoking command in '/home/jayboi/serial_ws/build/arduino_communication': CMAKE_PREFIX_PATH=/opt/ros/humble /usr/bin/cmake --build /home/jayboi/serial_ws/build/arduino_communication -- -j8 -l8
[23.768s] DEBUG:colcon.colcon_core.event_handler.log_command:Invoked command in '/home/jayboi/serial_ws/build/arduino_communication' returned '2': CMAKE_PREFIX_PATH=/opt/ros/humble /usr/bin/cmake --build /home/jayboi/serial_ws/build/arduino_communication -- -j8 -l8
[23.819s] Level 1:colcon.colcon_core.environment:create_environment_scripts_only(arduino_communication)
[23.835s] Level 1:colcon.colcon_core.environment:checking '/home/jayboi/serial_ws/install/arduino_communication' for CMake module files
[23.836s] Level 1:colcon.colcon_core.environment:checking '/home/jayboi/serial_ws/install/arduino_communication' for CMake config files
[23.836s] Level 1:colcon.colcon_core.environment:checking '/home/jayboi/serial_ws/install/arduino_communication/bin'
[23.836s] Level 1:colcon.colcon_core.environment:checking '/home/jayboi/serial_ws/install/arduino_communication/lib/pkgconfig/arduino_communication.pc'
[23.837s] Level 1:colcon.colcon_core.environment:checking '/home/jayboi/serial_ws/install/arduino_communication/lib/python3.10/site-packages'
[23.837s] Level 1:colcon.colcon_core.environment:checking '/home/jayboi/serial_ws/install/arduino_communication/bin'
[23.850s] INFO:colcon.colcon_core.shell:Creating package script '/home/jayboi/serial_ws/install/arduino_communication/share/arduino_communication/package.ps1'
[23.851s] INFO:colcon.colcon_core.shell:Creating package descriptor '/home/jayboi/serial_ws/install/arduino_communication/share/arduino_communication/package.dsv'
[23.852s] INFO:colcon.colcon_core.shell:Creating package script '/home/jayboi/serial_ws/install/arduino_communication/share/arduino_communication/package.sh'
[23.852s] INFO:colcon.colcon_core.shell:Creating package script '/home/jayboi/serial_ws/install/arduino_communication/share/arduino_communication/package.bash'
[23.853s] INFO:colcon.colcon_core.shell:Creating package script '/home/jayboi/serial_ws/install/arduino_communication/share/arduino_communication/package.zsh'
[23.854s] Level 1:colcon.colcon_core.environment:create_file_with_runtime_dependencies(/home/jayboi/serial_ws/install/arduino_communication/share/colcon-core/packages/arduino_communication)
[23.864s] DEBUG:colcon.colcon_parallel_executor.executor.parallel:closing loop
[23.865s] DEBUG:colcon.colcon_parallel_executor.executor.parallel:loop closed
[23.865s] DEBUG:colcon.colcon_parallel_executor.executor.parallel:run_until_complete finished with '2'
[23.865s] DEBUG:colcon.colcon_core.event_reactor:joining thread
[24.035s] INFO:colcon.colcon_core.plugin_system:Skipping extension 'colcon_notification.desktop_notification.notify_send': Could not find 'notify-send'
[24.036s] INFO:colcon.colcon_core.plugin_system:Skipping extension 'colcon_notification.desktop_notification.terminal_notifier': Not used on non-Darwin systems
[24.036s] INFO:colcon.colcon_core.plugin_system:Skipping extension 'colcon_notification.desktop_notification.win32': Not used on non-Windows systems
[24.037s] INFO:colcon.colcon_notification.desktop_notification:Sending desktop notification using 'notify2'
[24.037s] DEBUG:colcon.colcon_notification.desktop_notification.notify2:Failed to initialize notify2: org.freedesktop.DBus.Error.FileNotFound: Failed to connect to socket /run/user/1000/bus: No such file or directory
[24.038s] DEBUG:colcon.colcon_core.event_reactor:joined thread
[24.086s] INFO:colcon.colcon_core.shell:Creating prefix script '/home/jayboi/serial_ws/install/local_setup.ps1'
[24.088s] INFO:colcon.colcon_core.shell:Creating prefix util module '/home/jayboi/serial_ws/install/_local_setup_util_ps1.py'
[24.090s] INFO:colcon.colcon_core.shell:Creating prefix chain script '/home/jayboi/serial_ws/install/setup.ps1'
[24.111s] INFO:colcon.colcon_core.shell:Creating prefix script '/home/jayboi/serial_ws/install/local_setup.sh'
[24.112s] INFO:colcon.colcon_core.shell:Creating prefix util module '/home/jayboi/serial_ws/install/_local_setup_util_sh.py'
[24.112s] INFO:colcon.colcon_core.shell:Creating prefix chain script '/home/jayboi/serial_ws/install/setup.sh'
[24.129s] INFO:colcon.colcon_core.shell:Creating prefix script '/home/jayboi/serial_ws/install/local_setup.bash'
[24.130s] INFO:colcon.colcon_core.shell:Creating prefix chain script '/home/jayboi/serial_ws/install/setup.bash'
[24.146s] INFO:colcon.colcon_core.shell:Creating prefix script '/home/jayboi/serial_ws/install/local_setup.zsh'
[24.147s] INFO:colcon.colcon_core.shell:Creating prefix chain script '/home/jayboi/serial_ws/install/setup.zsh'
