[0.049s] Invoking command in '/home/jayboi/serial_ws/build/arduino_communication': CMAKE_PREFIX_PATH=/opt/ros/humble /usr/bin/cmake --build /home/jayboi/serial_ws/build/arduino_communication -- -j8 -l8
[0.077s] [35m[1mConsolidate compiler generated dependencies of target serial[0m
[0.085s] [ 16%] [32mBuilding CXX object CMakeFiles/arduino_communication.dir/src/arduino_communication.cpp.o[0m
[0.090s] [ 83%] Built target serial
[0.635s] [100%] [32m[1mLinking CXX executable arduino_communication[0m
[1.029s] /usr/bin/ld: CMakeFiles/arduino_communication.dir/src/arduino_communication.cpp.o: in function `main':
[1.029s] arduino_communication.cpp:(.text+0x9c): undefined reference to `serial::Serial::Serial(std::__cxx11::basic_string<char, std::char_traits<char>, std::allocator<char> > const&, unsigned int, serial::Timeout, serial::bytesize_t, serial::parity_t, serial::stopbits_t, serial::flowcontrol_t)'
[1.029s] /usr/bin/ld: arduino_communication.cpp:(.text+0xca): undefined reference to `serial::Serial::isOpen() const'
[1.029s] /usr/bin/ld: arduino_communication.cpp:(.text+0x135): undefined reference to `serial::Serial::flushOutput()'
[1.029s] /usr/bin/ld: arduino_communication.cpp:(.text+0x195): undefined reference to `serial::Serial::write(std::__cxx11::basic_string<char, std::char_traits<char>, std::allocator<char> > const&)'
[1.030s] /usr/bin/ld: arduino_communication.cpp:(.text+0x25d): undefined reference to `serial::Serial::write(std::__cxx11::basic_string<char, std::char_traits<char>, std::allocator<char> > const&)'
[1.030s] /usr/bin/ld: arduino_communication.cpp:(.text+0x32b): undefined reference to `serial::Serial::flushInput()'
[1.030s] /usr/bin/ld: arduino_communication.cpp:(.text+0x346): undefined reference to `serial::Serial::read[abi:cxx11](unsigned long)'
[1.030s] /usr/bin/ld: arduino_communication.cpp:(.text+0x3aa): undefined reference to `serial::Serial::~Serial()'
[1.030s] /usr/bin/ld: arduino_communication.cpp:(.text+0x455): undefined reference to `serial::Serial::~Serial()'
[1.035s] collect2: error: ld returned 1 exit status
[1.037s] gmake[2]: *** [CMakeFiles/arduino_communication.dir/build.make:151: arduino_communication] Error 1
[1.037s] gmake[1]: *** [CMakeFiles/Makefile2:139: CMakeFiles/arduino_communication.dir/all] Error 2
[1.037s] gmake: *** [Makefile:146: all] Error 2
[1.041s] Invoked command in '/home/jayboi/serial_ws/build/arduino_communication' returned '2': CMAKE_PREFIX_PATH=/opt/ros/humble /usr/bin/cmake --build /home/jayboi/serial_ws/build/arduino_communication -- -j8 -l8
