[0.590s] DEBUG:colcon:Command line arguments: ['/usr/bin/colcon', 'build']
[0.590s] DEBUG:colcon:Parsed command line arguments: Namespace(log_base=None, log_level=None, verb_name='build', build_base='build', install_base='install', merge_install=False, symlink_install=False, test_result_base=None, continue_on_error=False, executor='parallel', parallel_workers=8, event_handlers=None, ignore_user_meta=False, metas=['./colcon.meta'], base_paths=['.'], packages_ignore=None, packages_ignore_regex=None, paths=None, packages_up_to=None, packages_up_to_regex=None, packages_above=None, packages_above_and_dependencies=None, packages_above_depth=None, packages_select_by_dep=None, packages_skip_by_dep=None, packages_skip_up_to=None, packages_select_build_failed=False, packages_skip_build_finished=False, packages_select_test_failures=False, packages_skip_test_passed=False, packages_select=None, packages_skip=None, packages_select_regex=None, packages_skip_regex=None, packages_start=None, packages_end=None, allow_overriding=[], cmake_args=None, cmake_target=None, cmake_target_skip_unavailable=False, cmake_clean_cache=False, cmake_clean_first=False, cmake_force_configure=False, ament_cmake_args=None, catkin_cmake_args=None, catkin_skip_building_tests=False, verb_parser=<colcon_defaults.argument_parser.defaults.DefaultArgumentsDecorator object at 0x7f7468cb4340>, verb_extension=<colcon_core.verb.build.BuildVerb object at 0x7f7468fdbb80>, main=<bound method BuildVerb.main of <colcon_core.verb.build.BuildVerb object at 0x7f7468fdbb80>>)
[0.618s] Level 1:colcon.colcon_core.package_discovery:discover_packages(colcon_meta) check parameters
[0.618s] Level 1:colcon.colcon_core.package_discovery:discover_packages(recursive) check parameters
[0.618s] Level 1:colcon.colcon_core.package_discovery:discover_packages(ignore) check parameters
[0.618s] Level 1:colcon.colcon_core.package_discovery:discover_packages(path) check parameters
[0.618s] Level 1:colcon.colcon_core.package_discovery:discover_packages(colcon_meta) discover
[0.618s] Level 1:colcon.colcon_core.package_discovery:discover_packages(recursive) discover
[0.618s] INFO:colcon.colcon_core.package_discovery:Crawling recursively for packages in '/home/jayboi/serial_ws'
[0.618s] Level 1:colcon.colcon_core.package_identification:_identify(.) by extensions ['ignore', 'ignore_ament_install']
[0.618s] Level 1:colcon.colcon_core.package_identification:_identify(.) by extension 'ignore'
[0.618s] Level 1:colcon.colcon_core.package_identification:_identify(.) by extension 'ignore_ament_install'
[0.618s] Level 1:colcon.colcon_core.package_identification:_identify(.) by extensions ['colcon_pkg']
[0.618s] Level 1:colcon.colcon_core.package_identification:_identify(.) by extension 'colcon_pkg'
[0.618s] Level 1:colcon.colcon_core.package_identification:_identify(.) by extensions ['colcon_meta']
[0.618s] Level 1:colcon.colcon_core.package_identification:_identify(.) by extension 'colcon_meta'
[0.619s] Level 1:colcon.colcon_core.package_identification:_identify(.) by extensions ['ros']
[0.619s] Level 1:colcon.colcon_core.package_identification:_identify(.) by extension 'ros'
[0.628s] Level 1:colcon.colcon_core.package_identification:_identify(.) by extensions ['cmake', 'python']
[0.628s] Level 1:colcon.colcon_core.package_identification:_identify(.) by extension 'cmake'
[0.628s] Level 1:colcon.colcon_core.package_identification:_identify(.) by extension 'python'
[0.628s] Level 1:colcon.colcon_core.package_identification:_identify(.) by extensions ['python_setup_py']
[0.628s] Level 1:colcon.colcon_core.package_identification:_identify(.) by extension 'python_setup_py'
[0.628s] Level 1:colcon.colcon_core.package_identification:_identify(build) by extensions ['ignore', 'ignore_ament_install']
[0.628s] Level 1:colcon.colcon_core.package_identification:_identify(build) by extension 'ignore'
[0.628s] Level 1:colcon.colcon_core.package_identification:_identify(build) ignored
[0.629s] Level 1:colcon.colcon_core.package_identification:_identify(install) by extensions ['ignore', 'ignore_ament_install']
[0.629s] Level 1:colcon.colcon_core.package_identification:_identify(install) by extension 'ignore'
[0.629s] Level 1:colcon.colcon_core.package_identification:_identify(install) ignored
[0.629s] Level 1:colcon.colcon_core.package_identification:_identify(log) by extensions ['ignore', 'ignore_ament_install']
[0.629s] Level 1:colcon.colcon_core.package_identification:_identify(log) by extension 'ignore'
[0.629s] Level 1:colcon.colcon_core.package_identification:_identify(log) ignored
[0.629s] Level 1:colcon.colcon_core.package_identification:_identify(src) by extensions ['ignore', 'ignore_ament_install']
[0.629s] Level 1:colcon.colcon_core.package_identification:_identify(src) by extension 'ignore'
[0.629s] Level 1:colcon.colcon_core.package_identification:_identify(src) by extension 'ignore_ament_install'
[0.629s] Level 1:colcon.colcon_core.package_identification:_identify(src) by extensions ['colcon_pkg']
[0.629s] Level 1:colcon.colcon_core.package_identification:_identify(src) by extension 'colcon_pkg'
[0.629s] Level 1:colcon.colcon_core.package_identification:_identify(src) by extensions ['colcon_meta']
[0.629s] Level 1:colcon.colcon_core.package_identification:_identify(src) by extension 'colcon_meta'
[0.629s] Level 1:colcon.colcon_core.package_identification:_identify(src) by extensions ['ros']
[0.629s] Level 1:colcon.colcon_core.package_identification:_identify(src) by extension 'ros'
[0.629s] Level 1:colcon.colcon_core.package_identification:_identify(src) by extensions ['cmake', 'python']
[0.629s] Level 1:colcon.colcon_core.package_identification:_identify(src) by extension 'cmake'
[0.629s] Level 1:colcon.colcon_core.package_identification:_identify(src) by extension 'python'
[0.629s] Level 1:colcon.colcon_core.package_identification:_identify(src) by extensions ['python_setup_py']
[0.629s] Level 1:colcon.colcon_core.package_identification:_identify(src) by extension 'python_setup_py'
[0.630s] Level 1:colcon.colcon_core.package_identification:_identify(src/arduino_communication) by extensions ['ignore', 'ignore_ament_install']
[0.630s] Level 1:colcon.colcon_core.package_identification:_identify(src/arduino_communication) by extension 'ignore'
[0.630s] Level 1:colcon.colcon_core.package_identification:_identify(src/arduino_communication) by extension 'ignore_ament_install'
[0.630s] Level 1:colcon.colcon_core.package_identification:_identify(src/arduino_communication) by extensions ['colcon_pkg']
[0.630s] Level 1:colcon.colcon_core.package_identification:_identify(src/arduino_communication) by extension 'colcon_pkg'
[0.630s] Level 1:colcon.colcon_core.package_identification:_identify(src/arduino_communication) by extensions ['colcon_meta']
[0.630s] Level 1:colcon.colcon_core.package_identification:_identify(src/arduino_communication) by extension 'colcon_meta'
[0.630s] Level 1:colcon.colcon_core.package_identification:_identify(src/arduino_communication) by extensions ['ros']
[0.630s] Level 1:colcon.colcon_core.package_identification:_identify(src/arduino_communication) by extension 'ros'
[0.632s] DEBUG:colcon.colcon_core.package_identification:Package 'src/arduino_communication' with type 'ros.ament_cmake' and name 'arduino_communication'
[0.632s] Level 1:colcon.colcon_core.package_discovery:discover_packages(recursive) using defaults
[0.632s] Level 1:colcon.colcon_core.package_discovery:discover_packages(ignore) discover
[0.632s] Level 1:colcon.colcon_core.package_discovery:discover_packages(ignore) using defaults
[0.632s] Level 1:colcon.colcon_core.package_discovery:discover_packages(path) discover
[0.632s] Level 1:colcon.colcon_core.package_discovery:discover_packages(path) using defaults
[0.683s] Level 1:colcon.colcon_core.package_discovery:discover_packages(prefix_path) check parameters
[0.683s] Level 1:colcon.colcon_core.package_discovery:discover_packages(prefix_path) discover
[0.691s] Level 1:colcon.colcon_core.package_discovery:discover_packages(prefix_path) using defaults
[0.705s] Level 5:colcon.colcon_core.verb:set package 'arduino_communication' build argument 'cmake_args' from command line to 'None'
[0.705s] Level 5:colcon.colcon_core.verb:set package 'arduino_communication' build argument 'cmake_target' from command line to 'None'
[0.705s] Level 5:colcon.colcon_core.verb:set package 'arduino_communication' build argument 'cmake_target_skip_unavailable' from command line to 'False'
[0.705s] Level 5:colcon.colcon_core.verb:set package 'arduino_communication' build argument 'cmake_clean_cache' from command line to 'False'
[0.705s] Level 5:colcon.colcon_core.verb:set package 'arduino_communication' build argument 'cmake_clean_first' from command line to 'False'
[0.705s] Level 5:colcon.colcon_core.verb:set package 'arduino_communication' build argument 'cmake_force_configure' from command line to 'False'
[0.705s] Level 5:colcon.colcon_core.verb:set package 'arduino_communication' build argument 'ament_cmake_args' from command line to 'None'
[0.705s] Level 5:colcon.colcon_core.verb:set package 'arduino_communication' build argument 'catkin_cmake_args' from command line to 'None'
[0.705s] Level 5:colcon.colcon_core.verb:set package 'arduino_communication' build argument 'catkin_skip_building_tests' from command line to 'False'
[0.705s] DEBUG:colcon.colcon_core.verb:Building package 'arduino_communication' with the following arguments: {'ament_cmake_args': None, 'build_base': '/home/jayboi/serial_ws/build/arduino_communication', 'catkin_cmake_args': None, 'catkin_skip_building_tests': False, 'cmake_args': None, 'cmake_clean_cache': False, 'cmake_clean_first': False, 'cmake_force_configure': False, 'cmake_target': None, 'cmake_target_skip_unavailable': False, 'install_base': '/home/jayboi/serial_ws/install/arduino_communication', 'merge_install': False, 'path': '/home/jayboi/serial_ws/src/arduino_communication', 'symlink_install': False, 'test_result_base': None}
[0.712s] INFO:colcon.colcon_core.executor:Executing jobs using 'parallel' executor
[0.719s] DEBUG:colcon.colcon_parallel_executor.executor.parallel:run_until_complete
[0.719s] INFO:colcon.colcon_ros.task.ament_cmake.build:Building ROS package in '/home/jayboi/serial_ws/src/arduino_communication' with build type 'ament_cmake'
[0.719s] INFO:colcon.colcon_cmake.task.cmake.build:Building CMake package in '/home/jayboi/serial_ws/src/arduino_communication'
[0.727s] INFO:colcon.colcon_core.plugin_system:Skipping extension 'colcon_core.shell.bat': Not used on non-Windows systems
[0.727s] INFO:colcon.colcon_core.shell:Skip shell extension 'powershell' for command environment: Not usable outside of PowerShell
[0.727s] DEBUG:colcon.colcon_core.shell:Skip shell extension 'dsv' for command environment
[0.741s] DEBUG:colcon.colcon_core.event_handler.log_command:Invoking command in '/home/jayboi/serial_ws/build/arduino_communication': /usr/bin/cmake --build /home/jayboi/serial_ws/build/arduino_communication -- -j8 -l8
[9.109s] DEBUG:colcon.colcon_core.event_handler.log_command:Invoked command in '/home/jayboi/serial_ws/build/arduino_communication' returned '0': /usr/bin/cmake --build /home/jayboi/serial_ws/build/arduino_communication -- -j8 -l8
[9.137s] DEBUG:colcon.colcon_core.event_handler.log_command:Invoking command in '/home/jayboi/serial_ws/build/arduino_communication': /usr/bin/cmake --install /home/jayboi/serial_ws/build/arduino_communication
[9.147s] Level 1:colcon.colcon_core.environment:create_environment_scripts_only(arduino_communication)
[9.148s] DEBUG:colcon.colcon_core.event_handler.log_command:Invoked command in '/home/jayboi/serial_ws/build/arduino_communication' returned '0': /usr/bin/cmake --install /home/jayboi/serial_ws/build/arduino_communication
[9.157s] Level 1:colcon.colcon_core.environment:checking '/home/jayboi/serial_ws/install/arduino_communication' for CMake module files
[9.157s] Level 1:colcon.colcon_core.environment:checking '/home/jayboi/serial_ws/install/arduino_communication' for CMake config files
[9.157s] Level 1:colcon.colcon_core.shell:create_environment_hook('arduino_communication', 'cmake_prefix_path')
[9.164s] INFO:colcon.colcon_core.shell:Creating environment hook '/home/jayboi/serial_ws/install/arduino_communication/share/arduino_communication/hook/cmake_prefix_path.ps1'
[9.164s] INFO:colcon.colcon_core.shell:Creating environment descriptor '/home/jayboi/serial_ws/install/arduino_communication/share/arduino_communication/hook/cmake_prefix_path.dsv'
[9.165s] INFO:colcon.colcon_core.shell:Creating environment hook '/home/jayboi/serial_ws/install/arduino_communication/share/arduino_communication/hook/cmake_prefix_path.sh'
[9.165s] Level 1:colcon.colcon_core.environment:checking '/home/jayboi/serial_ws/install/arduino_communication/lib'
[9.166s] Level 1:colcon.colcon_core.environment:checking '/home/jayboi/serial_ws/install/arduino_communication/bin'
[9.166s] Level 1:colcon.colcon_core.environment:checking '/home/jayboi/serial_ws/install/arduino_communication/lib/pkgconfig/arduino_communication.pc'
[9.167s] Level 1:colcon.colcon_core.environment:checking '/home/jayboi/serial_ws/install/arduino_communication/lib/python3.10/site-packages'
[9.167s] Level 1:colcon.colcon_core.environment:checking '/home/jayboi/serial_ws/install/arduino_communication/bin'
[9.174s] INFO:colcon.colcon_core.shell:Creating package script '/home/jayboi/serial_ws/install/arduino_communication/share/arduino_communication/package.ps1'
[9.175s] INFO:colcon.colcon_core.shell:Creating package descriptor '/home/jayboi/serial_ws/install/arduino_communication/share/arduino_communication/package.dsv'
[9.175s] INFO:colcon.colcon_core.shell:Creating package script '/home/jayboi/serial_ws/install/arduino_communication/share/arduino_communication/package.sh'
[9.176s] INFO:colcon.colcon_core.shell:Creating package script '/home/jayboi/serial_ws/install/arduino_communication/share/arduino_communication/package.bash'
[9.177s] INFO:colcon.colcon_core.shell:Creating package script '/home/jayboi/serial_ws/install/arduino_communication/share/arduino_communication/package.zsh'
[9.177s] Level 1:colcon.colcon_core.environment:create_file_with_runtime_dependencies(/home/jayboi/serial_ws/install/arduino_communication/share/colcon-core/packages/arduino_communication)
[9.205s] Level 1:colcon.colcon_core.environment:create_environment_scripts_only(arduino_communication)
[9.211s] Level 1:colcon.colcon_core.environment:checking '/home/jayboi/serial_ws/install/arduino_communication' for CMake module files
[9.211s] Level 1:colcon.colcon_core.environment:checking '/home/jayboi/serial_ws/install/arduino_communication' for CMake config files
[9.212s] Level 1:colcon.colcon_core.shell:create_environment_hook('arduino_communication', 'cmake_prefix_path')
[9.218s] INFO:colcon.colcon_core.shell:Creating environment hook '/home/jayboi/serial_ws/install/arduino_communication/share/arduino_communication/hook/cmake_prefix_path.ps1'
[9.219s] INFO:colcon.colcon_core.shell:Creating environment descriptor '/home/jayboi/serial_ws/install/arduino_communication/share/arduino_communication/hook/cmake_prefix_path.dsv'
[9.219s] INFO:colcon.colcon_core.shell:Creating environment hook '/home/jayboi/serial_ws/install/arduino_communication/share/arduino_communication/hook/cmake_prefix_path.sh'
[9.219s] Level 1:colcon.colcon_core.environment:checking '/home/jayboi/serial_ws/install/arduino_communication/lib'
[9.219s] Level 1:colcon.colcon_core.environment:checking '/home/jayboi/serial_ws/install/arduino_communication/bin'
[9.219s] Level 1:colcon.colcon_core.environment:checking '/home/jayboi/serial_ws/install/arduino_communication/lib/pkgconfig/arduino_communication.pc'
[9.220s] Level 1:colcon.colcon_core.environment:checking '/home/jayboi/serial_ws/install/arduino_communication/lib/python3.10/site-packages'
[9.220s] Level 1:colcon.colcon_core.environment:checking '/home/jayboi/serial_ws/install/arduino_communication/bin'
[9.226s] INFO:colcon.colcon_core.shell:Creating package script '/home/jayboi/serial_ws/install/arduino_communication/share/arduino_communication/package.ps1'
[9.227s] INFO:colcon.colcon_core.shell:Creating package descriptor '/home/jayboi/serial_ws/install/arduino_communication/share/arduino_communication/package.dsv'
[9.227s] INFO:colcon.colcon_core.shell:Creating package script '/home/jayboi/serial_ws/install/arduino_communication/share/arduino_communication/package.sh'
[9.227s] INFO:colcon.colcon_core.shell:Creating package script '/home/jayboi/serial_ws/install/arduino_communication/share/arduino_communication/package.bash'
[9.227s] INFO:colcon.colcon_core.shell:Creating package script '/home/jayboi/serial_ws/install/arduino_communication/share/arduino_communication/package.zsh'
[9.228s] Level 1:colcon.colcon_core.environment:create_file_with_runtime_dependencies(/home/jayboi/serial_ws/install/arduino_communication/share/colcon-core/packages/arduino_communication)
[9.228s] DEBUG:colcon.colcon_parallel_executor.executor.parallel:closing loop
[9.228s] DEBUG:colcon.colcon_parallel_executor.executor.parallel:loop closed
[9.228s] DEBUG:colcon.colcon_parallel_executor.executor.parallel:run_until_complete finished with '0'
[9.229s] DEBUG:colcon.colcon_core.event_reactor:joining thread
[9.293s] INFO:colcon.colcon_core.plugin_system:Skipping extension 'colcon_notification.desktop_notification.notify_send': Could not find 'notify-send'
[9.293s] INFO:colcon.colcon_core.plugin_system:Skipping extension 'colcon_notification.desktop_notification.terminal_notifier': Not used on non-Darwin systems
[9.293s] INFO:colcon.colcon_core.plugin_system:Skipping extension 'colcon_notification.desktop_notification.win32': Not used on non-Windows systems
[9.293s] INFO:colcon.colcon_notification.desktop_notification:Sending desktop notification using 'notify2'
[9.293s] DEBUG:colcon.colcon_notification.desktop_notification.notify2:Failed to initialize notify2: org.freedesktop.DBus.Error.FileNotFound: Failed to connect to socket /run/user/1000/bus: No such file or directory
[9.293s] DEBUG:colcon.colcon_core.event_reactor:joined thread
[9.300s] INFO:colcon.colcon_core.shell:Creating prefix script '/home/jayboi/serial_ws/install/local_setup.ps1'
[9.301s] INFO:colcon.colcon_core.shell:Creating prefix util module '/home/jayboi/serial_ws/install/_local_setup_util_ps1.py'
[9.302s] INFO:colcon.colcon_core.shell:Creating prefix chain script '/home/jayboi/serial_ws/install/setup.ps1'
[9.308s] INFO:colcon.colcon_core.shell:Creating prefix script '/home/jayboi/serial_ws/install/local_setup.sh'
[9.309s] INFO:colcon.colcon_core.shell:Creating prefix util module '/home/jayboi/serial_ws/install/_local_setup_util_sh.py'
[9.309s] INFO:colcon.colcon_core.shell:Creating prefix chain script '/home/jayboi/serial_ws/install/setup.sh'
[9.316s] INFO:colcon.colcon_core.shell:Creating prefix script '/home/jayboi/serial_ws/install/local_setup.bash'
[9.316s] INFO:colcon.colcon_core.shell:Creating prefix chain script '/home/jayboi/serial_ws/install/setup.bash'
[9.323s] INFO:colcon.colcon_core.shell:Creating prefix script '/home/jayboi/serial_ws/install/local_setup.zsh'
[9.324s] INFO:colcon.colcon_core.shell:Creating prefix chain script '/home/jayboi/serial_ws/install/setup.zsh'
