[0.658s] DEBUG:colcon:Command line arguments: ['/usr/bin/colcon', 'build', '--symlink-install']
[0.658s] DEBUG:colcon:Parsed command line arguments: Namespace(log_base=None, log_level=None, verb_name='build', build_base='build', install_base='install', merge_install=False, symlink_install=True, test_result_base=None, continue_on_error=False, executor='parallel', parallel_workers=16, event_handlers=None, ignore_user_meta=False, metas=['./colcon.meta'], base_paths=['.'], packages_ignore=None, packages_ignore_regex=None, paths=None, packages_up_to=None, packages_up_to_regex=None, packages_above=None, packages_above_and_dependencies=None, packages_above_depth=None, packages_select_by_dep=None, packages_skip_by_dep=None, packages_skip_up_to=None, packages_select_build_failed=False, packages_skip_build_finished=False, packages_select_test_failures=False, packages_skip_test_passed=False, packages_select=None, packages_skip=None, packages_select_regex=None, packages_skip_regex=None, packages_start=None, packages_end=None, allow_overriding=[], cmake_args=None, cmake_target=None, cmake_target_skip_unavailable=False, cmake_clean_cache=False, cmake_clean_first=False, cmake_force_configure=False, ament_cmake_args=None, catkin_cmake_args=None, catkin_skip_building_tests=False, verb_parser=<colcon_defaults.argument_parser.defaults.DefaultArgumentsDecorator object at 0x7f84555871c0>, verb_extension=<colcon_core.verb.build.BuildVerb object at 0x7f8455586c80>, main=<bound method BuildVerb.main of <colcon_core.verb.build.BuildVerb object at 0x7f8455586c80>>)
[0.688s] Level 1:colcon.colcon_core.package_discovery:discover_packages(colcon_meta) check parameters
[0.688s] Level 1:colcon.colcon_core.package_discovery:discover_packages(recursive) check parameters
[0.688s] Level 1:colcon.colcon_core.package_discovery:discover_packages(ignore) check parameters
[0.688s] Level 1:colcon.colcon_core.package_discovery:discover_packages(path) check parameters
[0.688s] Level 1:colcon.colcon_core.package_discovery:discover_packages(colcon_meta) discover
[0.688s] Level 1:colcon.colcon_core.package_discovery:discover_packages(recursive) discover
[0.688s] INFO:colcon.colcon_core.package_discovery:Crawling recursively for packages in '/home/marcus/diffdrive_arduino'
[0.688s] Level 1:colcon.colcon_core.package_identification:_identify(.) by extensions ['ignore', 'ignore_ament_install']
[0.688s] Level 1:colcon.colcon_core.package_identification:_identify(.) by extension 'ignore'
[0.688s] Level 1:colcon.colcon_core.package_identification:_identify(.) by extension 'ignore_ament_install'
[0.688s] Level 1:colcon.colcon_core.package_identification:_identify(.) by extensions ['colcon_pkg']
[0.688s] Level 1:colcon.colcon_core.package_identification:_identify(.) by extension 'colcon_pkg'
[0.688s] Level 1:colcon.colcon_core.package_identification:_identify(.) by extensions ['colcon_meta']
[0.688s] Level 1:colcon.colcon_core.package_identification:_identify(.) by extension 'colcon_meta'
[0.688s] Level 1:colcon.colcon_core.package_identification:_identify(.) by extensions ['ros']
[0.688s] Level 1:colcon.colcon_core.package_identification:_identify(.) by extension 'ros'
[0.697s] DEBUG:colcon.colcon_core.package_identification:Package '.' with type 'ros.ament_cmake' and name 'diffdrive_arduino'
[0.697s] Level 1:colcon.colcon_core.package_discovery:discover_packages(recursive) using defaults
[0.697s] Level 1:colcon.colcon_core.package_discovery:discover_packages(ignore) discover
[0.697s] Level 1:colcon.colcon_core.package_discovery:discover_packages(ignore) using defaults
[0.698s] Level 1:colcon.colcon_core.package_discovery:discover_packages(path) discover
[0.698s] Level 1:colcon.colcon_core.package_discovery:discover_packages(path) using defaults
[0.756s] Level 1:colcon.colcon_core.package_discovery:discover_packages(prefix_path) check parameters
[0.756s] Level 1:colcon.colcon_core.package_discovery:discover_packages(prefix_path) discover
[0.774s] DEBUG:colcon.colcon_installed_package_information.package_discovery:Found 1 installed packages in /home/marcus/diffdrive_arduino/install
[0.783s] DEBUG:colcon.colcon_installed_package_information.package_discovery:Found 305 installed packages in /opt/ros/humble
[0.784s] Level 1:colcon.colcon_core.package_discovery:discover_packages(prefix_path) using defaults
[0.853s] Level 5:colcon.colcon_core.verb:set package 'diffdrive_arduino' build argument 'cmake_args' from command line to 'None'
[0.854s] Level 5:colcon.colcon_core.verb:set package 'diffdrive_arduino' build argument 'cmake_target' from command line to 'None'
[0.854s] Level 5:colcon.colcon_core.verb:set package 'diffdrive_arduino' build argument 'cmake_target_skip_unavailable' from command line to 'False'
[0.854s] Level 5:colcon.colcon_core.verb:set package 'diffdrive_arduino' build argument 'cmake_clean_cache' from command line to 'False'
[0.854s] Level 5:colcon.colcon_core.verb:set package 'diffdrive_arduino' build argument 'cmake_clean_first' from command line to 'False'
[0.854s] Level 5:colcon.colcon_core.verb:set package 'diffdrive_arduino' build argument 'cmake_force_configure' from command line to 'False'
[0.854s] Level 5:colcon.colcon_core.verb:set package 'diffdrive_arduino' build argument 'ament_cmake_args' from command line to 'None'
[0.854s] Level 5:colcon.colcon_core.verb:set package 'diffdrive_arduino' build argument 'catkin_cmake_args' from command line to 'None'
[0.854s] Level 5:colcon.colcon_core.verb:set package 'diffdrive_arduino' build argument 'catkin_skip_building_tests' from command line to 'False'
[0.854s] DEBUG:colcon.colcon_core.verb:Building package 'diffdrive_arduino' with the following arguments: {'ament_cmake_args': None, 'build_base': '/home/marcus/diffdrive_arduino/build/diffdrive_arduino', 'catkin_cmake_args': None, 'catkin_skip_building_tests': False, 'cmake_args': None, 'cmake_clean_cache': False, 'cmake_clean_first': False, 'cmake_force_configure': False, 'cmake_target': None, 'cmake_target_skip_unavailable': False, 'install_base': '/home/marcus/diffdrive_arduino/install/diffdrive_arduino', 'merge_install': False, 'path': '/home/marcus/diffdrive_arduino', 'symlink_install': True, 'test_result_base': None}
[0.865s] INFO:colcon.colcon_core.executor:Executing jobs using 'parallel' executor
[0.876s] DEBUG:colcon.colcon_parallel_executor.executor.parallel:run_until_complete
[0.876s] INFO:colcon.colcon_ros.task.ament_cmake.build:Building ROS package in '/home/marcus/diffdrive_arduino' with build type 'ament_cmake'
[0.876s] INFO:colcon.colcon_cmake.task.cmake.build:Building CMake package in '/home/marcus/diffdrive_arduino'
[0.887s] INFO:colcon.colcon_core.plugin_system:Skipping extension 'colcon_core.shell.bat': Not used on non-Windows systems
[0.887s] INFO:colcon.colcon_core.shell:Skip shell extension 'powershell' for command environment: Not usable outside of PowerShell
[0.887s] DEBUG:colcon.colcon_core.shell:Skip shell extension 'dsv' for command environment
[0.922s] DEBUG:colcon.colcon_core.event_handler.log_command:Invoking command in '/home/marcus/diffdrive_arduino/build/diffdrive_arduino': CMAKE_PREFIX_PATH=${CMAKE_PREFIX_PATH}:/opt/ros/humble /usr/bin/cmake --build /home/marcus/diffdrive_arduino/build/diffdrive_arduino -- -j16 -l16
[3.490s] DEBUG:colcon.colcon_core.event_handler.log_command:Invoked command in '/home/marcus/diffdrive_arduino/build/diffdrive_arduino' returned '0': CMAKE_PREFIX_PATH=${CMAKE_PREFIX_PATH}:/opt/ros/humble /usr/bin/cmake --build /home/marcus/diffdrive_arduino/build/diffdrive_arduino -- -j16 -l16
[3.510s] DEBUG:colcon.colcon_core.event_handler.log_command:Invoking command in '/home/marcus/diffdrive_arduino/build/diffdrive_arduino': CMAKE_PREFIX_PATH=${CMAKE_PREFIX_PATH}:/opt/ros/humble /usr/bin/cmake --install /home/marcus/diffdrive_arduino/build/diffdrive_arduino
[3.525s] Level 1:colcon.colcon_core.environment:create_environment_scripts_only(diffdrive_arduino)
[3.526s] DEBUG:colcon.colcon_core.event_handler.log_command:Invoked command in '/home/marcus/diffdrive_arduino/build/diffdrive_arduino' returned '0': CMAKE_PREFIX_PATH=${CMAKE_PREFIX_PATH}:/opt/ros/humble /usr/bin/cmake --install /home/marcus/diffdrive_arduino/build/diffdrive_arduino
[3.536s] Level 1:colcon.colcon_core.environment:checking '/home/marcus/diffdrive_arduino/install/diffdrive_arduino' for CMake module files
[3.536s] Level 1:colcon.colcon_core.environment:checking '/home/marcus/diffdrive_arduino/install/diffdrive_arduino' for CMake config files
[3.536s] Level 1:colcon.colcon_core.shell:create_environment_hook('diffdrive_arduino', 'cmake_prefix_path')
[3.544s] INFO:colcon.colcon_core.shell:Creating environment hook '/home/marcus/diffdrive_arduino/install/diffdrive_arduino/share/diffdrive_arduino/hook/cmake_prefix_path.ps1'
[3.545s] INFO:colcon.colcon_core.shell:Creating environment descriptor '/home/marcus/diffdrive_arduino/install/diffdrive_arduino/share/diffdrive_arduino/hook/cmake_prefix_path.dsv'
[3.545s] INFO:colcon.colcon_core.shell:Creating environment hook '/home/marcus/diffdrive_arduino/install/diffdrive_arduino/share/diffdrive_arduino/hook/cmake_prefix_path.sh'
[3.546s] Level 1:colcon.colcon_core.environment:checking '/home/marcus/diffdrive_arduino/install/diffdrive_arduino/lib'
[3.546s] Level 1:colcon.colcon_core.shell:create_environment_hook('diffdrive_arduino', 'ld_library_path_lib')
[3.554s] INFO:colcon.colcon_core.shell:Creating environment hook '/home/marcus/diffdrive_arduino/install/diffdrive_arduino/share/diffdrive_arduino/hook/ld_library_path_lib.ps1'
[3.554s] INFO:colcon.colcon_core.shell:Creating environment descriptor '/home/marcus/diffdrive_arduino/install/diffdrive_arduino/share/diffdrive_arduino/hook/ld_library_path_lib.dsv'
[3.554s] INFO:colcon.colcon_core.shell:Creating environment hook '/home/marcus/diffdrive_arduino/install/diffdrive_arduino/share/diffdrive_arduino/hook/ld_library_path_lib.sh'
[3.554s] Level 1:colcon.colcon_core.environment:checking '/home/marcus/diffdrive_arduino/install/diffdrive_arduino/bin'
[3.555s] Level 1:colcon.colcon_core.environment:checking '/home/marcus/diffdrive_arduino/install/diffdrive_arduino/lib/pkgconfig/diffdrive_arduino.pc'
[3.555s] Level 1:colcon.colcon_core.environment:checking '/home/marcus/diffdrive_arduino/install/diffdrive_arduino/lib/python3.10/site-packages'
[3.555s] Level 1:colcon.colcon_core.environment:checking '/home/marcus/diffdrive_arduino/install/diffdrive_arduino/bin'
[3.563s] INFO:colcon.colcon_core.shell:Creating package script '/home/marcus/diffdrive_arduino/install/diffdrive_arduino/share/diffdrive_arduino/package.ps1'
[3.563s] INFO:colcon.colcon_core.shell:Creating package descriptor '/home/marcus/diffdrive_arduino/install/diffdrive_arduino/share/diffdrive_arduino/package.dsv'
[3.564s] INFO:colcon.colcon_core.shell:Creating package script '/home/marcus/diffdrive_arduino/install/diffdrive_arduino/share/diffdrive_arduino/package.sh'
[3.564s] INFO:colcon.colcon_core.shell:Creating package script '/home/marcus/diffdrive_arduino/install/diffdrive_arduino/share/diffdrive_arduino/package.bash'
[3.565s] INFO:colcon.colcon_core.shell:Creating package script '/home/marcus/diffdrive_arduino/install/diffdrive_arduino/share/diffdrive_arduino/package.zsh'
[3.565s] Level 1:colcon.colcon_core.environment:create_file_with_runtime_dependencies(/home/marcus/diffdrive_arduino/install/diffdrive_arduino/share/colcon-core/packages/diffdrive_arduino)
[3.588s] Level 1:colcon.colcon_core.environment:create_environment_scripts_only(diffdrive_arduino)
[3.596s] Level 1:colcon.colcon_core.environment:checking '/home/marcus/diffdrive_arduino/install/diffdrive_arduino' for CMake module files
[3.597s] Level 1:colcon.colcon_core.environment:checking '/home/marcus/diffdrive_arduino/install/diffdrive_arduino' for CMake config files
[3.597s] Level 1:colcon.colcon_core.shell:create_environment_hook('diffdrive_arduino', 'cmake_prefix_path')
[3.605s] INFO:colcon.colcon_core.shell:Creating environment hook '/home/marcus/diffdrive_arduino/install/diffdrive_arduino/share/diffdrive_arduino/hook/cmake_prefix_path.ps1'
[3.606s] INFO:colcon.colcon_core.shell:Creating environment descriptor '/home/marcus/diffdrive_arduino/install/diffdrive_arduino/share/diffdrive_arduino/hook/cmake_prefix_path.dsv'
[3.606s] INFO:colcon.colcon_core.shell:Creating environment hook '/home/marcus/diffdrive_arduino/install/diffdrive_arduino/share/diffdrive_arduino/hook/cmake_prefix_path.sh'
[3.606s] Level 1:colcon.colcon_core.environment:checking '/home/marcus/diffdrive_arduino/install/diffdrive_arduino/lib'
[3.606s] Level 1:colcon.colcon_core.shell:create_environment_hook('diffdrive_arduino', 'ld_library_path_lib')
[3.616s] INFO:colcon.colcon_core.shell:Creating environment hook '/home/marcus/diffdrive_arduino/install/diffdrive_arduino/share/diffdrive_arduino/hook/ld_library_path_lib.ps1'
[3.616s] INFO:colcon.colcon_core.shell:Creating environment descriptor '/home/marcus/diffdrive_arduino/install/diffdrive_arduino/share/diffdrive_arduino/hook/ld_library_path_lib.dsv'
[3.616s] INFO:colcon.colcon_core.shell:Creating environment hook '/home/marcus/diffdrive_arduino/install/diffdrive_arduino/share/diffdrive_arduino/hook/ld_library_path_lib.sh'
[3.616s] Level 1:colcon.colcon_core.environment:checking '/home/marcus/diffdrive_arduino/install/diffdrive_arduino/bin'
[3.616s] Level 1:colcon.colcon_core.environment:checking '/home/marcus/diffdrive_arduino/install/diffdrive_arduino/lib/pkgconfig/diffdrive_arduino.pc'
[3.617s] Level 1:colcon.colcon_core.environment:checking '/home/marcus/diffdrive_arduino/install/diffdrive_arduino/lib/python3.10/site-packages'
[3.617s] Level 1:colcon.colcon_core.environment:checking '/home/marcus/diffdrive_arduino/install/diffdrive_arduino/bin'
[3.626s] INFO:colcon.colcon_core.shell:Creating package script '/home/marcus/diffdrive_arduino/install/diffdrive_arduino/share/diffdrive_arduino/package.ps1'
[3.626s] INFO:colcon.colcon_core.shell:Creating package descriptor '/home/marcus/diffdrive_arduino/install/diffdrive_arduino/share/diffdrive_arduino/package.dsv'
[3.626s] INFO:colcon.colcon_core.shell:Creating package script '/home/marcus/diffdrive_arduino/install/diffdrive_arduino/share/diffdrive_arduino/package.sh'
[3.627s] INFO:colcon.colcon_core.shell:Creating package script '/home/marcus/diffdrive_arduino/install/diffdrive_arduino/share/diffdrive_arduino/package.bash'
[3.627s] INFO:colcon.colcon_core.shell:Creating package script '/home/marcus/diffdrive_arduino/install/diffdrive_arduino/share/diffdrive_arduino/package.zsh'
[3.627s] Level 1:colcon.colcon_core.environment:create_file_with_runtime_dependencies(/home/marcus/diffdrive_arduino/install/diffdrive_arduino/share/colcon-core/packages/diffdrive_arduino)
[3.627s] DEBUG:colcon.colcon_parallel_executor.executor.parallel:closing loop
[3.627s] DEBUG:colcon.colcon_parallel_executor.executor.parallel:loop closed
[3.627s] DEBUG:colcon.colcon_parallel_executor.executor.parallel:run_until_complete finished with '0'
[3.627s] DEBUG:colcon.colcon_core.event_reactor:joining thread
[3.666s] INFO:colcon.colcon_core.plugin_system:Skipping extension 'colcon_notification.desktop_notification.notify_send': Could not find 'notify-send'
[3.666s] INFO:colcon.colcon_core.plugin_system:Skipping extension 'colcon_notification.desktop_notification.terminal_notifier': Not used on non-Darwin systems
[3.666s] INFO:colcon.colcon_core.plugin_system:Skipping extension 'colcon_notification.desktop_notification.win32': Not used on non-Windows systems
[3.666s] INFO:colcon.colcon_notification.desktop_notification:Sending desktop notification using 'notify2'
[3.666s] DEBUG:colcon.colcon_notification.desktop_notification.notify2:Failed to initialize notify2: org.freedesktop.DBus.Error.FileNotFound: Failed to connect to socket /run/user/1000/bus: No such file or directory
[3.666s] DEBUG:colcon.colcon_core.event_reactor:joined thread
[3.675s] INFO:colcon.colcon_core.shell:Creating prefix script '/home/marcus/diffdrive_arduino/install/local_setup.ps1'
[3.676s] INFO:colcon.colcon_core.shell:Creating prefix util module '/home/marcus/diffdrive_arduino/install/_local_setup_util_ps1.py'
[3.677s] INFO:colcon.colcon_core.shell:Creating prefix chain script '/home/marcus/diffdrive_arduino/install/setup.ps1'
[3.686s] INFO:colcon.colcon_core.shell:Creating prefix script '/home/marcus/diffdrive_arduino/install/local_setup.sh'
[3.686s] INFO:colcon.colcon_core.shell:Creating prefix util module '/home/marcus/diffdrive_arduino/install/_local_setup_util_sh.py'
[3.687s] INFO:colcon.colcon_core.shell:Creating prefix chain script '/home/marcus/diffdrive_arduino/install/setup.sh'
[3.696s] INFO:colcon.colcon_core.shell:Creating prefix script '/home/marcus/diffdrive_arduino/install/local_setup.bash'
[3.696s] INFO:colcon.colcon_core.shell:Creating prefix chain script '/home/marcus/diffdrive_arduino/install/setup.bash'
[3.704s] INFO:colcon.colcon_core.shell:Creating prefix script '/home/marcus/diffdrive_arduino/install/local_setup.zsh'
[3.705s] INFO:colcon.colcon_core.shell:Creating prefix chain script '/home/marcus/diffdrive_arduino/install/setup.zsh'
