[0.056s] Invoking command in '/home/jayboi/serial_ws/build/arduino_communication': CMAKE_PREFIX_PATH=/opt/ros/humble /usr/bin/cmake /home/jayboi/serial_ws/src/arduino_communication -DCMAKE_INSTALL_PREFIX=/home/jayboi/serial_ws/install/arduino_communication
[0.064s] -- Found ament_cmake: 1.3.7 (/opt/ros/humble/share/ament_cmake/cmake)
[0.187s] -- Found rclcpp: 16.0.8 (/opt/ros/humble/share/rclcpp/cmake)
[0.317s] -- Found rosidl_generator_c: 3.1.5 (/opt/ros/humble/share/rosidl_generator_c/cmake)
[0.319s] -- Found rosidl_adapter: 3.1.5 (/opt/ros/humble/share/rosidl_adapter/cmake)
[0.324s] -- Found rosidl_generator_cpp: 3.1.5 (/opt/ros/humble/share/rosidl_generator_cpp/cmake)
[0.336s] -- Using all available rosidl_typesupport_c: rosidl_typesupport_fastrtps_c;rosidl_typesupport_introspection_c
[0.360s] -- Using all available rosidl_typesupport_cpp: rosidl_typesupport_fastrtps_cpp;rosidl_typesupport_introspection_cpp
[0.415s] -- Found rmw_implementation_cmake: 6.1.1 (/opt/ros/humble/share/rmw_implementation_cmake/cmake)
[0.416s] -- Found rmw_fastrtps_cpp: 6.2.6 (/opt/ros/humble/share/rmw_fastrtps_cpp/cmake)
[4.403s] -- Using RMW implementation 'rmw_fastrtps_cpp' as default
[5.678s] [31mCMake Error at CMakeLists.txt:12 (find_package):
[5.679s]   By not providing "Findserial.cmake" in CMAKE_MODULE_PATH this project has
[5.679s]   asked CMake to find a package configuration file provided by "serial", but
[5.679s]   CMake did not find one.
[5.679s] 
[5.679s]   Could not find a package configuration file provided by "serial" with any
[5.679s]   of the following names:
[5.679s] 
[5.679s]     serialConfig.cmake
[5.679s]     serial-config.cmake
[5.679s] 
[5.679s]   Add the installation prefix of "serial" to CMAKE_PREFIX_PATH or set
[5.679s]   "serial_DIR" to a directory containing one of the above files.  If "serial"
[5.679s]   provides a separate development package or SDK, be sure it has been
[5.679s]   installed.
[5.679s] 
[5.679s] [0m
[5.679s] -- Configuring incomplete, errors occurred!
[5.680s] See also "/home/jayboi/serial_ws/build/arduino_communication/CMakeFiles/CMakeOutput.log".
[5.684s] Invoked command in '/home/jayboi/serial_ws/build/arduino_communication' returned '1': CMAKE_PREFIX_PATH=/opt/ros/humble /usr/bin/cmake /home/jayboi/serial_ws/src/arduino_communication -DCMAKE_INSTALL_PREFIX=/home/jayboi/serial_ws/install/arduino_communication
