[0.062s] Invoking command in '/home/jayboi/serial_ws/build/arduino_communication': CMAKE_PREFIX_PATH=/opt/ros/humble /usr/bin/cmake --build /home/jayboi/serial_ws/build/arduino_communication -- -j8 -l8
[0.211s] -- Found ament_cmake: 1.3.7 (/opt/ros/humble/share/ament_cmake/cmake)
[0.474s] -- Found rclcpp: 16.0.8 (/opt/ros/humble/share/rclcpp/cmake)
[0.622s] -- Found rosidl_generator_c: 3.1.5 (/opt/ros/humble/share/rosidl_generator_c/cmake)
[0.624s] -- Found rosidl_adapter: 3.1.5 (/opt/ros/humble/share/rosidl_adapter/cmake)
[0.631s] -- Found rosidl_generator_cpp: 3.1.5 (/opt/ros/humble/share/rosidl_generator_cpp/cmake)
[0.641s] -- Using all available rosidl_typesupport_c: rosidl_typesupport_fastrtps_c;rosidl_typesupport_introspection_c
[0.659s] -- Using all available rosidl_typesupport_cpp: rosidl_typesupport_fastrtps_cpp;rosidl_typesupport_introspection_cpp
[0.714s] -- Found rmw_implementation_cmake: 6.1.1 (/opt/ros/humble/share/rmw_implementation_cmake/cmake)
[0.715s] -- Found rmw_fastrtps_cpp: 6.2.6 (/opt/ros/humble/share/rmw_fastrtps_cpp/cmake)
[8.881s] -- Using RMW implementation 'rmw_fastrtps_cpp' as default
[9.233s] -- Found ament_lint_auto: 0.12.10 (/opt/ros/humble/share/ament_lint_auto/cmake)
[9.365s] -- Added test 'cppcheck' to perform static code analysis on C / C++ code
[9.366s] -- Configured cppcheck include dirs: /home/jayboi/serial_ws/src/arduino_communication/third-party/include
[9.366s] -- Configured cppcheck exclude dirs and/or files: 
[9.367s] -- Added test 'lint_cmake' to check CMake code style
[9.370s] -- Added test 'uncrustify' to check C / C++ code style
[9.370s] -- Configured uncrustify additional arguments: 
[9.370s] -- Added test 'xmllint' to check XML markup files
[9.373s] -- Configuring done
[9.377s] [31mCMake Error at CMakeLists.txt:14 (add_library):
[9.377s]   Cannot find source file:
[9.377s] 
[9.377s]     third-party/src/serial.cc
[9.377s] 
[9.377s]   Tried extensions .c .C .c++ .cc .cpp .cxx .cu .mpp .m .M .mm .ixx .cppm .h
[9.378s]   .hh .h++ .hm .hpp .hxx .in .txx .f .F .for .f77 .f90 .f95 .f03 .hip .ispc
[9.378s] 
[9.378s] [0m
[9.378s] [31mCMake Error at CMakeLists.txt:14 (add_library):
[9.379s]   No SOURCES given to target: serial
[9.379s] 
[9.379s] [0m
[9.380s] [0mCMake Generate step failed.  Build files cannot be regenerated correctly.[0m
[9.392s] gmake: *** [Makefile:362: cmake_check_build_system] Error 1
[9.392s] Invoked command in '/home/jayboi/serial_ws/build/arduino_communication' returned '2': CMAKE_PREFIX_PATH=/opt/ros/humble /usr/bin/cmake --build /home/jayboi/serial_ws/build/arduino_communication -- -j8 -l8
