[0.062s] Invoking command in '/home/jayboi/serial_ws/build/arduino_communication': CMAKE_PREFIX_PATH=/opt/ros/humble /usr/bin/cmake --build /home/jayboi/serial_ws/build/arduino_communication -- -j8 -l8
[0.079s] -- Found ament_cmake: 1.3.7 (/opt/ros/humble/share/ament_cmake/cmake)
[0.453s] -- Found rclcpp: 16.0.8 (/opt/ros/humble/share/rclcpp/cmake)
[0.636s] -- Found rosidl_generator_c: 3.1.5 (/opt/ros/humble/share/rosidl_generator_c/cmake)
[0.638s] -- Found rosidl_adapter: 3.1.5 (/opt/ros/humble/share/rosidl_adapter/cmake)
[0.644s] -- Found rosidl_generator_cpp: 3.1.5 (/opt/ros/humble/share/rosidl_generator_cpp/cmake)
[0.669s] -- Using all available rosidl_typesupport_c: rosidl_typesupport_fastrtps_c;rosidl_typesupport_introspection_c
[0.696s] -- Using all available rosidl_typesupport_cpp: rosidl_typesupport_fastrtps_cpp;rosidl_typesupport_introspection_cpp
[0.752s] -- Found rmw_implementation_cmake: 6.1.1 (/opt/ros/humble/share/rmw_implementation_cmake/cmake)
[0.753s] -- Found rmw_fastrtps_cpp: 6.2.6 (/opt/ros/humble/share/rmw_fastrtps_cpp/cmake)
[12.070s] -- Using RMW implementation 'rmw_fastrtps_cpp' as default
[12.222s] -- Found ament_lint_auto: 0.12.10 (/opt/ros/humble/share/ament_lint_auto/cmake)
[12.281s] -- Added test 'cppcheck' to perform static code analysis on C / C++ code
[12.282s] -- Configured cppcheck include dirs: /home/jayboi/serial_ws/src/arduino_communication/third-party/include
[12.282s] -- Configured cppcheck exclude dirs and/or files: 
[12.282s] -- Added test 'lint_cmake' to check CMake code style
[12.283s] -- Added test 'uncrustify' to check C / C++ code style
[12.283s] -- Configured uncrustify additional arguments: 
[12.284s] -- Added test 'xmllint' to check XML markup files
[12.285s] -- Configuring done
[12.287s] [31mCMake Error at CMakeLists.txt:14 (add_library):
[12.287s]   Cannot find source file:
[12.287s] 
[12.287s]     third-party/src/serial.cc
[12.287s] 
[12.287s]   Tried extensions .c .C .c++ .cc .cpp .cxx .cu .mpp .m .M .mm .ixx .cppm .h
[12.287s]   .hh .h++ .hm .hpp .hxx .in .txx .f .F .for .f77 .f90 .f95 .f03 .hip .ispc
[12.287s] 
[12.287s] [0m
[12.287s] [31mCMake Error at CMakeLists.txt:14 (add_library):
[12.287s]   No SOURCES given to target: serial
[12.287s] 
[12.287s] [0m
[12.288s] [0mCMake Generate step failed.  Build files cannot be regenerated correctly.[0m
[12.293s] gmake: *** [Makefile:362: cmake_check_build_system] Error 1
[12.294s] Invoked command in '/home/jayboi/serial_ws/build/arduino_communication' returned '2': CMAKE_PREFIX_PATH=/opt/ros/humble /usr/bin/cmake --build /home/jayboi/serial_ws/build/arduino_communication -- -j8 -l8
