[0.623s] DEBUG:colcon:Command line arguments: ['/usr/bin/colcon', 'build', '--symlink-install']
[0.623s] DEBUG:colcon:Parsed command line arguments: Namespace(log_base=None, log_level=None, verb_name='build', build_base='build', install_base='install', merge_install=False, symlink_install=True, test_result_base=None, continue_on_error=False, executor='parallel', parallel_workers=16, event_handlers=None, ignore_user_meta=False, metas=['./colcon.meta'], base_paths=['.'], packages_ignore=None, packages_ignore_regex=None, paths=None, packages_up_to=None, packages_up_to_regex=None, packages_above=None, packages_above_and_dependencies=None, packages_above_depth=None, packages_select_by_dep=None, packages_skip_by_dep=None, packages_skip_up_to=None, packages_select_build_failed=False, packages_skip_build_finished=False, packages_select_test_failures=False, packages_skip_test_passed=False, packages_select=None, packages_skip=None, packages_select_regex=None, packages_skip_regex=None, packages_start=None, packages_end=None, allow_overriding=[], cmake_args=None, cmake_target=None, cmake_target_skip_unavailable=False, cmake_clean_cache=False, cmake_clean_first=False, cmake_force_configure=False, ament_cmake_args=None, catkin_cmake_args=None, catkin_skip_building_tests=False, verb_parser=<colcon_defaults.argument_parser.defaults.DefaultArgumentsDecorator object at 0x7fa5337ab610>, verb_extension=<colcon_core.verb.build.BuildVerb object at 0x7fa5337e7ac0>, main=<bound method BuildVerb.main of <colcon_core.verb.build.BuildVerb object at 0x7fa5337e7ac0>>)
[0.650s] Level 1:colcon.colcon_core.package_discovery:discover_packages(colcon_meta) check parameters
[0.651s] Level 1:colcon.colcon_core.package_discovery:discover_packages(recursive) check parameters
[0.651s] Level 1:colcon.colcon_core.package_discovery:discover_packages(ignore) check parameters
[0.651s] Level 1:colcon.colcon_core.package_discovery:discover_packages(path) check parameters
[0.651s] Level 1:colcon.colcon_core.package_discovery:discover_packages(colcon_meta) discover
[0.651s] Level 1:colcon.colcon_core.package_discovery:discover_packages(recursive) discover
[0.651s] INFO:colcon.colcon_core.package_discovery:Crawling recursively for packages in '/home/marcus/diffdrive_arduino'
[0.651s] Level 1:colcon.colcon_core.package_identification:_identify(.) by extensions ['ignore', 'ignore_ament_install']
[0.651s] Level 1:colcon.colcon_core.package_identification:_identify(.) by extension 'ignore'
[0.651s] Level 1:colcon.colcon_core.package_identification:_identify(.) by extension 'ignore_ament_install'
[0.651s] Level 1:colcon.colcon_core.package_identification:_identify(.) by extensions ['colcon_pkg']
[0.651s] Level 1:colcon.colcon_core.package_identification:_identify(.) by extension 'colcon_pkg'
[0.651s] Level 1:colcon.colcon_core.package_identification:_identify(.) by extensions ['colcon_meta']
[0.651s] Level 1:colcon.colcon_core.package_identification:_identify(.) by extension 'colcon_meta'
[0.651s] Level 1:colcon.colcon_core.package_identification:_identify(.) by extensions ['ros']
[0.651s] Level 1:colcon.colcon_core.package_identification:_identify(.) by extension 'ros'
[0.659s] DEBUG:colcon.colcon_core.package_identification:Package '.' with type 'ros.ament_cmake' and name 'diffdrive_arduino'
[0.659s] Level 1:colcon.colcon_core.package_discovery:discover_packages(recursive) using defaults
[0.659s] Level 1:colcon.colcon_core.package_discovery:discover_packages(ignore) discover
[0.659s] Level 1:colcon.colcon_core.package_discovery:discover_packages(ignore) using defaults
[0.659s] Level 1:colcon.colcon_core.package_discovery:discover_packages(path) discover
[0.660s] Level 1:colcon.colcon_core.package_discovery:discover_packages(path) using defaults
[0.712s] Level 1:colcon.colcon_core.package_discovery:discover_packages(prefix_path) check parameters
[0.712s] Level 1:colcon.colcon_core.package_discovery:discover_packages(prefix_path) discover
[0.730s] DEBUG:colcon.colcon_installed_package_information.package_discovery:Found 1 installed packages in /home/marcus/diffdrive_arduino/install
[0.738s] DEBUG:colcon.colcon_installed_package_information.package_discovery:Found 302 installed packages in /opt/ros/humble
[0.739s] Level 1:colcon.colcon_core.package_discovery:discover_packages(prefix_path) using defaults
[0.797s] Level 5:colcon.colcon_core.verb:set package 'diffdrive_arduino' build argument 'cmake_args' from command line to 'None'
[0.797s] Level 5:colcon.colcon_core.verb:set package 'diffdrive_arduino' build argument 'cmake_target' from command line to 'None'
[0.797s] Level 5:colcon.colcon_core.verb:set package 'diffdrive_arduino' build argument 'cmake_target_skip_unavailable' from command line to 'False'
[0.797s] Level 5:colcon.colcon_core.verb:set package 'diffdrive_arduino' build argument 'cmake_clean_cache' from command line to 'False'
[0.797s] Level 5:colcon.colcon_core.verb:set package 'diffdrive_arduino' build argument 'cmake_clean_first' from command line to 'False'
[0.797s] Level 5:colcon.colcon_core.verb:set package 'diffdrive_arduino' build argument 'cmake_force_configure' from command line to 'False'
[0.797s] Level 5:colcon.colcon_core.verb:set package 'diffdrive_arduino' build argument 'ament_cmake_args' from command line to 'None'
[0.797s] Level 5:colcon.colcon_core.verb:set package 'diffdrive_arduino' build argument 'catkin_cmake_args' from command line to 'None'
[0.797s] Level 5:colcon.colcon_core.verb:set package 'diffdrive_arduino' build argument 'catkin_skip_building_tests' from command line to 'False'
[0.797s] DEBUG:colcon.colcon_core.verb:Building package 'diffdrive_arduino' with the following arguments: {'ament_cmake_args': None, 'build_base': '/home/marcus/diffdrive_arduino/build/diffdrive_arduino', 'catkin_cmake_args': None, 'catkin_skip_building_tests': False, 'cmake_args': None, 'cmake_clean_cache': False, 'cmake_clean_first': False, 'cmake_force_configure': False, 'cmake_target': None, 'cmake_target_skip_unavailable': False, 'install_base': '/home/marcus/diffdrive_arduino/install/diffdrive_arduino', 'merge_install': False, 'path': '/home/marcus/diffdrive_arduino', 'symlink_install': True, 'test_result_base': None}
[0.805s] INFO:colcon.colcon_core.executor:Executing jobs using 'parallel' executor
[0.814s] DEBUG:colcon.colcon_parallel_executor.executor.parallel:run_until_complete
[0.814s] INFO:colcon.colcon_ros.task.ament_cmake.build:Building ROS package in '/home/marcus/diffdrive_arduino' with build type 'ament_cmake'
[0.815s] INFO:colcon.colcon_cmake.task.cmake.build:Building CMake package in '/home/marcus/diffdrive_arduino'
[0.824s] INFO:colcon.colcon_core.plugin_system:Skipping extension 'colcon_core.shell.bat': Not used on non-Windows systems
[0.824s] INFO:colcon.colcon_core.shell:Skip shell extension 'powershell' for command environment: Not usable outside of PowerShell
[0.825s] DEBUG:colcon.colcon_core.shell:Skip shell extension 'dsv' for command environment
[0.855s] DEBUG:colcon.colcon_core.event_handler.log_command:Invoking command in '/home/marcus/diffdrive_arduino/build/diffdrive_arduino': CMAKE_PREFIX_PATH=/opt/ros/humble /usr/bin/cmake /home/marcus/diffdrive_arduino -DAMENT_CMAKE_SYMLINK_INSTALL=1 -DCMAKE_INSTALL_PREFIX=/home/marcus/diffdrive_arduino/install/diffdrive_arduino
[2.876s] DEBUG:colcon.colcon_core.event_handler.log_command:Invoked command in '/home/marcus/diffdrive_arduino/build/diffdrive_arduino' returned '0': CMAKE_PREFIX_PATH=/opt/ros/humble /usr/bin/cmake /home/marcus/diffdrive_arduino -DAMENT_CMAKE_SYMLINK_INSTALL=1 -DCMAKE_INSTALL_PREFIX=/home/marcus/diffdrive_arduino/install/diffdrive_arduino
[2.878s] DEBUG:colcon.colcon_core.event_handler.log_command:Invoking command in '/home/marcus/diffdrive_arduino/build/diffdrive_arduino': CMAKE_PREFIX_PATH=/opt/ros/humble /usr/bin/cmake --build /home/marcus/diffdrive_arduino/build/diffdrive_arduino -- -j16 -l16
[5.621s] DEBUG:colcon.colcon_core.event_handler.log_command:Invoked command in '/home/marcus/diffdrive_arduino/build/diffdrive_arduino' returned '0': CMAKE_PREFIX_PATH=/opt/ros/humble /usr/bin/cmake --build /home/marcus/diffdrive_arduino/build/diffdrive_arduino -- -j16 -l16
[5.637s] DEBUG:colcon.colcon_core.event_handler.log_command:Invoking command in '/home/marcus/diffdrive_arduino/build/diffdrive_arduino': CMAKE_PREFIX_PATH=/opt/ros/humble /usr/bin/cmake --install /home/marcus/diffdrive_arduino/build/diffdrive_arduino
[5.804s] Level 1:colcon.colcon_core.environment:create_environment_scripts_only(diffdrive_arduino)
[5.805s] DEBUG:colcon.colcon_core.event_handler.log_command:Invoked command in '/home/marcus/diffdrive_arduino/build/diffdrive_arduino' returned '0': CMAKE_PREFIX_PATH=/opt/ros/humble /usr/bin/cmake --install /home/marcus/diffdrive_arduino/build/diffdrive_arduino
[5.815s] Level 1:colcon.colcon_core.environment:checking '/home/marcus/diffdrive_arduino/install/diffdrive_arduino' for CMake module files
[5.815s] Level 1:colcon.colcon_core.environment:checking '/home/marcus/diffdrive_arduino/install/diffdrive_arduino' for CMake config files
[5.815s] Level 1:colcon.colcon_core.shell:create_environment_hook('diffdrive_arduino', 'cmake_prefix_path')
[5.824s] INFO:colcon.colcon_core.shell:Creating environment hook '/home/marcus/diffdrive_arduino/install/diffdrive_arduino/share/diffdrive_arduino/hook/cmake_prefix_path.ps1'
[5.825s] INFO:colcon.colcon_core.shell:Creating environment descriptor '/home/marcus/diffdrive_arduino/install/diffdrive_arduino/share/diffdrive_arduino/hook/cmake_prefix_path.dsv'
[5.825s] INFO:colcon.colcon_core.shell:Creating environment hook '/home/marcus/diffdrive_arduino/install/diffdrive_arduino/share/diffdrive_arduino/hook/cmake_prefix_path.sh'
[5.826s] Level 1:colcon.colcon_core.environment:checking '/home/marcus/diffdrive_arduino/install/diffdrive_arduino/lib'
[5.826s] Level 1:colcon.colcon_core.shell:create_environment_hook('diffdrive_arduino', 'ld_library_path_lib')
[5.842s] INFO:colcon.colcon_core.shell:Creating environment hook '/home/marcus/diffdrive_arduino/install/diffdrive_arduino/share/diffdrive_arduino/hook/ld_library_path_lib.ps1'
[5.843s] INFO:colcon.colcon_core.shell:Creating environment descriptor '/home/marcus/diffdrive_arduino/install/diffdrive_arduino/share/diffdrive_arduino/hook/ld_library_path_lib.dsv'
[5.843s] INFO:colcon.colcon_core.shell:Creating environment hook '/home/marcus/diffdrive_arduino/install/diffdrive_arduino/share/diffdrive_arduino/hook/ld_library_path_lib.sh'
[5.843s] Level 1:colcon.colcon_core.environment:checking '/home/marcus/diffdrive_arduino/install/diffdrive_arduino/bin'
[5.843s] Level 1:colcon.colcon_core.environment:checking '/home/marcus/diffdrive_arduino/install/diffdrive_arduino/lib/pkgconfig/diffdrive_arduino.pc'
[5.843s] Level 1:colcon.colcon_core.environment:checking '/home/marcus/diffdrive_arduino/install/diffdrive_arduino/lib/python3.10/site-packages'
[5.844s] Level 1:colcon.colcon_core.environment:checking '/home/marcus/diffdrive_arduino/install/diffdrive_arduino/bin'
[5.852s] INFO:colcon.colcon_core.shell:Creating package script '/home/marcus/diffdrive_arduino/install/diffdrive_arduino/share/diffdrive_arduino/package.ps1'
[5.853s] INFO:colcon.colcon_core.shell:Creating package descriptor '/home/marcus/diffdrive_arduino/install/diffdrive_arduino/share/diffdrive_arduino/package.dsv'
[5.853s] INFO:colcon.colcon_core.shell:Creating package script '/home/marcus/diffdrive_arduino/install/diffdrive_arduino/share/diffdrive_arduino/package.sh'
[5.853s] INFO:colcon.colcon_core.shell:Creating package script '/home/marcus/diffdrive_arduino/install/diffdrive_arduino/share/diffdrive_arduino/package.bash'
[5.854s] INFO:colcon.colcon_core.shell:Creating package script '/home/marcus/diffdrive_arduino/install/diffdrive_arduino/share/diffdrive_arduino/package.zsh'
[5.854s] Level 1:colcon.colcon_core.environment:create_file_with_runtime_dependencies(/home/marcus/diffdrive_arduino/install/diffdrive_arduino/share/colcon-core/packages/diffdrive_arduino)
[5.878s] Level 1:colcon.colcon_core.environment:create_environment_scripts_only(diffdrive_arduino)
[5.887s] Level 1:colcon.colcon_core.environment:checking '/home/marcus/diffdrive_arduino/install/diffdrive_arduino' for CMake module files
[5.887s] Level 1:colcon.colcon_core.environment:checking '/home/marcus/diffdrive_arduino/install/diffdrive_arduino' for CMake config files
[5.887s] Level 1:colcon.colcon_core.shell:create_environment_hook('diffdrive_arduino', 'cmake_prefix_path')
[5.896s] INFO:colcon.colcon_core.shell:Creating environment hook '/home/marcus/diffdrive_arduino/install/diffdrive_arduino/share/diffdrive_arduino/hook/cmake_prefix_path.ps1'
[5.896s] INFO:colcon.colcon_core.shell:Creating environment descriptor '/home/marcus/diffdrive_arduino/install/diffdrive_arduino/share/diffdrive_arduino/hook/cmake_prefix_path.dsv'
[5.896s] INFO:colcon.colcon_core.shell:Creating environment hook '/home/marcus/diffdrive_arduino/install/diffdrive_arduino/share/diffdrive_arduino/hook/cmake_prefix_path.sh'
[5.897s] Level 1:colcon.colcon_core.environment:checking '/home/marcus/diffdrive_arduino/install/diffdrive_arduino/lib'
[5.897s] Level 1:colcon.colcon_core.shell:create_environment_hook('diffdrive_arduino', 'ld_library_path_lib')
[5.905s] INFO:colcon.colcon_core.shell:Creating environment hook '/home/marcus/diffdrive_arduino/install/diffdrive_arduino/share/diffdrive_arduino/hook/ld_library_path_lib.ps1'
[5.906s] INFO:colcon.colcon_core.shell:Creating environment descriptor '/home/marcus/diffdrive_arduino/install/diffdrive_arduino/share/diffdrive_arduino/hook/ld_library_path_lib.dsv'
[5.906s] INFO:colcon.colcon_core.shell:Creating environment hook '/home/marcus/diffdrive_arduino/install/diffdrive_arduino/share/diffdrive_arduino/hook/ld_library_path_lib.sh'
[5.906s] Level 1:colcon.colcon_core.environment:checking '/home/marcus/diffdrive_arduino/install/diffdrive_arduino/bin'
[5.906s] Level 1:colcon.colcon_core.environment:checking '/home/marcus/diffdrive_arduino/install/diffdrive_arduino/lib/pkgconfig/diffdrive_arduino.pc'
[5.907s] Level 1:colcon.colcon_core.environment:checking '/home/marcus/diffdrive_arduino/install/diffdrive_arduino/lib/python3.10/site-packages'
[5.907s] Level 1:colcon.colcon_core.environment:checking '/home/marcus/diffdrive_arduino/install/diffdrive_arduino/bin'
[5.915s] INFO:colcon.colcon_core.shell:Creating package script '/home/marcus/diffdrive_arduino/install/diffdrive_arduino/share/diffdrive_arduino/package.ps1'
[5.916s] INFO:colcon.colcon_core.shell:Creating package descriptor '/home/marcus/diffdrive_arduino/install/diffdrive_arduino/share/diffdrive_arduino/package.dsv'
[5.916s] INFO:colcon.colcon_core.shell:Creating package script '/home/marcus/diffdrive_arduino/install/diffdrive_arduino/share/diffdrive_arduino/package.sh'
[5.916s] INFO:colcon.colcon_core.shell:Creating package script '/home/marcus/diffdrive_arduino/install/diffdrive_arduino/share/diffdrive_arduino/package.bash'
[5.917s] INFO:colcon.colcon_core.shell:Creating package script '/home/marcus/diffdrive_arduino/install/diffdrive_arduino/share/diffdrive_arduino/package.zsh'
[5.917s] Level 1:colcon.colcon_core.environment:create_file_with_runtime_dependencies(/home/marcus/diffdrive_arduino/install/diffdrive_arduino/share/colcon-core/packages/diffdrive_arduino)
[5.917s] DEBUG:colcon.colcon_parallel_executor.executor.parallel:closing loop
[5.918s] DEBUG:colcon.colcon_parallel_executor.executor.parallel:loop closed
[5.918s] DEBUG:colcon.colcon_parallel_executor.executor.parallel:run_until_complete finished with '0'
[5.918s] DEBUG:colcon.colcon_core.event_reactor:joining thread
[5.957s] INFO:colcon.colcon_core.plugin_system:Skipping extension 'colcon_notification.desktop_notification.notify_send': Could not find 'notify-send'
[5.957s] INFO:colcon.colcon_core.plugin_system:Skipping extension 'colcon_notification.desktop_notification.terminal_notifier': Not used on non-Darwin systems
[5.957s] INFO:colcon.colcon_core.plugin_system:Skipping extension 'colcon_notification.desktop_notification.win32': Not used on non-Windows systems
[5.957s] INFO:colcon.colcon_notification.desktop_notification:Sending desktop notification using 'notify2'
[5.958s] DEBUG:colcon.colcon_notification.desktop_notification.notify2:Failed to initialize notify2: org.freedesktop.DBus.Error.FileNotFound: Failed to connect to socket /run/user/1000/bus: No such file or directory
[5.958s] DEBUG:colcon.colcon_core.event_reactor:joined thread
[5.967s] INFO:colcon.colcon_core.shell:Creating prefix script '/home/marcus/diffdrive_arduino/install/local_setup.ps1'
[5.967s] INFO:colcon.colcon_core.shell:Creating prefix util module '/home/marcus/diffdrive_arduino/install/_local_setup_util_ps1.py'
[5.968s] INFO:colcon.colcon_core.shell:Creating prefix chain script '/home/marcus/diffdrive_arduino/install/setup.ps1'
[5.978s] INFO:colcon.colcon_core.shell:Creating prefix script '/home/marcus/diffdrive_arduino/install/local_setup.sh'
[5.978s] INFO:colcon.colcon_core.shell:Creating prefix util module '/home/marcus/diffdrive_arduino/install/_local_setup_util_sh.py'
[5.978s] INFO:colcon.colcon_core.shell:Creating prefix chain script '/home/marcus/diffdrive_arduino/install/setup.sh'
[5.987s] INFO:colcon.colcon_core.shell:Creating prefix script '/home/marcus/diffdrive_arduino/install/local_setup.bash'
[5.988s] INFO:colcon.colcon_core.shell:Creating prefix chain script '/home/marcus/diffdrive_arduino/install/setup.bash'
[5.996s] INFO:colcon.colcon_core.shell:Creating prefix script '/home/marcus/diffdrive_arduino/install/local_setup.zsh'
[5.997s] INFO:colcon.colcon_core.shell:Creating prefix chain script '/home/marcus/diffdrive_arduino/install/setup.zsh'
