[0.051s] Invoking command in '/home/jayboi/serial_ws/build/arduino_communication': CMAKE_PREFIX_PATH=/opt/ros/humble /usr/bin/cmake --build /home/jayboi/serial_ws/build/arduino_communication -- -j8 -l8
[0.069s] -- Found ament_cmake: 1.3.7 (/opt/ros/humble/share/ament_cmake/cmake)
[0.234s] -- Found rclcpp: 16.0.8 (/opt/ros/humble/share/rclcpp/cmake)
[0.440s] -- Found rosidl_generator_c: 3.1.5 (/opt/ros/humble/share/rosidl_generator_c/cmake)
[0.445s] -- Found rosidl_adapter: 3.1.5 (/opt/ros/humble/share/rosidl_adapter/cmake)
[0.459s] -- Found rosidl_generator_cpp: 3.1.5 (/opt/ros/humble/share/rosidl_generator_cpp/cmake)
[0.482s] -- Using all available rosidl_typesupport_c: rosidl_typesupport_fastrtps_c;rosidl_typesupport_introspection_c
[0.510s] -- Using all available rosidl_typesupport_cpp: rosidl_typesupport_fastrtps_cpp;rosidl_typesupport_introspection_cpp
[0.610s] -- Found rmw_implementation_cmake: 6.1.1 (/opt/ros/humble/share/rmw_implementation_cmake/cmake)
[0.614s] -- Found rmw_fastrtps_cpp: 6.2.6 (/opt/ros/humble/share/rmw_fastrtps_cpp/cmake)
[4.525s] -- Using RMW implementation 'rmw_fastrtps_cpp' as default
[4.707s] -- Found ament_lint_auto: 0.12.10 (/opt/ros/humble/share/ament_lint_auto/cmake)
[4.787s] -- Added test 'cppcheck' to perform static code analysis on C / C++ code
[4.787s] -- Configured cppcheck include dirs: /home/jayboi/serial_ws/src/arduino_communication/third-party/include
[4.787s] -- Configured cppcheck exclude dirs and/or files: 
[4.788s] -- Added test 'lint_cmake' to check CMake code style
[4.790s] -- Added test 'uncrustify' to check C / C++ code style
[4.790s] -- Configured uncrustify additional arguments: 
[4.791s] -- Added test 'xmllint' to check XML markup files
[4.794s] -- Configuring done
[4.810s] -- Generating done
[4.812s] -- Build files have been written to: /home/jayboi/serial_ws/build/arduino_communication
[4.834s] [35m[1mConsolidate compiler generated dependencies of target serial[0m
[4.847s] [ 66%] Built target serial
[4.855s] [35m[1mConsolidate compiler generated dependencies of target arduino_communication[0m
[4.866s] [ 83%] [32mBuilding CXX object CMakeFiles/arduino_communication.dir/src/arduino_communication.cpp.o[0m
[5.020s] [01m[K/home/jayboi/serial_ws/src/arduino_communication/src/arduino_communication.cpp:8:10:[m[K [01;31m[Kfatal error: [m[Kstd_msgs/msg/string.hpp: No such file or directory
[5.020s]     8 | #include [01;31m[K"std_msgs/msg/string.hpp"[m[K
[5.020s]       |          [01;31m[K^~~~~~~~~~~~~~~~~~~~~~~~~[m[K
[5.020s] compilation terminated.
[5.022s] gmake[2]: *** [CMakeFiles/arduino_communication.dir/build.make:76: CMakeFiles/arduino_communication.dir/src/arduino_communication.cpp.o] Error 1
[5.023s] gmake[1]: *** [CMakeFiles/Makefile2:165: CMakeFiles/arduino_communication.dir/all] Error 2
[5.023s] gmake: *** [Makefile:146: all] Error 2
[5.024s] Invoked command in '/home/jayboi/serial_ws/build/arduino_communication' returned '2': CMAKE_PREFIX_PATH=/opt/ros/humble /usr/bin/cmake --build /home/jayboi/serial_ws/build/arduino_communication -- -j8 -l8
