-- Found ament_cmake: 1.3.7 (/opt/ros/humble/share/ament_cmake/cmake)
-- Found rclcpp: 16.0.8 (/opt/ros/humble/share/rclcpp/cmake)
-- Found rosidl_generator_c: 3.1.5 (/opt/ros/humble/share/rosidl_generator_c/cmake)
-- Found rosidl_adapter: 3.1.5 (/opt/ros/humble/share/rosidl_adapter/cmake)
-- Found rosidl_generator_cpp: 3.1.5 (/opt/ros/humble/share/rosidl_generator_cpp/cmake)
-- Using all available rosidl_typesupport_c: rosidl_typesupport_fastrtps_c;rosidl_typesupport_introspection_c
-- Using all available rosidl_typesupport_cpp: rosidl_typesupport_fastrtps_cpp;rosidl_typesupport_introspection_cpp
-- Found rmw_implementation_cmake: 6.1.1 (/opt/ros/humble/share/rmw_implementation_cmake/cmake)
-- Found rmw_fastrtps_cpp: 6.2.6 (/opt/ros/humble/share/rmw_fastrtps_cpp/cmake)
-- Using RMW implementation 'rmw_fastrtps_cpp' as default
-- Found ament_lint_auto: 0.12.10 (/opt/ros/humble/share/ament_lint_auto/cmake)
-- Added test 'copyright' to check source files copyright and LICENSE
-- Added test 'cppcheck' to perform static code analysis on C / C++ code
-- Configured cppcheck include dirs: /home/jayboi/serial_ws/src/arduino_communication/include;/home/jayboi/serial_ws/src/arduino_communication/third-party/include
-- Configured cppcheck exclude dirs and/or files: 
-- Added test 'cpplint' to check C / C++ code against the Google style
-- Configured cpplint exclude dirs and/or files: 
-- Added test 'lint_cmake' to check CMake code style
-- Added test 'uncrustify' to check C / C++ code style
-- Configured uncrustify additional arguments: 
-- Added test 'xmllint' to check XML markup files
-- Configuring done
-- Generating done
-- Build files have been written to: /home/jayboi/serial_ws/build/arduino_communication
[35m[1mConsolidate compiler generated dependencies of target serial[0m
[ 16%] [32mBuilding CXX object CMakeFiles/serial.dir/third-party/src/impl/unix.cc.o[0m
[ 33%] [32mBuilding CXX object CMakeFiles/serial.dir/third-party/src/serial.cc.o[0m
[ 50%] [32mBuilding CXX object CMakeFiles/serial.dir/third-party/src/impl/list_ports/list_ports_linux.cc.o[0m
[ 66%] [32m[1mLinking CXX static library libserial.a[0m
[ 66%] Built target serial
[35m[1mConsolidate compiler generated dependencies of target arduino_communication[0m
[ 83%] [32mBuilding CXX object CMakeFiles/arduino_communication.dir/src/arduino_communication.cpp.o[0m
[100%] [32m[1mLinking CXX executable arduino_communication[0m
[100%] Built target arduino_communication
-- Install configuration: ""
-- Installing: /home/jayboi/serial_ws/install/arduino_communication/lib/arduino_communication/arduino_communication
-- Set runtime path of "/home/jayboi/serial_ws/install/arduino_communication/lib/arduino_communication/arduino_communication" to ""
-- Up-to-date: /home/jayboi/serial_ws/install/arduino_communication/share/ament_index/resource_index/package_run_dependencies/arduino_communication
-- Up-to-date: /home/jayboi/serial_ws/install/arduino_communication/share/ament_index/resource_index/parent_prefix_path/arduino_communication
-- Up-to-date: /home/jayboi/serial_ws/install/arduino_communication/share/arduino_communication/environment/ament_prefix_path.sh
-- Installing: /home/jayboi/serial_ws/install/arduino_communication/share/arduino_communication/environment/ament_prefix_path.dsv
-- Up-to-date: /home/jayboi/serial_ws/install/arduino_communication/share/arduino_communication/environment/path.sh
-- Installing: /home/jayboi/serial_ws/install/arduino_communication/share/arduino_communication/environment/path.dsv
-- Up-to-date: /home/jayboi/serial_ws/install/arduino_communication/share/arduino_communication/local_setup.bash
-- Up-to-date: /home/jayboi/serial_ws/install/arduino_communication/share/arduino_communication/local_setup.sh
-- Up-to-date: /home/jayboi/serial_ws/install/arduino_communication/share/arduino_communication/local_setup.zsh
-- Installing: /home/jayboi/serial_ws/install/arduino_communication/share/arduino_communication/local_setup.dsv
-- Installing: /home/jayboi/serial_ws/install/arduino_communication/share/arduino_communication/package.dsv
-- Up-to-date: /home/jayboi/serial_ws/install/arduino_communication/share/ament_index/resource_index/packages/arduino_communication
-- Up-to-date: /home/jayboi/serial_ws/install/arduino_communication/share/arduino_communication/cmake/ament_cmake_export_include_directories-extras.cmake
-- Up-to-date: /home/jayboi/serial_ws/install/arduino_communication/share/arduino_communication/cmake/ament_cmake_export_dependencies-extras.cmake
-- Up-to-date: /home/jayboi/serial_ws/install/arduino_communication/share/arduino_communication/cmake/arduino_communicationConfig.cmake
-- Up-to-date: /home/jayboi/serial_ws/install/arduino_communication/share/arduino_communication/cmake/arduino_communicationConfig-version.cmake
-- Installing: /home/jayboi/serial_ws/install/arduino_communication/share/arduino_communication/package.xml
