[0.042s] Invoking command in '/home/marcus/diffdrive_arduino/build/diffdrive_arduino': CMAKE_PREFIX_PATH=${CMAKE_PREFIX_PATH}:/opt/ros/humble /usr/bin/cmake --build /home/marcus/diffdrive_arduino/build/diffdrive_arduino -- -j16 -l16
[0.069s] [ 50%] [32mBuilding CXX object CMakeFiles/diffdrive_arduino.dir/hardware/diffbot_system.cpp.o[0m
[0.080s] [100%] [32m[1mLinking CXX shared library libdiffdrive_arduino.so[0m
[0.162s] [100%] Built target diffdrive_arduino
[0.168s] Invoked command in '/home/marcus/diffdrive_arduino/build/diffdrive_arduino' returned '0': CMAKE_PREFIX_PATH=${CMAKE_PREFIX_PATH}:/opt/ros/humble /usr/bin/cmake --build /home/marcus/diffdrive_arduino/build/diffdrive_arduino -- -j16 -l16
[0.186s] Invoking command in '/home/marcus/diffdrive_arduino/build/diffdrive_arduino': CMAKE_PREFIX_PATH=${CMAKE_PREFIX_PATH}:/opt/ros/humble /usr/bin/cmake --install /home/marcus/diffdrive_arduino/build/diffdrive_arduino
[0.190s] -- Install configuration: ""
[0.190s] -- Execute custom install script
[0.190s] -- Up-to-date symlink: /home/marcus/diffdrive_arduino/install/diffdrive_arduino/share/diffdrive_arduino//diffdrive_arduino.xml
[0.190s] -- Up-to-date symlink: /home/marcus/diffdrive_arduino/install/diffdrive_arduino/include/diffdrive_arduino/diffdrive_arduino/arduino_comms.hpp
[0.190s] -- Up-to-date symlink: /home/marcus/diffdrive_arduino/install/diffdrive_arduino/include/diffdrive_arduino/diffdrive_arduino/diffbot_system.hpp
[0.191s] -- Up-to-date symlink: /home/marcus/diffdrive_arduino/install/diffdrive_arduino/include/diffdrive_arduino/diffdrive_arduino/visibility_control.h
[0.191s] -- Up-to-date symlink: /home/marcus/diffdrive_arduino/install/diffdrive_arduino/include/diffdrive_arduino/diffdrive_arduino/wheel.hpp
[0.191s] -- Up-to-date symlink: /home/marcus/diffdrive_arduino/install/diffdrive_arduino/share/diffdrive_arduino/launch/view_robot.launch.py
[0.191s] -- Up-to-date symlink: /home/marcus/diffdrive_arduino/install/diffdrive_arduino/share/diffdrive_arduino/ros2_control/diffbot.ros2_control.xacro
[0.192s] -- Up-to-date symlink: /home/marcus/diffdrive_arduino/install/diffdrive_arduino/share/diffdrive_arduino/urdf/diffbot.materials.xacro
[0.192s] -- Up-to-date symlink: /home/marcus/diffdrive_arduino/install/diffdrive_arduino/share/diffdrive_arduino/urdf/diffbot.urdf.xacro
[0.192s] -- Up-to-date symlink: /home/marcus/diffdrive_arduino/install/diffdrive_arduino/share/diffdrive_arduino/urdf/diffbot_description.urdf.xacro
[0.192s] -- Up-to-date symlink: /home/marcus/diffdrive_arduino/install/diffdrive_arduino/share/diffdrive_arduino/rviz/diffbot.rviz
[0.192s] -- Up-to-date symlink: /home/marcus/diffdrive_arduino/install/diffdrive_arduino/share/diffdrive_arduino/rviz/diffbot_view.rviz
[0.193s] -- Up-to-date symlink: /home/marcus/diffdrive_arduino/install/diffdrive_arduino/share/diffdrive_arduino/launch/diffbot.launch.py
[0.193s] -- Up-to-date symlink: /home/marcus/diffdrive_arduino/install/diffdrive_arduino/share/diffdrive_arduino/config/diffbot_controllers.yaml
[0.193s] -- Up-to-date symlink: /home/marcus/diffdrive_arduino/install/diffdrive_arduino/share/diffdrive_arduino/environment/library_path.sh
[0.193s] -- Up-to-date symlink: /home/marcus/diffdrive_arduino/install/diffdrive_arduino/share/diffdrive_arduino/environment/library_path.dsv
[0.193s] -- Up-to-date symlink: /home/marcus/diffdrive_arduino/install/diffdrive_arduino/share/ament_index/resource_index/package_run_dependencies/diffdrive_arduino
[0.194s] -- Up-to-date symlink: /home/marcus/diffdrive_arduino/install/diffdrive_arduino/share/ament_index/resource_index/parent_prefix_path/diffdrive_arduino
[0.194s] -- Up-to-date symlink: /home/marcus/diffdrive_arduino/install/diffdrive_arduino/share/diffdrive_arduino/environment/ament_prefix_path.sh
[0.194s] -- Up-to-date symlink: /home/marcus/diffdrive_arduino/install/diffdrive_arduino/share/diffdrive_arduino/environment/ament_prefix_path.dsv
[0.194s] -- Up-to-date symlink: /home/marcus/diffdrive_arduino/install/diffdrive_arduino/share/diffdrive_arduino/environment/path.sh
[0.194s] -- Up-to-date symlink: /home/marcus/diffdrive_arduino/install/diffdrive_arduino/share/diffdrive_arduino/environment/path.dsv
[0.194s] -- Up-to-date symlink: /home/marcus/diffdrive_arduino/install/diffdrive_arduino/share/diffdrive_arduino/local_setup.bash
[0.194s] -- Up-to-date symlink: /home/marcus/diffdrive_arduino/install/diffdrive_arduino/share/diffdrive_arduino/local_setup.sh
[0.194s] -- Up-to-date symlink: /home/marcus/diffdrive_arduino/install/diffdrive_arduino/share/diffdrive_arduino/local_setup.zsh
[0.194s] -- Up-to-date symlink: /home/marcus/diffdrive_arduino/install/diffdrive_arduino/share/diffdrive_arduino/local_setup.dsv
[0.194s] -- Symlinking: /home/marcus/diffdrive_arduino/install/diffdrive_arduino/share/diffdrive_arduino/package.dsv
[0.200s] -- Up-to-date symlink: /home/marcus/diffdrive_arduino/install/diffdrive_arduino/share/ament_index/resource_index/packages/diffdrive_arduino
[0.200s] -- Up-to-date symlink: /home/marcus/diffdrive_arduino/install/diffdrive_arduino/share/ament_index/resource_index/hardware_interface__pluginlib__plugin/diffdrive_arduino
[0.200s] -- Up-to-date symlink: /home/marcus/diffdrive_arduino/install/diffdrive_arduino/share/diffdrive_arduino/cmake/ament_cmake_export_targets-extras.cmake
[0.201s] -- Up-to-date symlink: /home/marcus/diffdrive_arduino/install/diffdrive_arduino/share/diffdrive_arduino/cmake/ament_cmake_export_dependencies-extras.cmake
[0.201s] -- Up-to-date symlink: /home/marcus/diffdrive_arduino/install/diffdrive_arduino/share/diffdrive_arduino/cmake/diffdrive_arduinoConfig.cmake
[0.201s] -- Up-to-date symlink: /home/marcus/diffdrive_arduino/install/diffdrive_arduino/share/diffdrive_arduino/cmake/diffdrive_arduinoConfig-version.cmake
[0.201s] -- Up-to-date symlink: /home/marcus/diffdrive_arduino/install/diffdrive_arduino/share/diffdrive_arduino/package.xml
[0.201s] -- Installing: /home/marcus/diffdrive_arduino/install/diffdrive_arduino/lib/libdiffdrive_arduino.so
[0.201s] -- Set runtime path of "/home/marcus/diffdrive_arduino/install/diffdrive_arduino/lib/libdiffdrive_arduino.so" to ""
[0.201s] -- Up-to-date: /home/marcus/diffdrive_arduino/install/diffdrive_arduino/share/diffdrive_arduino/cmake/export_diffdrive_arduinoExport.cmake
[0.201s] -- Up-to-date: /home/marcus/diffdrive_arduino/install/diffdrive_arduino/share/diffdrive_arduino/cmake/export_diffdrive_arduinoExport-noconfig.cmake
[0.203s] Invoked command in '/home/marcus/diffdrive_arduino/build/diffdrive_arduino' returned '0': CMAKE_PREFIX_PATH=${CMAKE_PREFIX_PATH}:/opt/ros/humble /usr/bin/cmake --install /home/marcus/diffdrive_arduino/build/diffdrive_arduino
