[0.051s] Invoking command in '/home/jayboi/serial_ws/build/arduino_communication': /usr/bin/cmake /home/jayboi/serial_ws/src/arduino_communication -DCMAKE_INSTALL_PREFIX=/home/jayboi/serial_ws/install/arduino_communication
[0.059s] -- Found ament_cmake: 1.3.7 (/opt/ros/humble/share/ament_cmake/cmake)
[0.191s] -- Found rclcpp: 16.0.8 (/opt/ros/humble/share/rclcpp/cmake)
[0.372s] -- Found rosidl_generator_c: 3.1.5 (/opt/ros/humble/share/rosidl_generator_c/cmake)
[0.375s] -- Found rosidl_adapter: 3.1.5 (/opt/ros/humble/share/rosidl_adapter/cmake)
[0.381s] -- Found rosidl_generator_cpp: 3.1.5 (/opt/ros/humble/share/rosidl_generator_cpp/cmake)
[0.394s] -- Using all available rosidl_typesupport_c: rosidl_typesupport_fastrtps_c;rosidl_typesupport_introspection_c
[0.409s] -- Using all available rosidl_typesupport_cpp: rosidl_typesupport_fastrtps_cpp;rosidl_typesupport_introspection_cpp
[0.525s] -- Found rmw_implementation_cmake: 6.1.1 (/opt/ros/humble/share/rmw_implementation_cmake/cmake)
[0.526s] -- Found rmw_fastrtps_cpp: 6.2.6 (/opt/ros/humble/share/rmw_fastrtps_cpp/cmake)
[5.489s] -- Using RMW implementation 'rmw_fastrtps_cpp' as default
[6.670s] [31mCMake Error at CMakeLists.txt:12 (find_package):
[6.671s]   By not providing "Findserial.cmake" in CMAKE_MODULE_PATH this project has
[6.671s]   asked CMake to find a package configuration file provided by "serial", but
[6.671s]   CMake did not find one.
[6.671s] 
[6.671s]   Could not find a package configuration file provided by "serial" with any
[6.671s]   of the following names:
[6.671s] 
[6.671s]     serialConfig.cmake
[6.671s]     serial-config.cmake
[6.671s] 
[6.671s]   Add the installation prefix of "serial" to CMAKE_PREFIX_PATH or set
[6.671s]   "serial_DIR" to a directory containing one of the above files.  If "serial"
[6.671s]   provides a separate development package or SDK, be sure it has been
[6.671s]   installed.
[6.672s] 
[6.672s] [0m
[6.672s] -- Configuring incomplete, errors occurred!
[6.672s] See also "/home/jayboi/serial_ws/build/arduino_communication/CMakeFiles/CMakeOutput.log".
[6.676s] Invoked command in '/home/jayboi/serial_ws/build/arduino_communication' returned '1': /usr/bin/cmake /home/jayboi/serial_ws/src/arduino_communication -DCMAKE_INSTALL_PREFIX=/home/jayboi/serial_ws/install/arduino_communication
