[0.021s] Invoking command in '/home/jayboi/serial_ws/build/arduino_communication': /usr/bin/cmake --build /home/jayboi/serial_ws/build/arduino_communication -- -j8 -l8
[0.055s] [ 66%] Built target serial
[0.066s] [35m[1mConsolidate compiler generated dependencies of target arduino_communication[0m
[0.078s] [ 83%] [32mBuilding CXX object CMakeFiles/arduino_communication.dir/src/arduino_communication.cpp.o[0m
[2.311s] [01m[K/home/jayboi/serial_ws/src/arduino_communication/src/arduino_communication.cpp:[m[K In member function ‘[01m[Kvoid MinimalSubscriber::topic_callback(const String&) const[m[K’:
[2.311s] [01m[K/home/jayboi/serial_ws/src/arduino_communication/src/arduino_communication.cpp:24:55:[m[K [01;35m[Kwarning: [m[Kunused parameter ‘[01m[Kmsg[m[K’ [[01;35m[K]8;;https://gcc.gnu.org/onlinedocs/gcc/Warning-Options.html#index-Wunused-parameter-Wunused-parameter]8;;[m[K]
[2.311s]    24 |     void topic_callback([01;35m[Kconst std_msgs::msg::String & msg[m[K) const
[2.312s]       |                         [01;35m[K~~~~~~~~~~~~~~~~~~~~~~~~~~~~~~^~~[m[K
[2.317s] [01m[K/home/jayboi/serial_ws/src/arduino_communication/src/arduino_communication.cpp:[m[K In function ‘[01m[Kint movebih()[m[K’:
[2.317s] [01m[K/home/jayboi/serial_ws/src/arduino_communication/src/arduino_communication.cpp:83:1:[m[K [01;35m[Kwarning: [m[Kno return statement in function returning non-void [[01;35m[K]8;;https://gcc.gnu.org/onlinedocs/gcc/Warning-Options.html#index-Wreturn-type-Wreturn-type]8;;[m[K]
[2.317s]    83 | [01;35m[K}[m[K
[2.317s]       | [01;35m[K^[m[K
[7.942s] [100%] [32m[1mLinking CXX executable arduino_communication[0m
[8.379s] [100%] Built target arduino_communication
[8.389s] Invoked command in '/home/jayboi/serial_ws/build/arduino_communication' returned '0': /usr/bin/cmake --build /home/jayboi/serial_ws/build/arduino_communication -- -j8 -l8
[8.417s] Invoking command in '/home/jayboi/serial_ws/build/arduino_communication': /usr/bin/cmake --install /home/jayboi/serial_ws/build/arduino_communication
[8.422s] -- Install configuration: ""
[8.423s] -- Installing: /home/jayboi/serial_ws/install/arduino_communication/lib/arduino_communication/arduino_communication
[8.425s] -- Set runtime path of "/home/jayboi/serial_ws/install/arduino_communication/lib/arduino_communication/arduino_communication" to ""
[8.425s] -- Up-to-date: /home/jayboi/serial_ws/install/arduino_communication/share/ament_index/resource_index/package_run_dependencies/arduino_communication
[8.425s] -- Up-to-date: /home/jayboi/serial_ws/install/arduino_communication/share/ament_index/resource_index/parent_prefix_path/arduino_communication
[8.425s] -- Up-to-date: /home/jayboi/serial_ws/install/arduino_communication/share/arduino_communication/environment/ament_prefix_path.sh
[8.425s] -- Up-to-date: /home/jayboi/serial_ws/install/arduino_communication/share/arduino_communication/environment/ament_prefix_path.dsv
[8.425s] -- Up-to-date: /home/jayboi/serial_ws/install/arduino_communication/share/arduino_communication/environment/path.sh
[8.425s] -- Up-to-date: /home/jayboi/serial_ws/install/arduino_communication/share/arduino_communication/environment/path.dsv
[8.426s] -- Up-to-date: /home/jayboi/serial_ws/install/arduino_communication/share/arduino_communication/local_setup.bash
[8.426s] -- Up-to-date: /home/jayboi/serial_ws/install/arduino_communication/share/arduino_communication/local_setup.sh
[8.426s] -- Up-to-date: /home/jayboi/serial_ws/install/arduino_communication/share/arduino_communication/local_setup.zsh
[8.426s] -- Up-to-date: /home/jayboi/serial_ws/install/arduino_communication/share/arduino_communication/local_setup.dsv
[8.426s] -- Installing: /home/jayboi/serial_ws/install/arduino_communication/share/arduino_communication/package.dsv
[8.426s] -- Up-to-date: /home/jayboi/serial_ws/install/arduino_communication/share/ament_index/resource_index/packages/arduino_communication
[8.427s] -- Up-to-date: /home/jayboi/serial_ws/install/arduino_communication/share/arduino_communication/cmake/ament_cmake_export_include_directories-extras.cmake
[8.427s] -- Up-to-date: /home/jayboi/serial_ws/install/arduino_communication/share/arduino_communication/cmake/ament_cmake_export_dependencies-extras.cmake
[8.427s] -- Up-to-date: /home/jayboi/serial_ws/install/arduino_communication/share/arduino_communication/cmake/arduino_communicationConfig.cmake
[8.428s] -- Up-to-date: /home/jayboi/serial_ws/install/arduino_communication/share/arduino_communication/cmake/arduino_communicationConfig-version.cmake
[8.428s] -- Up-to-date: /home/jayboi/serial_ws/install/arduino_communication/share/arduino_communication/package.xml
[8.429s] Invoked command in '/home/jayboi/serial_ws/build/arduino_communication' returned '0': /usr/bin/cmake --install /home/jayboi/serial_ws/build/arduino_communication
