[0.089s] Invoking command in '/home/jayboi/serial_ws/build/arduino_communication': CMAKE_PREFIX_PATH=/opt/ros/humble /usr/bin/cmake --build /home/jayboi/serial_ws/build/arduino_communication -- -j8 -l8
[0.112s] -- Found ament_cmake: 1.3.7 (/opt/ros/humble/share/ament_cmake/cmake)
[0.367s] -- Found rclcpp: 16.0.8 (/opt/ros/humble/share/rclcpp/cmake)
[0.592s] -- Found rosidl_generator_c: 3.1.5 (/opt/ros/humble/share/rosidl_generator_c/cmake)
[0.595s] -- Found rosidl_adapter: 3.1.5 (/opt/ros/humble/share/rosidl_adapter/cmake)
[0.602s] -- Found rosidl_generator_cpp: 3.1.5 (/opt/ros/humble/share/rosidl_generator_cpp/cmake)
[0.616s] -- Using all available rosidl_typesupport_c: rosidl_typesupport_fastrtps_c;rosidl_typesupport_introspection_c
[0.636s] -- Using all available rosidl_typesupport_cpp: rosidl_typesupport_fastrtps_cpp;rosidl_typesupport_introspection_cpp
[0.702s] -- Found rmw_implementation_cmake: 6.1.1 (/opt/ros/humble/share/rmw_implementation_cmake/cmake)
[0.703s] -- Found rmw_fastrtps_cpp: 6.2.6 (/opt/ros/humble/share/rmw_fastrtps_cpp/cmake)
[21.051s] -- Using RMW implementation 'rmw_fastrtps_cpp' as default
[25.707s] [31mCMake Error at CMakeLists.txt:21 (find_package):
[25.708s]   By not providing "Findserial.cmake" in CMAKE_MODULE_PATH this project has
[25.709s]   asked CMake to find a package configuration file provided by "serial", but
[25.710s]   CMake did not find one.
[25.711s] 
[25.711s]   Could not find a package configuration file provided by "serial" with any
[25.712s]   of the following names:
[25.712s] 
[25.712s]     serialConfig.cmake
[25.712s]     serial-config.cmake
[25.713s] 
[25.713s]   Add the installation prefix of "serial" to CMAKE_PREFIX_PATH or set
[25.713s]   "serial_DIR" to a directory containing one of the above files.  If "serial"
[25.714s]   provides a separate development package or SDK, be sure it has been
[25.714s]   installed.
[25.714s] 
[25.714s] [0m
[25.715s] -- Configuring incomplete, errors occurred!
[25.715s] See also "/home/jayboi/serial_ws/build/arduino_communication/CMakeFiles/CMakeOutput.log".
[25.732s] gmake: *** [Makefile:362: cmake_check_build_system] Error 1
[25.743s] Invoked command in '/home/jayboi/serial_ws/build/arduino_communication' returned '2': CMAKE_PREFIX_PATH=/opt/ros/humble /usr/bin/cmake --build /home/jayboi/serial_ws/build/arduino_communication -- -j8 -l8
