[0.057s] Invoking command in '/home/jayboi/serial_ws/build/arduino_communication': CMAKE_PREFIX_PATH=/opt/ros/humble /usr/bin/cmake --build /home/jayboi/serial_ws/build/arduino_communication -- -j8 -l8
[0.074s] -- Found ament_cmake: 1.3.7 (/opt/ros/humble/share/ament_cmake/cmake)
[0.220s] -- Found rclcpp: 16.0.8 (/opt/ros/humble/share/rclcpp/cmake)
[0.382s] -- Found rosidl_generator_c: 3.1.5 (/opt/ros/humble/share/rosidl_generator_c/cmake)
[0.384s] -- Found rosidl_adapter: 3.1.5 (/opt/ros/humble/share/rosidl_adapter/cmake)
[0.390s] -- Found rosidl_generator_cpp: 3.1.5 (/opt/ros/humble/share/rosidl_generator_cpp/cmake)
[0.400s] -- Using all available rosidl_typesupport_c: rosidl_typesupport_fastrtps_c;rosidl_typesupport_introspection_c
[0.422s] -- Using all available rosidl_typesupport_cpp: rosidl_typesupport_fastrtps_cpp;rosidl_typesupport_introspection_cpp
[0.492s] -- Found rmw_implementation_cmake: 6.1.1 (/opt/ros/humble/share/rmw_implementation_cmake/cmake)
[0.495s] -- Found rmw_fastrtps_cpp: 6.2.6 (/opt/ros/humble/share/rmw_fastrtps_cpp/cmake)
[5.008s] -- Using RMW implementation 'rmw_fastrtps_cpp' as default
[5.157s] -- Found ament_lint_auto: 0.12.10 (/opt/ros/humble/share/ament_lint_auto/cmake)
[5.216s] -- Added test 'cppcheck' to perform static code analysis on C / C++ code
[5.216s] -- Configured cppcheck include dirs: /home/jayboi/serial_ws/src/arduino_communication/third-party/include
[5.216s] -- Configured cppcheck exclude dirs and/or files: 
[5.216s] -- Added test 'lint_cmake' to check CMake code style
[5.217s] -- Added test 'uncrustify' to check C / C++ code style
[5.217s] -- Configured uncrustify additional arguments: 
[5.218s] -- Added test 'xmllint' to check XML markup files
[5.219s] -- Configuring done
[5.220s] [31mCMake Error at CMakeLists.txt:14 (add_library):
[5.221s]   Cannot find source file:
[5.221s] 
[5.221s]     third-party/src/serial.cc
[5.221s] 
[5.221s]   Tried extensions .c .C .c++ .cc .cpp .cxx .cu .mpp .m .M .mm .ixx .cppm .h
[5.221s]   .hh .h++ .hm .hpp .hxx .in .txx .f .F .for .f77 .f90 .f95 .f03 .hip .ispc
[5.221s] 
[5.221s] [0m
[5.221s] [31mCMake Error at CMakeLists.txt:14 (add_library):
[5.221s]   No SOURCES given to target: serial
[5.221s] 
[5.222s] [0m
[5.222s] [0mCMake Generate step failed.  Build files cannot be regenerated correctly.[0m
[5.226s] gmake: *** [Makefile:362: cmake_check_build_system] Error 1
[5.229s] Invoked command in '/home/jayboi/serial_ws/build/arduino_communication' returned '2': CMAKE_PREFIX_PATH=/opt/ros/humble /usr/bin/cmake --build /home/jayboi/serial_ws/build/arduino_communication -- -j8 -l8
